Using pre-set license
Built from '2021.3/staging' branch; Version is '2021.3.6f1 (7da38d85baf6) revision 8233869'; Using compiler version '192829333'; Build Type 'Release'
OS: 'Windows 10  (10.0.19044) 64bit CoreSingleLanguage' Language: 'en' Physical Memory: 7893 MB
BatchMode: 1, IsHumanControllingUs: 0, StartBugReporterOnCrash: 0, Is64bit: 1, IsPro: 1

COMMAND LINE ARGUMENTS:
D:\workssss\game design\GD4\2021.3.6f1\Editor\Unity.exe
-adb2
-batchMode
-noUpm
-name
AssetImportWorker4
-projectPath
D:/workssss/THESIS/Donegeon/Donegeon
-logFile
Logs/AssetImportWorker4.log
-srvPort
56403
Successfully changed project path to: D:/workssss/THESIS/Donegeon/Donegeon
D:/workssss/THESIS/Donegeon/Donegeon
[UnityMemory] Configuration Parameters - Can be set up in boot.config
    "memorysetup-bucket-allocator-granularity=16"
    "memorysetup-bucket-allocator-bucket-count=8"
    "memorysetup-bucket-allocator-block-size=33554432"
    "memorysetup-bucket-allocator-block-count=8"
    "memorysetup-main-allocator-block-size=16777216"
    "memorysetup-thread-allocator-block-size=16777216"
    "memorysetup-gfx-main-allocator-block-size=16777216"
    "memorysetup-gfx-thread-allocator-block-size=16777216"
    "memorysetup-cache-allocator-block-size=4194304"
    "memorysetup-typetree-allocator-block-size=2097152"
    "memorysetup-profiler-bucket-allocator-granularity=16"
    "memorysetup-profiler-bucket-allocator-bucket-count=8"
    "memorysetup-profiler-bucket-allocator-block-size=33554432"
    "memorysetup-profiler-bucket-allocator-block-count=8"
    "memorysetup-profiler-allocator-block-size=16777216"
    "memorysetup-profiler-editor-allocator-block-size=1048576"
    "memorysetup-temp-allocator-size-main=16777216"
    "memorysetup-job-temp-allocator-block-size=2097152"
    "memorysetup-job-temp-allocator-block-size-background=1048576"
    "memorysetup-job-temp-allocator-reduction-small-platforms=262144"
    "memorysetup-temp-allocator-size-background-worker=32768"
    "memorysetup-temp-allocator-size-job-worker=262144"
    "memorysetup-temp-allocator-size-preload-manager=33554432"
    "memorysetup-temp-allocator-size-nav-mesh-worker=65536"
    "memorysetup-temp-allocator-size-audio-worker=65536"
    "memorysetup-temp-allocator-size-cloud-worker=32768"
    "memorysetup-temp-allocator-size-gi-baking-worker=262144"
    "memorysetup-temp-allocator-size-gfx=262144"
Refreshing native plugins compatible for Editor in 97.07 ms, found 3 plugins.
Preloading 0 native plugins for Editor in 0.00 ms.
Initialize engine version: 2021.3.6f1 (7da38d85baf6)
[Subsystems] Discovering subsystems at path D:/workssss/game design/GD4/2021.3.6f1/Editor/Data/Resources/UnitySubsystems
[Subsystems] Discovering subsystems at path D:/workssss/THESIS/Donegeon/Donegeon/Assets
GfxDevice: creating device client; threaded=0; jobified=0
Direct3D:
    Version:  Direct3D 11.0 [level 11.1]
    Renderer: NVIDIA GeForce RTX 3050 Laptop GPU (ID=0x25a5)
    Vendor:   NVIDIA
    VRAM:     3991 MB
    Driver:   27.21.14.6221
Initialize mono
Mono path[0] = 'D:/workssss/game design/GD4/2021.3.6f1/Editor/Data/Managed'
Mono path[1] = 'D:/workssss/game design/GD4/2021.3.6f1/Editor/Data/MonoBleedingEdge/lib/mono/unityjit-win32'
Mono config path = 'D:/workssss/game design/GD4/2021.3.6f1/Editor/Data/MonoBleedingEdge/etc'
Using monoOptions --debugger-agent=transport=dt_socket,embedding=1,server=y,suspend=n,address=127.0.0.1:56756
Begin MonoManager ReloadAssembly
Registering precompiled unity dll's ...
Register platform support module: D:/workssss/game design/GD4/2021.3.6f1/Editor/Data/PlaybackEngines/WebGLSupport/UnityEditor.WebGL.Extensions.dll
Register platform support module: D:/workssss/game design/GD4/2021.3.6f1/Editor/Data/PlaybackEngines/WindowsStandaloneSupport/UnityEditor.WindowsStandalone.Extensions.dll
Registered in 0.003298 seconds.
Native extension for WindowsStandalone target not found
Native extension for WebGL target not found
Refreshing native plugins compatible for Editor in 89.57 ms, found 3 plugins.
Preloading 0 native plugins for Editor in 0.00 ms.
Mono: successfully reloaded assembly
- Completed reload, in  0.599 seconds
Domain Reload Profiling:
	ReloadAssembly (600ms)
		BeginReloadAssembly (69ms)
			ExecutionOrderSort (0ms)
			DisableScriptedObjects (0ms)
			BackupInstance (0ms)
			ReleaseScriptingObjects (0ms)
			CreateAndSetChildDomain (1ms)
		EndReloadAssembly (443ms)
			LoadAssemblies (68ms)
			RebuildTransferFunctionScriptingTraits (0ms)
			SetupTypeCache (106ms)
			ReleaseScriptCaches (0ms)
			RebuildScriptCaches (22ms)
			SetupLoadedEditorAssemblies (276ms)
				LogAssemblyErrors (0ms)
				InitializePlatformSupportModulesInManaged (6ms)
				SetLoadedEditorAssemblies (0ms)
				RefreshPlugins (139ms)
				BeforeProcessingInitializeOnLoad (1ms)
				ProcessInitializeOnLoadAttributes (93ms)
				ProcessInitializeOnLoadMethodAttributes (37ms)
				AfterProcessingInitializeOnLoad (0ms)
				EditorAssembliesLoaded (0ms)
			ExecutionOrderSort2 (0ms)
			AwakeInstancesAfterBackupRestoration (0ms)
Platform modules already initialized, skipping
Registering precompiled user dll's ...
Registered in 0.034049 seconds.
Begin MonoManager ReloadAssembly
Symbol file LoadedFromMemory doesn't match image D:\workssss\THESIS\Donegeon\Donegeon\Library\PackageCache\com.unity.visualscripting@1.7.8\Editor\VisualScripting.Core\Dependencies\YamlDotNet\Unity.VisualScripting.YamlDotNet.dll
Symbol file LoadedFromMemory doesn't match image D:\workssss\THESIS\Donegeon\Donegeon\Library\PackageCache\com.unity.visualscripting@1.7.8\Editor\VisualScripting.Core\Dependencies\DotNetZip\Unity.VisualScripting.IonicZip.dll
Native extension for WindowsStandalone target not found
Native extension for WebGL target not found
Refreshing native plugins compatible for Editor in 92.79 ms, found 3 plugins.
Preloading 0 native plugins for Editor in 0.00 ms.
Mono: successfully reloaded assembly
- Completed reload, in  3.775 seconds
Domain Reload Profiling:
	ReloadAssembly (3776ms)
		BeginReloadAssembly (99ms)
			ExecutionOrderSort (0ms)
			DisableScriptedObjects (4ms)
			BackupInstance (0ms)
			ReleaseScriptingObjects (0ms)
			CreateAndSetChildDomain (16ms)
		EndReloadAssembly (3584ms)
			LoadAssemblies (1573ms)
			RebuildTransferFunctionScriptingTraits (0ms)
			SetupTypeCache (302ms)
			ReleaseScriptCaches (1ms)
			RebuildScriptCaches (49ms)
			SetupLoadedEditorAssemblies (1000ms)
				LogAssemblyErrors (0ms)
				InitializePlatformSupportModulesInManaged (3ms)
				SetLoadedEditorAssemblies (0ms)
				RefreshPlugins (93ms)
				BeforeProcessingInitializeOnLoad (216ms)
				ProcessInitializeOnLoadAttributes (457ms)
				ProcessInitializeOnLoadMethodAttributes (229ms)
				AfterProcessingInitializeOnLoad (2ms)
				EditorAssembliesLoaded (0ms)
			ExecutionOrderSort2 (0ms)
			AwakeInstancesAfterBackupRestoration (6ms)
Platform modules already initialized, skipping
========================================================================
Worker process is ready to serve import requests
Launched and connected shader compiler UnityShaderCompiler.exe after 0.18 seconds
Refreshing native plugins compatible for Editor in 1.25 ms, found 3 plugins.
Preloading 0 native plugins for Editor in 0.00 ms.
Unloading 5770 Unused Serialized files (Serialized files now loaded: 0)
Unloading 38 unused Assets / (0.8 MB). Loaded Objects now: 6227.
Memory consumption went from 229.0 MB to 228.2 MB.
Total: 4.049200 ms (FindLiveObjects: 0.495800 ms CreateObjectMapping: 0.258400 ms MarkObjects: 2.976300 ms  DeleteObjects: 0.316700 ms)

AssetImportParameters requested are different than current active one (requested -> active):
  custom:video-decoder-ogg-theora: a1e56fd34408186e4bbccfd4996cb3dc -> 
  custom:container-muxer-webm: aa71ff27fc2769a1b78a27578f13a17b -> 
  custom:container-demuxer-webm: 4f35f7cbe854078d1ac9338744f61a02 -> 
  custom:video-encoder-webm-vp8: eb34c28f22e8b96e1ab97ce403110664 -> 
  custom:audio-encoder-webm-vorbis: bf7c407c2cedff20999df2af8eb42d56 -> 
  custom:framework-win-MediaFoundation: 216162199b28c13a410421893ffa2e32 -> 
  custom:container-demuxer-ogg: 62fdf1f143b41e24485cea50d1cbac27 -> 
  custom:video-decoder-webm-vp8: 9c59270c3fd7afecdb556c50c9e8de78 -> 
  custom:audio-decoder-ogg-vorbis: bf7c407c2cedff20999df2af8eb42d56 -> 
========================================================================
Received Import Request.
  Time since last request: 26956.571805 seconds.
  path: Assets/PNG/Map/Alpha/Brick_wall1.png
  artifactKey: Guid(41eedd5076529fb4d898b507cbe2353e) Importer(815301076,1909f56bfc062723c751e8b465ee728b)
Start importing Assets/PNG/Map/Alpha/Brick_wall1.png using Guid(41eedd5076529fb4d898b507cbe2353e) Importer(815301076,1909f56bfc062723c751e8b465ee728b)  -> (artifact id: 'aaf8b09c11da73a8e608c322294ebdeb') in 0.465521 seconds 
========================================================================
Received Import Request.
  Time since last request: 106.649077 seconds.
  path: Assets/PNG/Map/Alpha/Brick_wall2.png
  artifactKey: Guid(f7bb9c43f88fcb9418e3d2d555f299aa) Importer(815301076,1909f56bfc062723c751e8b465ee728b)
Start importing Assets/PNG/Map/Alpha/Brick_wall2.png using Guid(f7bb9c43f88fcb9418e3d2d555f299aa) Importer(815301076,1909f56bfc062723c751e8b465ee728b)  -> (artifact id: 'b65e01ac85fbbb6fea0822645e4720c8') in 0.014617 seconds 
========================================================================
Received Import Request.
  Time since last request: 2.169356 seconds.
  path: Assets/PNG/Map/Alpha/Brick_wall3.png
  artifactKey: Guid(468b24a34bf802942b441ca80f32ab26) Importer(815301076,1909f56bfc062723c751e8b465ee728b)
Start importing Assets/PNG/Map/Alpha/Brick_wall3.png using Guid(468b24a34bf802942b441ca80f32ab26) Importer(815301076,1909f56bfc062723c751e8b465ee728b)  -> (artifact id: 'd41ea449e2513cd759c76476a0b2e06f') in 0.042271 seconds 
========================================================================
Received Import Request.
  Time since last request: 7.224349 seconds.
  path: Assets/PNG/Map/Alpha/Brick_wall2.png
  artifactKey: Guid(f7bb9c43f88fcb9418e3d2d555f299aa) Importer(815301076,1909f56bfc062723c751e8b465ee728b)
Start importing Assets/PNG/Map/Alpha/Brick_wall2.png using Guid(f7bb9c43f88fcb9418e3d2d555f299aa) Importer(815301076,1909f56bfc062723c751e8b465ee728b)  -> (artifact id: '06fa00bff80b4bddf17bc0c70aae6e17') in 0.030579 seconds 
========================================================================
Received Import Request.
  Time since last request: 11.121741 seconds.
  path: Assets/PNG/Map/Alpha/Brick_wall3.png
  artifactKey: Guid(468b24a34bf802942b441ca80f32ab26) Importer(815301076,1909f56bfc062723c751e8b465ee728b)
Start importing Assets/PNG/Map/Alpha/Brick_wall3.png using Guid(468b24a34bf802942b441ca80f32ab26) Importer(815301076,1909f56bfc062723c751e8b465ee728b)  -> (artifact id: '76e0b7a39a152172148285a685b95ce3') in 0.080941 seconds 
========================================================================
Received Import Request.
  Time since last request: 429.423738 seconds.
  path: Assets/Mesh/Pillar.fbx
  artifactKey: Guid(7e341df9364a1d243b25b0a7a4f48e0c) Importer(815301076,1909f56bfc062723c751e8b465ee728b)
Start importing Assets/Mesh/Pillar.fbx using Guid(7e341df9364a1d243b25b0a7a4f48e0c) Importer(815301076,1909f56bfc062723c751e8b465ee728b)  -> (artifact id: '73d1cc13307ff31decaa7395a90c7038') in 1.417550 seconds 
========================================================================
Received Import Request.
  Time since last request: 82.833389 seconds.
  path: Assets/Mesh/Pillar.fbx
  artifactKey: Guid(7e341df9364a1d243b25b0a7a4f48e0c) Importer(815301076,1909f56bfc062723c751e8b465ee728b)
Start importing Assets/Mesh/Pillar.fbx using Guid(7e341df9364a1d243b25b0a7a4f48e0c) Importer(815301076,1909f56bfc062723c751e8b465ee728b)  -> (artifact id: 'a982b059553d1bb6690ed1b13d0313b9') in 0.025350 seconds 
========================================================================
Received Import Request.
  Time since last request: 43.552912 seconds.
  path: Assets/PNG/Map/Pillar.png
  artifactKey: Guid(abbca1da2f7550e4c8cab47c3eef3fcb) Importer(815301076,1909f56bfc062723c751e8b465ee728b)
Start importing Assets/PNG/Map/Pillar.png using Guid(abbca1da2f7550e4c8cab47c3eef3fcb) Importer(815301076,1909f56bfc062723c751e8b465ee728b)  -> (artifact id: 'd0424cb90edeba282b78fafe10a9a015') in 0.084410 seconds 
========================================================================
Received Import Request.
  Time since last request: 25.261687 seconds.
  path: Assets/PNG/Map/Pillar.png
  artifactKey: Guid(abbca1da2f7550e4c8cab47c3eef3fcb) Importer(815301076,1909f56bfc062723c751e8b465ee728b)
Start importing Assets/PNG/Map/Pillar.png using Guid(abbca1da2f7550e4c8cab47c3eef3fcb) Importer(815301076,1909f56bfc062723c751e8b465ee728b)  -> (artifact id: '270279561a2a34cf9597bbe83ad47452') in 0.024664 seconds 
========================================================================
Received Import Request.
  Time since last request: 161.518331 seconds.
  path: Assets/PNG/Map/Alpha/Tile_floor.fbx
  artifactKey: Guid(525df90308472fb44a012827ab9c5ffa) Importer(815301076,1909f56bfc062723c751e8b465ee728b)
Start importing Assets/PNG/Map/Alpha/Tile_floor.fbx using Guid(525df90308472fb44a012827ab9c5ffa) Importer(815301076,1909f56bfc062723c751e8b465ee728b)  -> (artifact id: 'dc11c95ea864d609a804d65130e8cde8') in 0.223238 seconds 
========================================================================
Received Import Request.
  Time since last request: 7.403646 seconds.
  path: Assets/PNG/Map/Materials/Pillar.mat
  artifactKey: Guid(70e7ecf8d5539c241a7cb24a4b40e215) Importer(815301076,1909f56bfc062723c751e8b465ee728b)
Start importing Assets/PNG/Map/Materials/Pillar.mat using Guid(70e7ecf8d5539c241a7cb24a4b40e215) Importer(815301076,1909f56bfc062723c751e8b465ee728b)  -> (artifact id: 'ffd3f3c00d20a0d8e01f4ee019f6a391') in 0.092861 seconds 
========================================================================
Received Import Request.
  Time since last request: 11.538641 seconds.
  path: Assets/PNG/Map/tile.png
  artifactKey: Guid(0fbfeb31d2866be48af6f503bd21890a) Importer(815301076,1909f56bfc062723c751e8b465ee728b)
Start importing Assets/PNG/Map/tile.png using Guid(0fbfeb31d2866be48af6f503bd21890a) Importer(815301076,1909f56bfc062723c751e8b465ee728b)  -> (artifact id: 'b5bdfd496bd4ab38388d22c93fc34d82') in 0.027415 seconds 
========================================================================
Received Import Request.
  Time since last request: 10.114105 seconds.
  path: Assets/PNG/Map/tile.png
  artifactKey: Guid(0fbfeb31d2866be48af6f503bd21890a) Importer(815301076,1909f56bfc062723c751e8b465ee728b)
Start importing Assets/PNG/Map/tile.png using Guid(0fbfeb31d2866be48af6f503bd21890a) Importer(815301076,1909f56bfc062723c751e8b465ee728b)  -> (artifact id: '2605880740c298a2a30162c440d10b41') in 0.017551 seconds 
========================================================================
Received Import Request.
  Time since last request: 45.763180 seconds.
  path: Assets/Material/Map/furniture/stone.mat
  artifactKey: Guid(bfd28edf71f95ec4d9dffa7c86ad4657) Importer(815301076,1909f56bfc062723c751e8b465ee728b)
Start importing Assets/Material/Map/furniture/stone.mat using Guid(bfd28edf71f95ec4d9dffa7c86ad4657) Importer(815301076,1909f56bfc062723c751e8b465ee728b)  -> (artifact id: '354bd6ebafb177b36234756b57547a5d') in 0.099525 seconds 
========================================================================
Received Import Request.
  Time since last request: 140.441421 seconds.
  path: Assets/Material/Map/tiles/tile-set.05-1.prefab
  artifactKey: Guid(346252fdc511b0643b03cce07ab03a09) Importer(815301076,1909f56bfc062723c751e8b465ee728b)
Start importing Assets/Material/Map/tiles/tile-set.05-1.prefab using Guid(346252fdc511b0643b03cce07ab03a09) Importer(815301076,1909f56bfc062723c751e8b465ee728b)  -> (artifact id: '86bb1eaf926428bf72a5115178443c76') in 0.020973 seconds 
========================================================================
Received Import Request.
  Time since last request: 0.005048 seconds.
  path: Assets/Material/Map/tiles/tile-set.01-1.prefab
  artifactKey: Guid(ce0275adc588d884d878f951af88ebbc) Importer(815301076,1909f56bfc062723c751e8b465ee728b)
Start importing Assets/Material/Map/tiles/tile-set.01-1.prefab using Guid(ce0275adc588d884d878f951af88ebbc) Importer(815301076,1909f56bfc062723c751e8b465ee728b)  -> (artifact id: 'f5e97078de00ce7ec1b7e441f76e5598') in 0.017307 seconds 
========================================================================
Received Import Request.
  Time since last request: 0.000032 seconds.
  path: Assets/Material/Map/tiles/tile-set.002.prefab
  artifactKey: Guid(d5c8fe269ecde7c43bcb9ef4db3d11f6) Importer(815301076,1909f56bfc062723c751e8b465ee728b)
Start importing Assets/Material/Map/tiles/tile-set.002.prefab using Guid(d5c8fe269ecde7c43bcb9ef4db3d11f6) Importer(815301076,1909f56bfc062723c751e8b465ee728b)  -> (artifact id: '8877245329433cf7d226f84e78463ada') in 0.017522 seconds 
========================================================================
Received Import Request.
  Time since last request: 0.000035 seconds.
  path: Assets/Material/Map/tiles/tile-set.010-1.prefab
  artifactKey: Guid(cfff238175f966148b28c3fd5e8bbc96) Importer(815301076,1909f56bfc062723c751e8b465ee728b)
Start importing Assets/Material/Map/tiles/tile-set.010-1.prefab using Guid(cfff238175f966148b28c3fd5e8bbc96) Importer(815301076,1909f56bfc062723c751e8b465ee728b)  -> (artifact id: '478768255f56a53a2f2ed2707a5bcd5b') in 0.017901 seconds 
========================================================================
Received Import Request.
  Time since last request: 0.000022 seconds.
  path: Assets/Material/Map/tiles/tile-set.003.prefab
  artifactKey: Guid(f0aa8ad945ee9bf49971b6078e383a34) Importer(815301076,1909f56bfc062723c751e8b465ee728b)
Start importing Assets/Material/Map/tiles/tile-set.003.prefab using Guid(f0aa8ad945ee9bf49971b6078e383a34) Importer(815301076,1909f56bfc062723c751e8b465ee728b)  -> (artifact id: 'a0d245b623d74535a2de89c219bae5aa') in 0.016581 seconds 
========================================================================
Received Import Request.
  Time since last request: 0.000026 seconds.
  path: Assets/Material/Map/tiles/tile-set.05-2.prefab
  artifactKey: Guid(0ea1d9acf3f77724bae3f34144156f3e) Importer(815301076,1909f56bfc062723c751e8b465ee728b)
Start importing Assets/Material/Map/tiles/tile-set.05-2.prefab using Guid(0ea1d9acf3f77724bae3f34144156f3e) Importer(815301076,1909f56bfc062723c751e8b465ee728b)  -> (artifact id: '84a7963e598b4889e5208070b3c7836a') in 0.025760 seconds 
========================================================================
Received Import Request.
  Time since last request: 0.000023 seconds.
  path: Assets/Material/Map/tiles/tile-set.02-1.prefab
  artifactKey: Guid(c11767567da99b945a775e5e19758b5d) Importer(815301076,1909f56bfc062723c751e8b465ee728b)
Start importing Assets/Material/Map/tiles/tile-set.02-1.prefab using Guid(c11767567da99b945a775e5e19758b5d) Importer(815301076,1909f56bfc062723c751e8b465ee728b)  -> (artifact id: '3ed4e54f3c5ab2982a011bed50860eff') in 0.017176 seconds 
========================================================================
Received Import Request.
  Time since last request: 0.000023 seconds.
  path: Assets/Material/Map/tiles/tile-set.010.prefab
  artifactKey: Guid(6848b7906edbc454c9ab80be1846b468) Importer(815301076,1909f56bfc062723c751e8b465ee728b)
Start importing Assets/Material/Map/tiles/tile-set.010.prefab using Guid(6848b7906edbc454c9ab80be1846b468) Importer(815301076,1909f56bfc062723c751e8b465ee728b)  -> (artifact id: '0a589b7e982e9b78668f78a19494c9b1') in 0.015572 seconds 
========================================================================
Received Import Request.
  Time since last request: 0.000021 seconds.
  path: Assets/Material/Map/tiles/tile-set.03-1.prefab
  artifactKey: Guid(98419343dde9aa3428472b0082c6e4ec) Importer(815301076,1909f56bfc062723c751e8b465ee728b)
Start importing Assets/Material/Map/tiles/tile-set.03-1.prefab using Guid(98419343dde9aa3428472b0082c6e4ec) Importer(815301076,1909f56bfc062723c751e8b465ee728b)  -> (artifact id: '238f0888ee8106bed9d250d48a6c082b') in 0.016550 seconds 
========================================================================
Received Import Request.
  Time since last request: 0.000118 seconds.
  path: Assets/Material/Map/tiles/tile-set.09-2.prefab
  artifactKey: Guid(c8f901743c823454da1c7fea517bfe93) Importer(815301076,1909f56bfc062723c751e8b465ee728b)
Start importing Assets/Material/Map/tiles/tile-set.09-2.prefab using Guid(c8f901743c823454da1c7fea517bfe93) Importer(815301076,1909f56bfc062723c751e8b465ee728b)  -> (artifact id: '331336e44b8d166ced6b417887894864') in 0.093872 seconds 
========================================================================
Received Import Request.
  Time since last request: 0.000033 seconds.
  path: Assets/Material/Map/tiles/tile-set.04-1.prefab
  artifactKey: Guid(b6f1303825b94d243b2dc796b718d7b8) Importer(815301076,1909f56bfc062723c751e8b465ee728b)
Start importing Assets/Material/Map/tiles/tile-set.04-1.prefab using Guid(b6f1303825b94d243b2dc796b718d7b8) Importer(815301076,1909f56bfc062723c751e8b465ee728b)  -> (artifact id: '316609a8c7525e2c0c30ab6a44b42afc') in 0.015883 seconds 
========================================================================
Received Import Request.
  Time since last request: 0.000026 seconds.
  path: Assets/Material/Map/tiles/tile-set.03-2.prefab
  artifactKey: Guid(19695670248759b45ae025bed19e0c9e) Importer(815301076,1909f56bfc062723c751e8b465ee728b)
Start importing Assets/Material/Map/tiles/tile-set.03-2.prefab using Guid(19695670248759b45ae025bed19e0c9e) Importer(815301076,1909f56bfc062723c751e8b465ee728b)  -> (artifact id: '58bc28ad9a9e157eb79b873b031a856f') in 0.015772 seconds 
========================================================================
Received Import Request.
  Time since last request: 0.000025 seconds.
  path: Assets/Material/Map/tiles/tile-set.007.prefab
  artifactKey: Guid(5513a480615ab91458abeb3c214c580d) Importer(815301076,1909f56bfc062723c751e8b465ee728b)
Start importing Assets/Material/Map/tiles/tile-set.007.prefab using Guid(5513a480615ab91458abeb3c214c580d) Importer(815301076,1909f56bfc062723c751e8b465ee728b)  -> (artifact id: '45a4d306fd362ef5875a8ddb294addd1') in 0.015501 seconds 
========================================================================
Received Import Request.
  Time since last request: 0.000024 seconds.
  path: Assets/Material/Map/tiles/tile-set.06-2.prefab
  artifactKey: Guid(090801495f53b00418858ebf4c762a88) Importer(815301076,1909f56bfc062723c751e8b465ee728b)
Start importing Assets/Material/Map/tiles/tile-set.06-2.prefab using Guid(090801495f53b00418858ebf4c762a88) Importer(815301076,1909f56bfc062723c751e8b465ee728b)  -> (artifact id: 'af128d762cdec798162c3153602f012b') in 0.015305 seconds 
========================================================================
Received Import Request.
  Time since last request: 0.000024 seconds.
  path: Assets/Material/Map/tiles/tile-set.07-1.prefab
  artifactKey: Guid(851a40305187cbb4197beccabad152a0) Importer(815301076,1909f56bfc062723c751e8b465ee728b)
Start importing Assets/Material/Map/tiles/tile-set.07-1.prefab using Guid(851a40305187cbb4197beccabad152a0) Importer(815301076,1909f56bfc062723c751e8b465ee728b)  -> (artifact id: 'cb76087f8e6c31ed7395e44b52322009') in 0.016970 seconds 
========================================================================
Received Import Request.
  Time since last request: 0.000023 seconds.
  path: Assets/Material/Map/tiles/tile-set.04-2.prefab
  artifactKey: Guid(3f851df4569bb0944b8e714a4f06f34c) Importer(815301076,1909f56bfc062723c751e8b465ee728b)
Start importing Assets/Material/Map/tiles/tile-set.04-2.prefab using Guid(3f851df4569bb0944b8e714a4f06f34c) Importer(815301076,1909f56bfc062723c751e8b465ee728b)  -> (artifact id: '3167b774d8ae07372130421341e7ee53') in 0.022352 seconds 
========================================================================
Received Import Request.
  Time since last request: 0.000021 seconds.
  path: Assets/Material/Map/tiles/tile-set.005.prefab
  artifactKey: Guid(695ab01c670a6124d9ca1078646dd8d3) Importer(815301076,1909f56bfc062723c751e8b465ee728b)
Start importing Assets/Material/Map/tiles/tile-set.005.prefab using Guid(695ab01c670a6124d9ca1078646dd8d3) Importer(815301076,1909f56bfc062723c751e8b465ee728b)  -> (artifact id: 'c5b6dbb3696451515d7d93170157f796') in 0.022934 seconds 
========================================================================
Received Import Request.
  Time since last request: 0.000026 seconds.
  path: Assets/Material/Map/tiles/tile-set.09-1.prefab
  artifactKey: Guid(b044c51a2606c134094724f40c81557d) Importer(815301076,1909f56bfc062723c751e8b465ee728b)
Start importing Assets/Material/Map/tiles/tile-set.09-1.prefab using Guid(b044c51a2606c134094724f40c81557d) Importer(815301076,1909f56bfc062723c751e8b465ee728b)  -> (artifact id: '4ed65d7c2c9c8084bd96e31db2074d28') in 0.014777 seconds 
========================================================================
Received Import Request.
  Time since last request: 0.000028 seconds.
  path: Assets/Material/Map/tiles/tile-set.006.prefab
  artifactKey: Guid(9b33038ec599a314885bec9acd71428c) Importer(815301076,1909f56bfc062723c751e8b465ee728b)
Start importing Assets/Material/Map/tiles/tile-set.006.prefab using Guid(9b33038ec599a314885bec9acd71428c) Importer(815301076,1909f56bfc062723c751e8b465ee728b)  -> (artifact id: '9051057a8c34b20b3dccb5945f39a5f4') in 0.021850 seconds 
========================================================================
Received Import Request.
  Time since last request: 0.000024 seconds.
  path: Assets/Material/Map/tiles/tile-set.008.prefab
  artifactKey: Guid(431bd8b352008fe48b1391bd82e7a322) Importer(815301076,1909f56bfc062723c751e8b465ee728b)
Start importing Assets/Material/Map/tiles/tile-set.008.prefab using Guid(431bd8b352008fe48b1391bd82e7a322) Importer(815301076,1909f56bfc062723c751e8b465ee728b)  -> (artifact id: '790907e61d10f7bcc621002c820659d6') in 0.020107 seconds 
========================================================================
Received Import Request.
  Time since last request: 0.000023 seconds.
  path: Assets/Material/Map/tiles/tile-set.004.prefab
  artifactKey: Guid(e2aa61327ec77864ebddf28ac9593bf1) Importer(815301076,1909f56bfc062723c751e8b465ee728b)
Start importing Assets/Material/Map/tiles/tile-set.004.prefab using Guid(e2aa61327ec77864ebddf28ac9593bf1) Importer(815301076,1909f56bfc062723c751e8b465ee728b)  -> (artifact id: 'aa9f6114e595b15221d1bc03f1724e7c') in 0.026228 seconds 
========================================================================
Received Import Request.
  Time since last request: 0.000023 seconds.
  path: Assets/Material/Map/tiles/tile-set.06-1.prefab
  artifactKey: Guid(3261aa464d5230743b7e05de0b09d209) Importer(815301076,1909f56bfc062723c751e8b465ee728b)
Start importing Assets/Material/Map/tiles/tile-set.06-1.prefab using Guid(3261aa464d5230743b7e05de0b09d209) Importer(815301076,1909f56bfc062723c751e8b465ee728b)  -> (artifact id: '0d414ebd2bc09711c73c7917cbc97301') in 0.015307 seconds 
========================================================================
Received Import Request.
  Time since last request: 0.000020 seconds.
  path: Assets/Material/Map/tiles/tile-set.001.prefab
  artifactKey: Guid(83061f6b4e3ffc140bebc7f3ffe6d8cd) Importer(815301076,1909f56bfc062723c751e8b465ee728b)
Start importing Assets/Material/Map/tiles/tile-set.001.prefab using Guid(83061f6b4e3ffc140bebc7f3ffe6d8cd) Importer(815301076,1909f56bfc062723c751e8b465ee728b)  -> (artifact id: 'a01c706c5cf41c8e003c25effdac4dac') in 0.015374 seconds 
========================================================================
Received Import Request.
  Time since last request: 0.000028 seconds.
  path: Assets/Material/Map/tiles/tile-set.08-1.prefab
  artifactKey: Guid(a51b874c987a83149bce2479a51a19a6) Importer(815301076,1909f56bfc062723c751e8b465ee728b)
Start importing Assets/Material/Map/tiles/tile-set.08-1.prefab using Guid(a51b874c987a83149bce2479a51a19a6) Importer(815301076,1909f56bfc062723c751e8b465ee728b)  -> (artifact id: '09673756be6611adee9fd249c9786f2d') in 0.015702 seconds 
========================================================================
Received Import Request.
  Time since last request: 0.000022 seconds.
  path: Assets/Material/Map/tiles/tile-set.009.prefab
  artifactKey: Guid(c467d51d24954474c847881a093c6ff9) Importer(815301076,1909f56bfc062723c751e8b465ee728b)
Start importing Assets/Material/Map/tiles/tile-set.009.prefab using Guid(c467d51d24954474c847881a093c6ff9) Importer(815301076,1909f56bfc062723c751e8b465ee728b)  -> (artifact id: 'abd951087fca90f11a27035b15da55b8') in 0.016738 seconds 
========================================================================
Received Import Request.
  Time since last request: 5.189974 seconds.
  path: Assets/Material/Map/tiles/tile-set.01-1.prefab
  artifactKey: Guid(ce0275adc588d884d878f951af88ebbc) Importer(815301076,1909f56bfc062723c751e8b465ee728b)
Start importing Assets/Material/Map/tiles/tile-set.01-1.prefab using Guid(ce0275adc588d884d878f951af88ebbc) Importer(815301076,1909f56bfc062723c751e8b465ee728b)  -> (artifact id: '79b0a1abef11106b74b02266609a84e1') in 0.054554 seconds 
========================================================================
Received Import Request.
  Time since last request: 0.000025 seconds.
  path: Assets/Material/Map/tiles/tile-set.05-1.prefab
  artifactKey: Guid(346252fdc511b0643b03cce07ab03a09) Importer(815301076,1909f56bfc062723c751e8b465ee728b)
Start importing Assets/Material/Map/tiles/tile-set.05-1.prefab using Guid(346252fdc511b0643b03cce07ab03a09) Importer(815301076,1909f56bfc062723c751e8b465ee728b)  -> (artifact id: '732864bd4261b134caec500e3af1d436') in 0.006019 seconds 
========================================================================
Received Import Request.
  Time since last request: 0.000022 seconds.
  path: Assets/Material/Map/tiles/tile-set.002.prefab
  artifactKey: Guid(d5c8fe269ecde7c43bcb9ef4db3d11f6) Importer(815301076,1909f56bfc062723c751e8b465ee728b)
Start importing Assets/Material/Map/tiles/tile-set.002.prefab using Guid(d5c8fe269ecde7c43bcb9ef4db3d11f6) Importer(815301076,1909f56bfc062723c751e8b465ee728b)  -> (artifact id: '2efd92c8eb7d21e4cef7162eabb94e8e') in 0.005654 seconds 
========================================================================
Received Import Request.
  Time since last request: 0.000029 seconds.
  path: Assets/Material/Map/tiles/tile-set.010-1.prefab
  artifactKey: Guid(cfff238175f966148b28c3fd5e8bbc96) Importer(815301076,1909f56bfc062723c751e8b465ee728b)
Start importing Assets/Material/Map/tiles/tile-set.010-1.prefab using Guid(cfff238175f966148b28c3fd5e8bbc96) Importer(815301076,1909f56bfc062723c751e8b465ee728b)  -> (artifact id: '602febc219b52ae54b6bc448652a564e') in 0.005505 seconds 
========================================================================
Received Import Request.
  Time since last request: 0.000032 seconds.
  path: Assets/Material/Map/tiles/tile-set.003.prefab
  artifactKey: Guid(f0aa8ad945ee9bf49971b6078e383a34) Importer(815301076,1909f56bfc062723c751e8b465ee728b)
Start importing Assets/Material/Map/tiles/tile-set.003.prefab using Guid(f0aa8ad945ee9bf49971b6078e383a34) Importer(815301076,1909f56bfc062723c751e8b465ee728b)  -> (artifact id: '741573658850df3aee9d8dde44955aa5') in 0.005937 seconds 
========================================================================
Received Import Request.
  Time since last request: 0.000026 seconds.
  path: Assets/Material/Map/tiles/tile-set.05-2.prefab
  artifactKey: Guid(0ea1d9acf3f77724bae3f34144156f3e) Importer(815301076,1909f56bfc062723c751e8b465ee728b)
Start importing Assets/Material/Map/tiles/tile-set.05-2.prefab using Guid(0ea1d9acf3f77724bae3f34144156f3e) Importer(815301076,1909f56bfc062723c751e8b465ee728b)  -> (artifact id: 'f5a7a6dc26acb65ae2687a37a986c3d5') in 0.005817 seconds 
========================================================================
Received Import Request.
  Time since last request: 0.000022 seconds.
  path: Assets/Material/Map/tiles/tile-set.02-1.prefab
  artifactKey: Guid(c11767567da99b945a775e5e19758b5d) Importer(815301076,1909f56bfc062723c751e8b465ee728b)
Start importing Assets/Material/Map/tiles/tile-set.02-1.prefab using Guid(c11767567da99b945a775e5e19758b5d) Importer(815301076,1909f56bfc062723c751e8b465ee728b)  -> (artifact id: '17f3cdd2cd8715e258826fc2a362d1d5') in 0.006131 seconds 
========================================================================
Received Import Request.
  Time since last request: 0.000077 seconds.
  path: Assets/Material/Map/tiles/tile-set.010.prefab
  artifactKey: Guid(6848b7906edbc454c9ab80be1846b468) Importer(815301076,1909f56bfc062723c751e8b465ee728b)
Start importing Assets/Material/Map/tiles/tile-set.010.prefab using Guid(6848b7906edbc454c9ab80be1846b468) Importer(815301076,1909f56bfc062723c751e8b465ee728b)  -> (artifact id: 'f86db6e48cd88bb362d2cd3da80c84ae') in 0.006016 seconds 
========================================================================
Received Import Request.
  Time since last request: 0.000025 seconds.
  path: Assets/Material/Map/tiles/tile-set.03-1.prefab
  artifactKey: Guid(98419343dde9aa3428472b0082c6e4ec) Importer(815301076,1909f56bfc062723c751e8b465ee728b)
Start importing Assets/Material/Map/tiles/tile-set.03-1.prefab using Guid(98419343dde9aa3428472b0082c6e4ec) Importer(815301076,1909f56bfc062723c751e8b465ee728b)  -> (artifact id: '4c9455140c849590e559d7b63ed2f86a') in 0.005895 seconds 
========================================================================
Received Import Request.
  Time since last request: 0.000024 seconds.
  path: Assets/Material/Map/tiles/tile-set.09-2.prefab
  artifactKey: Guid(c8f901743c823454da1c7fea517bfe93) Importer(815301076,1909f56bfc062723c751e8b465ee728b)
Start importing Assets/Material/Map/tiles/tile-set.09-2.prefab using Guid(c8f901743c823454da1c7fea517bfe93) Importer(815301076,1909f56bfc062723c751e8b465ee728b)  -> (artifact id: '83396e45e523c832b6f8750e00123a78') in 0.006176 seconds 
========================================================================
Received Import Request.
  Time since last request: 0.000023 seconds.
  path: Assets/Material/Map/tiles/tile-set.04-1.prefab
  artifactKey: Guid(b6f1303825b94d243b2dc796b718d7b8) Importer(815301076,1909f56bfc062723c751e8b465ee728b)
Start importing Assets/Material/Map/tiles/tile-set.04-1.prefab using Guid(b6f1303825b94d243b2dc796b718d7b8) Importer(815301076,1909f56bfc062723c751e8b465ee728b)  -> (artifact id: 'adaad41746b86d8eb99e746ba2e16393') in 0.006281 seconds 
========================================================================
Received Import Request.
  Time since last request: 0.000030 seconds.
  path: Assets/Material/Map/tiles/tile-set.03-2.prefab
  artifactKey: Guid(19695670248759b45ae025bed19e0c9e) Importer(815301076,1909f56bfc062723c751e8b465ee728b)
Start importing Assets/Material/Map/tiles/tile-set.03-2.prefab using Guid(19695670248759b45ae025bed19e0c9e) Importer(815301076,1909f56bfc062723c751e8b465ee728b)  -> (artifact id: 'be8cce2df8bc709c0a08047512650873') in 0.006161 seconds 
========================================================================
Received Import Request.
  Time since last request: 0.000036 seconds.
  path: Assets/Material/Map/tiles/tile-set.007.prefab
  artifactKey: Guid(5513a480615ab91458abeb3c214c580d) Importer(815301076,1909f56bfc062723c751e8b465ee728b)
Start importing Assets/Material/Map/tiles/tile-set.007.prefab using Guid(5513a480615ab91458abeb3c214c580d) Importer(815301076,1909f56bfc062723c751e8b465ee728b)  -> (artifact id: '5cc1af1fe65c609f6eea986c2ff256ff') in 0.005927 seconds 
========================================================================
Received Import Request.
  Time since last request: 0.000029 seconds.
  path: Assets/Material/Map/tiles/tile-set.06-2.prefab
  artifactKey: Guid(090801495f53b00418858ebf4c762a88) Importer(815301076,1909f56bfc062723c751e8b465ee728b)
Start importing Assets/Material/Map/tiles/tile-set.06-2.prefab using Guid(090801495f53b00418858ebf4c762a88) Importer(815301076,1909f56bfc062723c751e8b465ee728b)  -> (artifact id: '48e7b9ac715beeeb7434decd3058f187') in 0.006196 seconds 
========================================================================
Received Import Request.
  Time since last request: 0.000022 seconds.
  path: Assets/Material/Map/tiles/tile-set.07-1.prefab
  artifactKey: Guid(851a40305187cbb4197beccabad152a0) Importer(815301076,1909f56bfc062723c751e8b465ee728b)
Start importing Assets/Material/Map/tiles/tile-set.07-1.prefab using Guid(851a40305187cbb4197beccabad152a0) Importer(815301076,1909f56bfc062723c751e8b465ee728b)  -> (artifact id: 'd2e5aed0d6310ed1f520f8e596884a47') in 0.006772 seconds 
========================================================================
Received Import Request.
  Time since last request: 0.000025 seconds.
  path: Assets/Material/Map/tiles/tile-set.04-2.prefab
  artifactKey: Guid(3f851df4569bb0944b8e714a4f06f34c) Importer(815301076,1909f56bfc062723c751e8b465ee728b)
Start importing Assets/Material/Map/tiles/tile-set.04-2.prefab using Guid(3f851df4569bb0944b8e714a4f06f34c) Importer(815301076,1909f56bfc062723c751e8b465ee728b)  -> (artifact id: '4250f6bac4eab39702d258eddecb7a1d') in 0.005734 seconds 
========================================================================
Received Import Request.
  Time since last request: 0.000022 seconds.
  path: Assets/Material/Map/tiles/tile-set.005.prefab
  artifactKey: Guid(695ab01c670a6124d9ca1078646dd8d3) Importer(815301076,1909f56bfc062723c751e8b465ee728b)
Start importing Assets/Material/Map/tiles/tile-set.005.prefab using Guid(695ab01c670a6124d9ca1078646dd8d3) Importer(815301076,1909f56bfc062723c751e8b465ee728b)  -> (artifact id: 'caf63cd05d613558bf0c157dc3b11fef') in 0.009361 seconds 
========================================================================
Received Import Request.
  Time since last request: 0.000025 seconds.
  path: Assets/Material/Map/tiles/tile-set.09-1.prefab
  artifactKey: Guid(b044c51a2606c134094724f40c81557d) Importer(815301076,1909f56bfc062723c751e8b465ee728b)
Start importing Assets/Material/Map/tiles/tile-set.09-1.prefab using Guid(b044c51a2606c134094724f40c81557d) Importer(815301076,1909f56bfc062723c751e8b465ee728b)  -> (artifact id: 'f674f3d82fa5aed3ae7a35c9792e7517') in 0.005513 seconds 
========================================================================
Received Import Request.
  Time since last request: 0.000022 seconds.
  path: Assets/Material/Map/tiles/tile-set.006.prefab
  artifactKey: Guid(9b33038ec599a314885bec9acd71428c) Importer(815301076,1909f56bfc062723c751e8b465ee728b)
Start importing Assets/Material/Map/tiles/tile-set.006.prefab using Guid(9b33038ec599a314885bec9acd71428c) Importer(815301076,1909f56bfc062723c751e8b465ee728b)  -> (artifact id: 'f0a8cf9bd88928f5588b1a130de8f26b') in 0.006057 seconds 
========================================================================
Received Import Request.
  Time since last request: 0.000024 seconds.
  path: Assets/Material/Map/tiles/tile-set.008.prefab
  artifactKey: Guid(431bd8b352008fe48b1391bd82e7a322) Importer(815301076,1909f56bfc062723c751e8b465ee728b)
Start importing Assets/Material/Map/tiles/tile-set.008.prefab using Guid(431bd8b352008fe48b1391bd82e7a322) Importer(815301076,1909f56bfc062723c751e8b465ee728b)  -> (artifact id: '4290d12b168a1a8db51dbbb4ba57aa1f') in 0.005760 seconds 
========================================================================
Received Import Request.
  Time since last request: 0.000021 seconds.
  path: Assets/Material/Map/tiles/tile-set.004.prefab
  artifactKey: Guid(e2aa61327ec77864ebddf28ac9593bf1) Importer(815301076,1909f56bfc062723c751e8b465ee728b)
Start importing Assets/Material/Map/tiles/tile-set.004.prefab using Guid(e2aa61327ec77864ebddf28ac9593bf1) Importer(815301076,1909f56bfc062723c751e8b465ee728b)  -> (artifact id: 'f4a0fddd836f2411c867018e8dd369cb') in 0.005793 seconds 
========================================================================
Received Import Request.
  Time since last request: 0.000024 seconds.
  path: Assets/Material/Map/tiles/tile-set.06-1.prefab
  artifactKey: Guid(3261aa464d5230743b7e05de0b09d209) Importer(815301076,1909f56bfc062723c751e8b465ee728b)
Start importing Assets/Material/Map/tiles/tile-set.06-1.prefab using Guid(3261aa464d5230743b7e05de0b09d209) Importer(815301076,1909f56bfc062723c751e8b465ee728b)  -> (artifact id: '2be84b9157238d746ccf4b4478d3a58b') in 0.006141 seconds 
========================================================================
Received Import Request.
  Time since last request: 0.000022 seconds.
  path: Assets/Material/Map/tiles/tile-set.001.prefab
  artifactKey: Guid(83061f6b4e3ffc140bebc7f3ffe6d8cd) Importer(815301076,1909f56bfc062723c751e8b465ee728b)
Start importing Assets/Material/Map/tiles/tile-set.001.prefab using Guid(83061f6b4e3ffc140bebc7f3ffe6d8cd) Importer(815301076,1909f56bfc062723c751e8b465ee728b)  -> (artifact id: 'b4b5d071693a9df907ebfe2be51372ed') in 0.005503 seconds 
========================================================================
Received Import Request.
  Time since last request: 0.000038 seconds.
  path: Assets/Material/Map/tiles/tile-set.08-1.prefab
  artifactKey: Guid(a51b874c987a83149bce2479a51a19a6) Importer(815301076,1909f56bfc062723c751e8b465ee728b)
Start importing Assets/Material/Map/tiles/tile-set.08-1.prefab using Guid(a51b874c987a83149bce2479a51a19a6) Importer(815301076,1909f56bfc062723c751e8b465ee728b)  -> (artifact id: '39baf9c4a98c02a61f989944cb1974cd') in 0.006081 seconds 
========================================================================
Received Import Request.
  Time since last request: 0.000030 seconds.
  path: Assets/Material/Map/tiles/tile-set.009.prefab
  artifactKey: Guid(c467d51d24954474c847881a093c6ff9) Importer(815301076,1909f56bfc062723c751e8b465ee728b)
Start importing Assets/Material/Map/tiles/tile-set.009.prefab using Guid(c467d51d24954474c847881a093c6ff9) Importer(815301076,1909f56bfc062723c751e8b465ee728b)  -> (artifact id: '0941fe2b5a5b6a09dc8d517f8541bdf4') in 0.005828 seconds 
========================================================================
Received Import Request.
  Time since last request: 10.701676 seconds.
  path: Assets/Material/Map/tiles/Tile_floor.fbx
  artifactKey: Guid(525df90308472fb44a012827ab9c5ffa) Importer(815301076,1909f56bfc062723c751e8b465ee728b)
Start importing Assets/Material/Map/tiles/Tile_floor.fbx using Guid(525df90308472fb44a012827ab9c5ffa) Importer(815301076,1909f56bfc062723c751e8b465ee728b)  -> (artifact id: '57729014566ec4d640cb7a692861d431') in 0.226074 seconds 
========================================================================
Received Import Request.
  Time since last request: 40.583202 seconds.
  path: Assets/Material/Map/tiles/tile-set.06-1.prefab
  artifactKey: Guid(3261aa464d5230743b7e05de0b09d209) Importer(815301076,1909f56bfc062723c751e8b465ee728b)
Start importing Assets/Material/Map/tiles/tile-set.06-1.prefab using Guid(3261aa464d5230743b7e05de0b09d209) Importer(815301076,1909f56bfc062723c751e8b465ee728b)  -> (artifact id: '289d900cc5a244e7d13506671e5d2245') in 0.015258 seconds 
========================================================================
Received Import Request.
  Time since last request: 0.006510 seconds.
  path: Assets/Material/Map/tiles/tile-set.01-1.prefab
  artifactKey: Guid(ce0275adc588d884d878f951af88ebbc) Importer(815301076,1909f56bfc062723c751e8b465ee728b)
Start importing Assets/Material/Map/tiles/tile-set.01-1.prefab using Guid(ce0275adc588d884d878f951af88ebbc) Importer(815301076,1909f56bfc062723c751e8b465ee728b)  -> (artifact id: '572fc3d54fae878b013489a1e2241fcb') in 0.014120 seconds 
========================================================================
Received Import Request.
  Time since last request: 0.000036 seconds.
  path: Assets/Material/Map/tiles/tile-set.05-1.prefab
  artifactKey: Guid(346252fdc511b0643b03cce07ab03a09) Importer(815301076,1909f56bfc062723c751e8b465ee728b)
Start importing Assets/Material/Map/tiles/tile-set.05-1.prefab using Guid(346252fdc511b0643b03cce07ab03a09) Importer(815301076,1909f56bfc062723c751e8b465ee728b)  -> (artifact id: '8b03c1511caa16b2b6d23056d4aa7ff4') in 0.013828 seconds 
========================================================================
Received Import Request.
  Time since last request: 0.000022 seconds.
  path: Assets/Material/Map/tiles/tile-set.002.prefab
  artifactKey: Guid(d5c8fe269ecde7c43bcb9ef4db3d11f6) Importer(815301076,1909f56bfc062723c751e8b465ee728b)
Start importing Assets/Material/Map/tiles/tile-set.002.prefab using Guid(d5c8fe269ecde7c43bcb9ef4db3d11f6) Importer(815301076,1909f56bfc062723c751e8b465ee728b)  -> (artifact id: '647ba7ca7e62c811e408c6905aede3fc') in 0.015977 seconds 
========================================================================
Received Import Request.
  Time since last request: 0.000024 seconds.
  path: Assets/Material/Map/tiles/tile-set.010-1.prefab
  artifactKey: Guid(cfff238175f966148b28c3fd5e8bbc96) Importer(815301076,1909f56bfc062723c751e8b465ee728b)
Start importing Assets/Material/Map/tiles/tile-set.010-1.prefab using Guid(cfff238175f966148b28c3fd5e8bbc96) Importer(815301076,1909f56bfc062723c751e8b465ee728b)  -> (artifact id: '0b137d9ca4cf7de60c78695b438c9a88') in 0.035392 seconds 
========================================================================
Received Import Request.
  Time since last request: 0.000024 seconds.
  path: Assets/Material/Map/tiles/tile-set.003.prefab
  artifactKey: Guid(f0aa8ad945ee9bf49971b6078e383a34) Importer(815301076,1909f56bfc062723c751e8b465ee728b)
Start importing Assets/Material/Map/tiles/tile-set.003.prefab using Guid(f0aa8ad945ee9bf49971b6078e383a34) Importer(815301076,1909f56bfc062723c751e8b465ee728b)  -> (artifact id: 'b4c60fa796b9c863935e96bef7ba02e3') in 0.015219 seconds 
========================================================================
Received Import Request.
  Time since last request: 0.000028 seconds.
  path: Assets/Material/Map/tiles/tile-set.05-2.prefab
  artifactKey: Guid(0ea1d9acf3f77724bae3f34144156f3e) Importer(815301076,1909f56bfc062723c751e8b465ee728b)
Start importing Assets/Material/Map/tiles/tile-set.05-2.prefab using Guid(0ea1d9acf3f77724bae3f34144156f3e) Importer(815301076,1909f56bfc062723c751e8b465ee728b)  -> (artifact id: '782198b71f73649a382209b55957ed67') in 0.013928 seconds 
========================================================================
Received Import Request.
  Time since last request: 0.000021 seconds.
  path: Assets/Material/Map/tiles/tile-set.02-1.prefab
  artifactKey: Guid(c11767567da99b945a775e5e19758b5d) Importer(815301076,1909f56bfc062723c751e8b465ee728b)
Start importing Assets/Material/Map/tiles/tile-set.02-1.prefab using Guid(c11767567da99b945a775e5e19758b5d) Importer(815301076,1909f56bfc062723c751e8b465ee728b)  -> (artifact id: 'c812b236a747166a16e21b450d50c4d9') in 0.013065 seconds 
========================================================================
Received Import Request.
  Time since last request: 0.000020 seconds.
  path: Assets/Material/Map/tiles/tile-set.010.prefab
  artifactKey: Guid(6848b7906edbc454c9ab80be1846b468) Importer(815301076,1909f56bfc062723c751e8b465ee728b)
Start importing Assets/Material/Map/tiles/tile-set.010.prefab using Guid(6848b7906edbc454c9ab80be1846b468) Importer(815301076,1909f56bfc062723c751e8b465ee728b)  -> (artifact id: 'f11a950c9fe70e2c9eaf0f9ef1a48b4c') in 0.026408 seconds 
========================================================================
Received Import Request.
  Time since last request: 0.000020 seconds.
  path: Assets/Material/Map/tiles/tile-set.03-1.prefab
  artifactKey: Guid(98419343dde9aa3428472b0082c6e4ec) Importer(815301076,1909f56bfc062723c751e8b465ee728b)
Start importing Assets/Material/Map/tiles/tile-set.03-1.prefab using Guid(98419343dde9aa3428472b0082c6e4ec) Importer(815301076,1909f56bfc062723c751e8b465ee728b)  -> (artifact id: '2d9d3e806db6cfff499a0dd79a5799ad') in 0.015998 seconds 
========================================================================
Received Import Request.
  Time since last request: 0.000021 seconds.
  path: Assets/Material/Map/tiles/tile-set.09-2.prefab
  artifactKey: Guid(c8f901743c823454da1c7fea517bfe93) Importer(815301076,1909f56bfc062723c751e8b465ee728b)
Start importing Assets/Material/Map/tiles/tile-set.09-2.prefab using Guid(c8f901743c823454da1c7fea517bfe93) Importer(815301076,1909f56bfc062723c751e8b465ee728b)  -> (artifact id: '500fbf0fbf6f3c55e8bb59766bcd3254') in 0.014466 seconds 
========================================================================
Received Import Request.
  Time since last request: 0.000021 seconds.
  path: Assets/Material/Map/tiles/tile-set.04-1.prefab
  artifactKey: Guid(b6f1303825b94d243b2dc796b718d7b8) Importer(815301076,1909f56bfc062723c751e8b465ee728b)
Start importing Assets/Material/Map/tiles/tile-set.04-1.prefab using Guid(b6f1303825b94d243b2dc796b718d7b8) Importer(815301076,1909f56bfc062723c751e8b465ee728b)  -> (artifact id: '7918c4b3cd546aff78df0c69f60607c9') in 0.015272 seconds 
========================================================================
Received Import Request.
  Time since last request: 0.000060 seconds.
  path: Assets/Material/Map/tiles/tile-set.03-2.prefab
  artifactKey: Guid(19695670248759b45ae025bed19e0c9e) Importer(815301076,1909f56bfc062723c751e8b465ee728b)
Start importing Assets/Material/Map/tiles/tile-set.03-2.prefab using Guid(19695670248759b45ae025bed19e0c9e) Importer(815301076,1909f56bfc062723c751e8b465ee728b)  -> (artifact id: '7c0a13e01d040d750e218ed70c24ca48') in 0.015047 seconds 
========================================================================
Received Import Request.
  Time since last request: 0.000027 seconds.
  path: Assets/Material/Map/tiles/tile-set.007.prefab
  artifactKey: Guid(5513a480615ab91458abeb3c214c580d) Importer(815301076,1909f56bfc062723c751e8b465ee728b)
Start importing Assets/Material/Map/tiles/tile-set.007.prefab using Guid(5513a480615ab91458abeb3c214c580d) Importer(815301076,1909f56bfc062723c751e8b465ee728b)  -> (artifact id: 'ddc1854c1cd30552a5d4cdb7b3ba2817') in 0.014843 seconds 
========================================================================
Received Import Request.
  Time since last request: 0.000021 seconds.
  path: Assets/Material/Map/tiles/tile-set.06-2.prefab
  artifactKey: Guid(090801495f53b00418858ebf4c762a88) Importer(815301076,1909f56bfc062723c751e8b465ee728b)
Start importing Assets/Material/Map/tiles/tile-set.06-2.prefab using Guid(090801495f53b00418858ebf4c762a88) Importer(815301076,1909f56bfc062723c751e8b465ee728b)  -> (artifact id: 'd78400fd1d35c3f6a7f107b6386a6f83') in 0.013378 seconds 
========================================================================
Received Import Request.
  Time since last request: 0.000025 seconds.
  path: Assets/Material/Map/tiles/tile-set.07-1.prefab
  artifactKey: Guid(851a40305187cbb4197beccabad152a0) Importer(815301076,1909f56bfc062723c751e8b465ee728b)
Start importing Assets/Material/Map/tiles/tile-set.07-1.prefab using Guid(851a40305187cbb4197beccabad152a0) Importer(815301076,1909f56bfc062723c751e8b465ee728b)  -> (artifact id: '097e55179174c5d811ad3557a7716cc9') in 0.014463 seconds 
========================================================================
Received Import Request.
  Time since last request: 0.000021 seconds.
  path: Assets/Material/Map/tiles/tile-set.04-2.prefab
  artifactKey: Guid(3f851df4569bb0944b8e714a4f06f34c) Importer(815301076,1909f56bfc062723c751e8b465ee728b)
Start importing Assets/Material/Map/tiles/tile-set.04-2.prefab using Guid(3f851df4569bb0944b8e714a4f06f34c) Importer(815301076,1909f56bfc062723c751e8b465ee728b)  -> (artifact id: '76e8cc4026e90de253cd5c12e3ef6eea') in 0.015382 seconds 
========================================================================
Received Import Request.
  Time since last request: 0.000022 seconds.
  path: Assets/Material/Map/tiles/tile-set.005.prefab
  artifactKey: Guid(695ab01c670a6124d9ca1078646dd8d3) Importer(815301076,1909f56bfc062723c751e8b465ee728b)
Start importing Assets/Material/Map/tiles/tile-set.005.prefab using Guid(695ab01c670a6124d9ca1078646dd8d3) Importer(815301076,1909f56bfc062723c751e8b465ee728b)  -> (artifact id: '768caa51a946370157e51b5a471a4db5') in 0.014245 seconds 
========================================================================
Received Import Request.
  Time since last request: 0.000027 seconds.
  path: Assets/Material/Map/tiles/tile-set.09-1.prefab
  artifactKey: Guid(b044c51a2606c134094724f40c81557d) Importer(815301076,1909f56bfc062723c751e8b465ee728b)
Start importing Assets/Material/Map/tiles/tile-set.09-1.prefab using Guid(b044c51a2606c134094724f40c81557d) Importer(815301076,1909f56bfc062723c751e8b465ee728b)  -> (artifact id: '0034069696f6ae8039c804a118da6c22') in 0.013177 seconds 
========================================================================
Received Import Request.
  Time since last request: 0.000023 seconds.
  path: Assets/Material/Map/tiles/tile-set.006.prefab
  artifactKey: Guid(9b33038ec599a314885bec9acd71428c) Importer(815301076,1909f56bfc062723c751e8b465ee728b)
Start importing Assets/Material/Map/tiles/tile-set.006.prefab using Guid(9b33038ec599a314885bec9acd71428c) Importer(815301076,1909f56bfc062723c751e8b465ee728b)  -> (artifact id: 'bf7d4772033f5fd8c062ed6f43e24099') in 0.021635 seconds 
========================================================================
Received Import Request.
  Time since last request: 0.000020 seconds.
  path: Assets/Material/Map/tiles/tile-set.008.prefab
  artifactKey: Guid(431bd8b352008fe48b1391bd82e7a322) Importer(815301076,1909f56bfc062723c751e8b465ee728b)
Start importing Assets/Material/Map/tiles/tile-set.008.prefab using Guid(431bd8b352008fe48b1391bd82e7a322) Importer(815301076,1909f56bfc062723c751e8b465ee728b)  -> (artifact id: '87fa5f42297d6e24623920191424ab0f') in 0.014715 seconds 
========================================================================
Received Import Request.
  Time since last request: 0.000019 seconds.
  path: Assets/Material/Map/tiles/tile-set.004.prefab
  artifactKey: Guid(e2aa61327ec77864ebddf28ac9593bf1) Importer(815301076,1909f56bfc062723c751e8b465ee728b)
Start importing Assets/Material/Map/tiles/tile-set.004.prefab using Guid(e2aa61327ec77864ebddf28ac9593bf1) Importer(815301076,1909f56bfc062723c751e8b465ee728b)  -> (artifact id: 'e8d2505e997e8e14a17c0215c26a2686') in 0.013556 seconds 
========================================================================
Received Import Request.
  Time since last request: 0.000039 seconds.
  path: Assets/Material/Map/tiles/tile-set.001.prefab
  artifactKey: Guid(83061f6b4e3ffc140bebc7f3ffe6d8cd) Importer(815301076,1909f56bfc062723c751e8b465ee728b)
Start importing Assets/Material/Map/tiles/tile-set.001.prefab using Guid(83061f6b4e3ffc140bebc7f3ffe6d8cd) Importer(815301076,1909f56bfc062723c751e8b465ee728b)  -> (artifact id: '84e99c06535c570c235d8b5950736a4a') in 0.014410 seconds 
========================================================================
Received Import Request.
  Time since last request: 0.000032 seconds.
  path: Assets/Material/Map/tiles/tile-set.08-1.prefab
  artifactKey: Guid(a51b874c987a83149bce2479a51a19a6) Importer(815301076,1909f56bfc062723c751e8b465ee728b)
Start importing Assets/Material/Map/tiles/tile-set.08-1.prefab using Guid(a51b874c987a83149bce2479a51a19a6) Importer(815301076,1909f56bfc062723c751e8b465ee728b)  -> (artifact id: 'a340781b4d292f9d962b0dcedd2ec6b1') in 0.013634 seconds 
========================================================================
Received Import Request.
  Time since last request: 0.000023 seconds.
  path: Assets/Material/Map/tiles/tile-set.009.prefab
  artifactKey: Guid(c467d51d24954474c847881a093c6ff9) Importer(815301076,1909f56bfc062723c751e8b465ee728b)
Start importing Assets/Material/Map/tiles/tile-set.009.prefab using Guid(c467d51d24954474c847881a093c6ff9) Importer(815301076,1909f56bfc062723c751e8b465ee728b)  -> (artifact id: '94df5b25879fdbbb0fc041658f3f67c5') in 0.013553 seconds 
========================================================================
Received Import Request.
  Time since last request: 179.360245 seconds.
  path: Assets/PNG/Map/Tile_floor1.png
  artifactKey: Guid(71fe163edbbcded4da8bd0abd190ab23) Importer(815301076,1909f56bfc062723c751e8b465ee728b)
Start importing Assets/PNG/Map/Tile_floor1.png using Guid(71fe163edbbcded4da8bd0abd190ab23) Importer(815301076,1909f56bfc062723c751e8b465ee728b)  -> (artifact id: '57654ae32f2798ade89a63ac0098cc87') in 0.012965 seconds 
========================================================================
Received Import Request.
  Time since last request: 8.278496 seconds.
  path: Assets/PNG/Map/Tile_floor1.png
  artifactKey: Guid(71fe163edbbcded4da8bd0abd190ab23) Importer(815301076,1909f56bfc062723c751e8b465ee728b)
Start importing Assets/PNG/Map/Tile_floor1.png using Guid(71fe163edbbcded4da8bd0abd190ab23) Importer(815301076,1909f56bfc062723c751e8b465ee728b)  -> (artifact id: '388d0b8bafc8f2e972351bee5d3f93d6') in 0.020861 seconds 
========================================================================
Received Import Request.
  Time since last request: 264.933276 seconds.
  path: Assets/Material/Map/tiles/tile-set.02-1.prefab
  artifactKey: Guid(c11767567da99b945a775e5e19758b5d) Importer(815301076,1909f56bfc062723c751e8b465ee728b)
Start importing Assets/Material/Map/tiles/tile-set.02-1.prefab using Guid(c11767567da99b945a775e5e19758b5d) Importer(815301076,1909f56bfc062723c751e8b465ee728b)  -> (artifact id: '591d862e82f337cf5de4c948b8be70be') in 0.031023 seconds 
========================================================================
Received Import Request.
  Time since last request: 5.291359 seconds.
  path: Assets/Material/Map/tiles/tile-set.002.prefab
  artifactKey: Guid(d5c8fe269ecde7c43bcb9ef4db3d11f6) Importer(815301076,1909f56bfc062723c751e8b465ee728b)
Start importing Assets/Material/Map/tiles/tile-set.002.prefab using Guid(d5c8fe269ecde7c43bcb9ef4db3d11f6) Importer(815301076,1909f56bfc062723c751e8b465ee728b)  -> (artifact id: 'a9cf9708ccde5941f4afb71a6f031a44') in 0.015801 seconds 
========================================================================
Received Import Request.
  Time since last request: 2.388997 seconds.
  path: Assets/Material/Map/tiles/tile-set.001.prefab
  artifactKey: Guid(83061f6b4e3ffc140bebc7f3ffe6d8cd) Importer(815301076,1909f56bfc062723c751e8b465ee728b)
Start importing Assets/Material/Map/tiles/tile-set.001.prefab using Guid(83061f6b4e3ffc140bebc7f3ffe6d8cd) Importer(815301076,1909f56bfc062723c751e8b465ee728b)  -> (artifact id: '56746566baa40f718244184d74d3542f') in 0.017891 seconds 
========================================================================
Received Import Request.
  Time since last request: 3.181001 seconds.
  path: Assets/Material/Map/tiles/tile-set.01-1.prefab
  artifactKey: Guid(ce0275adc588d884d878f951af88ebbc) Importer(815301076,1909f56bfc062723c751e8b465ee728b)
Start importing Assets/Material/Map/tiles/tile-set.01-1.prefab using Guid(ce0275adc588d884d878f951af88ebbc) Importer(815301076,1909f56bfc062723c751e8b465ee728b)  -> (artifact id: '5a6741f62d01c7ae1a99f574dec91b62') in 0.016684 seconds 
========================================================================
Received Import Request.
  Time since last request: 68.509059 seconds.
  path: Assets/Material/Map/tiles/tile-set.02-1.prefab
  artifactKey: Guid(c11767567da99b945a775e5e19758b5d) Importer(815301076,1909f56bfc062723c751e8b465ee728b)
Start importing Assets/Material/Map/tiles/tile-set.02-1.prefab using Guid(c11767567da99b945a775e5e19758b5d) Importer(815301076,1909f56bfc062723c751e8b465ee728b)  -> (artifact id: 'c5713457dede49e0aa2cda331cf699df') in 0.031506 seconds 
========================================================================
Received Import Request.
  Time since last request: 0.000022 seconds.
  path: Assets/Material/Map/tiles/tile-set.002.prefab
  artifactKey: Guid(d5c8fe269ecde7c43bcb9ef4db3d11f6) Importer(815301076,1909f56bfc062723c751e8b465ee728b)
Start importing Assets/Material/Map/tiles/tile-set.002.prefab using Guid(d5c8fe269ecde7c43bcb9ef4db3d11f6) Importer(815301076,1909f56bfc062723c751e8b465ee728b)  -> (artifact id: 'fc3429f46ff60ea5d4661b8b3c700407') in 0.014480 seconds 
========================================================================
Received Import Request.
  Time since last request: 217.379802 seconds.
  path: Assets/PNG/Map/Tile_floor1.png
  artifactKey: Guid(71fe163edbbcded4da8bd0abd190ab23) Importer(815301076,1909f56bfc062723c751e8b465ee728b)
Start importing Assets/PNG/Map/Tile_floor1.png using Guid(71fe163edbbcded4da8bd0abd190ab23) Importer(815301076,1909f56bfc062723c751e8b465ee728b)  -> (artifact id: '2c4710fc53e1f9018ae14e22403780ba') in 0.015601 seconds 
========================================================================
Received Import Request.
  Time since last request: 24.139959 seconds.
  path: Assets/PNG/Map/Tile_floor1.png
  artifactKey: Guid(71fe163edbbcded4da8bd0abd190ab23) Importer(815301076,1909f56bfc062723c751e8b465ee728b)
Start importing Assets/PNG/Map/Tile_floor1.png using Guid(71fe163edbbcded4da8bd0abd190ab23) Importer(815301076,1909f56bfc062723c751e8b465ee728b)  -> (artifact id: '8b4d39ceafea21ecbe67f0b4af11cf2f') in 0.036869 seconds 
========================================================================
Received Import Request.
  Time since last request: 121.126179 seconds.
  path: Assets/Material/Map/tiles/tile-set.02-1.prefab
  artifactKey: Guid(c11767567da99b945a775e5e19758b5d) Importer(815301076,1909f56bfc062723c751e8b465ee728b)
Start importing Assets/Material/Map/tiles/tile-set.02-1.prefab using Guid(c11767567da99b945a775e5e19758b5d) Importer(815301076,1909f56bfc062723c751e8b465ee728b)  -> (artifact id: '55975cda1dfee03c1e8b4926887887e6') in 0.029817 seconds 
========================================================================
Received Import Request.
  Time since last request: 0.000074 seconds.
  path: Assets/Material/Map/tiles/tile-set.002.prefab
  artifactKey: Guid(d5c8fe269ecde7c43bcb9ef4db3d11f6) Importer(815301076,1909f56bfc062723c751e8b465ee728b)
Start importing Assets/Material/Map/tiles/tile-set.002.prefab using Guid(d5c8fe269ecde7c43bcb9ef4db3d11f6) Importer(815301076,1909f56bfc062723c751e8b465ee728b)  -> (artifact id: 'dbe90dceb6ef544e4ec6e75901a877c4') in 0.011318 seconds 
========================================================================
Received Import Request.
  Time since last request: 814.175740 seconds.
  path: Assets/PNG/Map/Materials
  artifactKey: Guid(3f93ebca42fdb244f8252464b8782bb0) Importer(815301076,1909f56bfc062723c751e8b465ee728b)
Start importing Assets/PNG/Map/Materials using Guid(3f93ebca42fdb244f8252464b8782bb0) Importer(815301076,1909f56bfc062723c751e8b465ee728b)  -> (artifact id: '50c7377fa0f8153d78c37c9df17667a9') in 0.029351 seconds 
========================================================================
Received Import Request.
  Time since last request: 1780.900260 seconds.
  path: Assets/PNG/Map/Alpha/Brick_wall2.png
  artifactKey: Guid(f7bb9c43f88fcb9418e3d2d555f299aa) Importer(815301076,1909f56bfc062723c751e8b465ee728b)
Start importing Assets/PNG/Map/Alpha/Brick_wall2.png using Guid(f7bb9c43f88fcb9418e3d2d555f299aa) Importer(815301076,1909f56bfc062723c751e8b465ee728b)  -> (artifact id: 'ff8f73c03e268b82fb3e43c36089a75f') in 0.063739 seconds 
========================================================================
Received Import Request.
  Time since last request: 1072.091830 seconds.
  path: Assets/PNG/Map/Alpha/Materials
  artifactKey: Guid(be0ba3ba1ee2657438c4186683681e2f) Importer(815301076,1909f56bfc062723c751e8b465ee728b)
Start importing Assets/PNG/Map/Alpha/Materials using Guid(be0ba3ba1ee2657438c4186683681e2f) Importer(815301076,1909f56bfc062723c751e8b465ee728b)  -> (artifact id: '4f031f43b20d2ac8485b90e90a6a056f') in 0.003099 seconds 
========================================================================
Received Import Request.
  Time since last request: 0.000044 seconds.
  path: Assets/PNG/Map/Alpha/Materials/book.mat
  artifactKey: Guid(4aefc0c8ba1a9b643b837613fb4ee50f) Importer(815301076,1909f56bfc062723c751e8b465ee728b)
Start importing Assets/PNG/Map/Alpha/Materials/book.mat using Guid(4aefc0c8ba1a9b643b837613fb4ee50f) Importer(815301076,1909f56bfc062723c751e8b465ee728b)  -> (artifact id: 'ac0b2a24645aa78ffe54dc2b819ebebc') in 0.128490 seconds 
========================================================================
Received Import Request.
  Time since last request: 0.000082 seconds.
  path: Assets/PNG/Map/Alpha/Materials/blood_texture2.mat
  artifactKey: Guid(a7b9c0b0ec7ae344397c6e284b828070) Importer(815301076,1909f56bfc062723c751e8b465ee728b)
Start importing Assets/PNG/Map/Alpha/Materials/blood_texture2.mat using Guid(a7b9c0b0ec7ae344397c6e284b828070) Importer(815301076,1909f56bfc062723c751e8b465ee728b)  -> (artifact id: '56b42482b575cc759b57e63478d436c4') in 0.084098 seconds 
========================================================================
Received Import Request.
  Time since last request: 1162.961988 seconds.
  path: Assets/PNG/Map/Alpha/Brick_wall1.png
  artifactKey: Guid(41eedd5076529fb4d898b507cbe2353e) Importer(815301076,1909f56bfc062723c751e8b465ee728b)
Start importing Assets/PNG/Map/Alpha/Brick_wall1.png using Guid(41eedd5076529fb4d898b507cbe2353e) Importer(815301076,1909f56bfc062723c751e8b465ee728b)  -> (artifact id: '8e1fff2c9abe05e55adbc22cac0de748') in 0.026358 seconds 
========================================================================
Received Import Request.
  Time since last request: 429.889625 seconds.
  path: Assets/PNG/Map/Materials/tile.mat
  artifactKey: Guid(119e72492ad22d548b39ae2ca1af4a99) Importer(815301076,1909f56bfc062723c751e8b465ee728b)
Start importing Assets/PNG/Map/Materials/tile.mat using Guid(119e72492ad22d548b39ae2ca1af4a99) Importer(815301076,1909f56bfc062723c751e8b465ee728b)  -> (artifact id: '203d732067f181241fe8bf1bc90001bd') in 0.017630 seconds 
========================================================================
Received Import Request.
  Time since last request: 0.000035 seconds.
  path: Assets/PNG/Map/Materials/Tile_floor2.mat
  artifactKey: Guid(89b784b5d204f14428c973cc38c4d4e6) Importer(815301076,1909f56bfc062723c751e8b465ee728b)
Start importing Assets/PNG/Map/Materials/Tile_floor2.mat using Guid(89b784b5d204f14428c973cc38c4d4e6) Importer(815301076,1909f56bfc062723c751e8b465ee728b)  -> (artifact id: 'ba60dae0b05e2543c7445c5211cd01a4') in 0.046478 seconds 
========================================================================
Received Import Request.
  Time since last request: 0.000061 seconds.
  path: Assets/PNG/Map/Materials/Tile_floor1.mat
  artifactKey: Guid(5163b0c3f9e805548a367c3e010c756d) Importer(815301076,1909f56bfc062723c751e8b465ee728b)
Start importing Assets/PNG/Map/Materials/Tile_floor1.mat using Guid(5163b0c3f9e805548a367c3e010c756d) Importer(815301076,1909f56bfc062723c751e8b465ee728b)  -> (artifact id: '23a6350c6015ea1cf27278800382bbbd') in 1.560236 seconds 
========================================================================
Received Import Request.
  Time since last request: 0.000030 seconds.
  path: Assets/PNG/Map/Materials/Tile_floor3.mat
  artifactKey: Guid(c3bb39c1a204ed8468b5e1262e9ab380) Importer(815301076,1909f56bfc062723c751e8b465ee728b)
Start importing Assets/PNG/Map/Materials/Tile_floor3.mat using Guid(c3bb39c1a204ed8468b5e1262e9ab380) Importer(815301076,1909f56bfc062723c751e8b465ee728b)  -> (artifact id: 'f59328bdd3ce0e90f27046e6f010ef48') in 0.017175 seconds 
========================================================================
Received Import Request.
  Time since last request: 146.236305 seconds.
  path: Assets/PNG/Map/Alpha/Materials/Brick_wall1.mat
  artifactKey: Guid(f6145e483179b194487734e38ef9e322) Importer(815301076,1909f56bfc062723c751e8b465ee728b)
Start importing Assets/PNG/Map/Alpha/Materials/Brick_wall1.mat using Guid(f6145e483179b194487734e38ef9e322) Importer(815301076,1909f56bfc062723c751e8b465ee728b)  -> (artifact id: '34137c0adcf4ec66491bb22cbc4d31d5') in 0.064128 seconds 
========================================================================
Received Import Request.
  Time since last request: 0.000052 seconds.
  path: Assets/PNG/Map/Alpha/Materials/Brick_wall2.mat
  artifactKey: Guid(5153810fcafc7b34ab85e8fa638391a2) Importer(815301076,1909f56bfc062723c751e8b465ee728b)
Start importing Assets/PNG/Map/Alpha/Materials/Brick_wall2.mat using Guid(5153810fcafc7b34ab85e8fa638391a2) Importer(815301076,1909f56bfc062723c751e8b465ee728b)  -> (artifact id: 'f9a16e10a74601efaa0fe38d0d07c6a4') in 0.047977 seconds 
========================================================================
Received Import Request.
  Time since last request: 0.000046 seconds.
  path: Assets/PNG/Map/Alpha/Materials/Brick_wall3.mat
  artifactKey: Guid(0a233020a5f06ff4dbbe6f2849a2e77a) Importer(815301076,1909f56bfc062723c751e8b465ee728b)
Start importing Assets/PNG/Map/Alpha/Materials/Brick_wall3.mat using Guid(0a233020a5f06ff4dbbe6f2849a2e77a) Importer(815301076,1909f56bfc062723c751e8b465ee728b)  -> (artifact id: 'e8d658a91a9201b61a0eb18560ded951') in 0.060466 seconds 
========================================================================
Received Import Request.
  Time since last request: 353.629319 seconds.
  path: Assets/Mesh/Box.fbx
  artifactKey: Guid(edc4cdf47cacbd949ba5a9a43ceafbb1) Importer(815301076,1909f56bfc062723c751e8b465ee728b)
Start importing Assets/Mesh/Box.fbx using Guid(edc4cdf47cacbd949ba5a9a43ceafbb1) Importer(815301076,1909f56bfc062723c751e8b465ee728b)  -> (artifact id: 'f10aa0181ebd8ca37a8762069ef0afd7') in 0.096451 seconds 
========================================================================
Received Import Request.
  Time since last request: 25.712274 seconds.
  path: Assets/Material/Map/furniture/woodBox.png
  artifactKey: Guid(27a129cb48a0c43498ffd7e043385f2e) Importer(815301076,1909f56bfc062723c751e8b465ee728b)
Start importing Assets/Material/Map/furniture/woodBox.png using Guid(27a129cb48a0c43498ffd7e043385f2e) Importer(815301076,1909f56bfc062723c751e8b465ee728b)  -> (artifact id: '26ff44b6d39018635a5674d62e9b0137') in 0.016301 seconds 
========================================================================
Received Import Request.
  Time since last request: 15.280109 seconds.
  path: Assets/Material/Map/furniture/woodBox.png
  artifactKey: Guid(27a129cb48a0c43498ffd7e043385f2e) Importer(815301076,1909f56bfc062723c751e8b465ee728b)
Start importing Assets/Material/Map/furniture/woodBox.png using Guid(27a129cb48a0c43498ffd7e043385f2e) Importer(815301076,1909f56bfc062723c751e8b465ee728b)  -> (artifact id: 'a92b84dd71d83b9e652ff8978deecb58') in 0.039631 seconds 
========================================================================
Received Import Request.
  Time since last request: 93.844287 seconds.
  path: Assets/PNG/Map/Materials/Tile_floor2.mat
  artifactKey: Guid(89b784b5d204f14428c973cc38c4d4e6) Importer(815301076,1909f56bfc062723c751e8b465ee728b)
Start importing Assets/PNG/Map/Materials/Tile_floor2.mat using Guid(89b784b5d204f14428c973cc38c4d4e6) Importer(815301076,1909f56bfc062723c751e8b465ee728b)  -> (artifact id: '3a478e1de8ddd299760624ee7ec28681') in 0.084103 seconds 
========================================================================
Received Import Request.
  Time since last request: 58.400042 seconds.
  path: Assets/Prefabs/MAP/corpse/goblin_arm.prefab
  artifactKey: Guid(e9845fc74dd5492429bf67fcc38e5191) Importer(815301076,1909f56bfc062723c751e8b465ee728b)
Start importing Assets/Prefabs/MAP/corpse/goblin_arm.prefab using Guid(e9845fc74dd5492429bf67fcc38e5191) Importer(815301076,1909f56bfc062723c751e8b465ee728b)  -> (artifact id: '90f036d1371fc2aa6b131bd178b3e438') in 0.180735 seconds 
========================================================================
Received Import Request.
  Time since last request: 0.000036 seconds.
  path: Assets/Prefabs/MAP/corpse/goblin_leg.prefab
  artifactKey: Guid(ca16b7931c80c9e49aa1c930a03134d9) Importer(815301076,1909f56bfc062723c751e8b465ee728b)
Start importing Assets/Prefabs/MAP/corpse/goblin_leg.prefab using Guid(ca16b7931c80c9e49aa1c930a03134d9) Importer(815301076,1909f56bfc062723c751e8b465ee728b)  -> (artifact id: '0cfd587e7d690637e60f8d05a9a25e12') in 0.057689 seconds 
========================================================================
Received Import Request.
  Time since last request: 0.000049 seconds.
  path: Assets/Prefabs/MAP/corpse/goblin_torso.prefab
  artifactKey: Guid(ecb421ba64d1eef4298413f8428444d0) Importer(815301076,1909f56bfc062723c751e8b465ee728b)
Start importing Assets/Prefabs/MAP/corpse/goblin_torso.prefab using Guid(ecb421ba64d1eef4298413f8428444d0) Importer(815301076,1909f56bfc062723c751e8b465ee728b)  -> (artifact id: '015132f1e77f0c358df8240bb386f7b6') in 0.036883 seconds 
========================================================================
Received Import Request.
  Time since last request: 0.000024 seconds.
  path: Assets/Prefabs/MAP/corpse/goblin_hip.prefab
  artifactKey: Guid(50e615be2d77d0541bd5296df437aa70) Importer(815301076,1909f56bfc062723c751e8b465ee728b)
Start importing Assets/Prefabs/MAP/corpse/goblin_hip.prefab using Guid(50e615be2d77d0541bd5296df437aa70) Importer(815301076,1909f56bfc062723c751e8b465ee728b)  -> (artifact id: 'b3dabdaa66d2d29d30759a67b01f0732') in 0.043777 seconds 
========================================================================
Received Import Request.
  Time since last request: 0.000034 seconds.
  path: Assets/Prefabs/MAP/corpse/goblin_head.prefab
  artifactKey: Guid(bd6e28c45b09c7f46a624e5c14eb11f8) Importer(815301076,1909f56bfc062723c751e8b465ee728b)
Start importing Assets/Prefabs/MAP/corpse/goblin_head.prefab using Guid(bd6e28c45b09c7f46a624e5c14eb11f8) Importer(815301076,1909f56bfc062723c751e8b465ee728b)  -> (artifact id: '37ae7925fc4edbdc11192ad85e160b72') in 0.039474 seconds 
========================================================================
Received Import Request.
  Time since last request: 134.234004 seconds.
  path: Assets/Prefabs/MAP/furniture/stone.001.prefab
  artifactKey: Guid(e3fee119822c3bf45905a37385bfaa7f) Importer(815301076,1909f56bfc062723c751e8b465ee728b)
Start importing Assets/Prefabs/MAP/furniture/stone.001.prefab using Guid(e3fee119822c3bf45905a37385bfaa7f) Importer(815301076,1909f56bfc062723c751e8b465ee728b)  -> (artifact id: 'df490eaade968b543b980e73fc45e92e') in 0.132932 seconds 
========================================================================
Received Import Request.
  Time since last request: 0.000026 seconds.
  path: Assets/Prefabs/MAP/furniture/stone.004.prefab
  artifactKey: Guid(64ce40b1624500c489e6a01c17895311) Importer(815301076,1909f56bfc062723c751e8b465ee728b)
Start importing Assets/Prefabs/MAP/furniture/stone.004.prefab using Guid(64ce40b1624500c489e6a01c17895311) Importer(815301076,1909f56bfc062723c751e8b465ee728b)  -> (artifact id: '35d7623dbe5b60948691e3db6225d18b') in 0.045476 seconds 
========================================================================
Received Import Request.
  Time since last request: 0.000030 seconds.
  path: Assets/Prefabs/MAP/furniture/stone.002.prefab
  artifactKey: Guid(68f3022301a2bc645ae4729aabfec0b2) Importer(815301076,1909f56bfc062723c751e8b465ee728b)
Start importing Assets/Prefabs/MAP/furniture/stone.002.prefab using Guid(68f3022301a2bc645ae4729aabfec0b2) Importer(815301076,1909f56bfc062723c751e8b465ee728b)  -> (artifact id: 'f2dc7532a3a9fb1152a147959d3615cc') in 0.069418 seconds 
========================================================================
Received Import Request.
  Time since last request: 0.000021 seconds.
  path: Assets/Prefabs/MAP/furniture/stone.003.prefab
  artifactKey: Guid(682b3bf311663e3448fddc6ae8af02ef) Importer(815301076,1909f56bfc062723c751e8b465ee728b)
Start importing Assets/Prefabs/MAP/furniture/stone.003.prefab using Guid(682b3bf311663e3448fddc6ae8af02ef) Importer(815301076,1909f56bfc062723c751e8b465ee728b)  -> (artifact id: '900e76bfccebbb5029326e239db92bab') in 0.038128 seconds 
========================================================================
Received Import Request.
  Time since last request: 631.645890 seconds.
  path: Assets/PNG/Map/Alpha/blood1-2.png
  artifactKey: Guid(c2576b289bd2621469b6c444276d1be3) Importer(815301076,1909f56bfc062723c751e8b465ee728b)
Start importing Assets/PNG/Map/Alpha/blood1-2.png using Guid(c2576b289bd2621469b6c444276d1be3) Importer(815301076,1909f56bfc062723c751e8b465ee728b)  -> (artifact id: '104d7a44e4c080700a5489a7278fcb8c') in 0.188088 seconds 
========================================================================
Received Import Request.
  Time since last request: 0.000041 seconds.
  path: Assets/PNG/Map/Alpha/blood5.png
  artifactKey: Guid(c8dc2e50da5abc54bb5721faca31daef) Importer(815301076,1909f56bfc062723c751e8b465ee728b)
Start importing Assets/PNG/Map/Alpha/blood5.png using Guid(c8dc2e50da5abc54bb5721faca31daef) Importer(815301076,1909f56bfc062723c751e8b465ee728b)  -> (artifact id: 'add30ae2d25c36bc650446edd7826750') in 0.016254 seconds 
========================================================================
Received Import Request.
  Time since last request: 0.000055 seconds.
  path: Assets/PNG/Map/Alpha/blood2.png
  artifactKey: Guid(68f5ebb5ef391484dbc30dd8a2d51fa0) Importer(815301076,1909f56bfc062723c751e8b465ee728b)
Start importing Assets/PNG/Map/Alpha/blood2.png using Guid(68f5ebb5ef391484dbc30dd8a2d51fa0) Importer(815301076,1909f56bfc062723c751e8b465ee728b)  -> (artifact id: '71806a5f8af2230b7cba7b8016eafead') in 0.014278 seconds 
========================================================================
Received Import Request.
  Time since last request: 0.000022 seconds.
  path: Assets/PNG/Map/Alpha/blood4.png
  artifactKey: Guid(ab8067fd8867af84c9e7e1c0f616615a) Importer(815301076,1909f56bfc062723c751e8b465ee728b)
Start importing Assets/PNG/Map/Alpha/blood4.png using Guid(ab8067fd8867af84c9e7e1c0f616615a) Importer(815301076,1909f56bfc062723c751e8b465ee728b)  -> (artifact id: '7259d69249fb31e5d42df7174c090ff6') in 0.020120 seconds 
========================================================================
Received Import Request.
  Time since last request: 0.000030 seconds.
  path: Assets/PNG/Map/Alpha/blood_splash1.png
  artifactKey: Guid(5e19c66865256e940b4b8c4edd9128b3) Importer(815301076,1909f56bfc062723c751e8b465ee728b)
Start importing Assets/PNG/Map/Alpha/blood_splash1.png using Guid(5e19c66865256e940b4b8c4edd9128b3) Importer(815301076,1909f56bfc062723c751e8b465ee728b)  -> (artifact id: '96a5f46b096f3da3467b3f1e581c8ddf') in 0.018390 seconds 
========================================================================
Received Import Request.
  Time since last request: 0.000032 seconds.
  path: Assets/PNG/Map/Alpha/blood3.png
  artifactKey: Guid(ea23ea3a8e46d9948b42e692bc52647b) Importer(815301076,1909f56bfc062723c751e8b465ee728b)
Start importing Assets/PNG/Map/Alpha/blood3.png using Guid(ea23ea3a8e46d9948b42e692bc52647b) Importer(815301076,1909f56bfc062723c751e8b465ee728b)  -> (artifact id: '5bde74a5204cc706ee2b56073b817007') in 0.015438 seconds 
========================================================================
Received Import Request.
  Time since last request: 0.000029 seconds.
  path: Assets/PNG/Map/Alpha/blood3-2.png
  artifactKey: Guid(a3a9203c4f1fbf845b6d450855695a52) Importer(815301076,1909f56bfc062723c751e8b465ee728b)
Start importing Assets/PNG/Map/Alpha/blood3-2.png using Guid(a3a9203c4f1fbf845b6d450855695a52) Importer(815301076,1909f56bfc062723c751e8b465ee728b)  -> (artifact id: 'f88227cb1e85dfcbb7da39f1dc6e4651') in 0.035141 seconds 
========================================================================
Received Import Request.
  Time since last request: 0.000032 seconds.
  path: Assets/PNG/Map/Alpha/blood_splash2.png
  artifactKey: Guid(266f950c140b2db48be4a44d3bd2fa19) Importer(815301076,1909f56bfc062723c751e8b465ee728b)
Start importing Assets/PNG/Map/Alpha/blood_splash2.png using Guid(266f950c140b2db48be4a44d3bd2fa19) Importer(815301076,1909f56bfc062723c751e8b465ee728b)  -> (artifact id: '52409d6bdee59625e6870f5cc9393397') in 0.014378 seconds 
========================================================================
Received Import Request.
  Time since last request: 0.000029 seconds.
  path: Assets/PNG/Map/Alpha/blood_splash3.png
  artifactKey: Guid(9b05bfff9f5a15e40be23fc5f6918c34) Importer(815301076,1909f56bfc062723c751e8b465ee728b)
Start importing Assets/PNG/Map/Alpha/blood_splash3.png using Guid(9b05bfff9f5a15e40be23fc5f6918c34) Importer(815301076,1909f56bfc062723c751e8b465ee728b)  -> (artifact id: 'feab1f08ce70f7668b8f4b4eab1b185f') in 0.030301 seconds 
========================================================================
Received Import Request.
  Time since last request: 0.000043 seconds.
  path: Assets/PNG/Map/Alpha/blood6.png
  artifactKey: Guid(a1498047ec318214e93f8aa4c8401c93) Importer(815301076,1909f56bfc062723c751e8b465ee728b)
Start importing Assets/PNG/Map/Alpha/blood6.png using Guid(a1498047ec318214e93f8aa4c8401c93) Importer(815301076,1909f56bfc062723c751e8b465ee728b)  -> (artifact id: '911c301804c4ccacdaff4fd9fe1d42ca') in 0.013387 seconds 
========================================================================
Received Import Request.
  Time since last request: 18.244974 seconds.
  path: Assets/PNG/Map/Alpha/blood_splash3.png
  artifactKey: Guid(9b05bfff9f5a15e40be23fc5f6918c34) Importer(815301076,1909f56bfc062723c751e8b465ee728b)
Start importing Assets/PNG/Map/Alpha/blood_splash3.png using Guid(9b05bfff9f5a15e40be23fc5f6918c34) Importer(815301076,1909f56bfc062723c751e8b465ee728b)  -> (artifact id: '65364fea1b0ba752aa132dcc616f78e9') in 0.027342 seconds 
========================================================================
Received Import Request.
  Time since last request: 5.678347 seconds.
  path: Assets/PNG/Map/Alpha/blood_splash3.png
  artifactKey: Guid(9b05bfff9f5a15e40be23fc5f6918c34) Importer(815301076,1909f56bfc062723c751e8b465ee728b)
Start importing Assets/PNG/Map/Alpha/blood_splash3.png using Guid(9b05bfff9f5a15e40be23fc5f6918c34) Importer(815301076,1909f56bfc062723c751e8b465ee728b)  -> (artifact id: 'ece89306ce3f6ab2c1e481100373fffd') in 0.031723 seconds 
========================================================================
Received Import Request.
  Time since last request: 47.571609 seconds.
  path: Assets/PNG/Map/Alpha/blood_splash2.png
  artifactKey: Guid(266f950c140b2db48be4a44d3bd2fa19) Importer(815301076,1909f56bfc062723c751e8b465ee728b)
Start importing Assets/PNG/Map/Alpha/blood_splash2.png using Guid(266f950c140b2db48be4a44d3bd2fa19) Importer(815301076,1909f56bfc062723c751e8b465ee728b)  -> (artifact id: '7b1133667624ce4cae8db885f4816e39') in 0.016593 seconds 
========================================================================
Received Import Request.
  Time since last request: 6.572077 seconds.
  path: Assets/PNG/Map/Alpha/blood_splash1.png
  artifactKey: Guid(5e19c66865256e940b4b8c4edd9128b3) Importer(815301076,1909f56bfc062723c751e8b465ee728b)
Start importing Assets/PNG/Map/Alpha/blood_splash1.png using Guid(5e19c66865256e940b4b8c4edd9128b3) Importer(815301076,1909f56bfc062723c751e8b465ee728b)  -> (artifact id: '333ed4d580cda5e977a5c95c93feb7bf') in 0.045890 seconds 
========================================================================
Received Import Request.
  Time since last request: 6.570278 seconds.
  path: Assets/PNG/Map/Alpha/blood6.png
  artifactKey: Guid(a1498047ec318214e93f8aa4c8401c93) Importer(815301076,1909f56bfc062723c751e8b465ee728b)
Start importing Assets/PNG/Map/Alpha/blood6.png using Guid(a1498047ec318214e93f8aa4c8401c93) Importer(815301076,1909f56bfc062723c751e8b465ee728b)  -> (artifact id: '9342ac7ac16f16238734c76ef7fef2bc') in 0.022207 seconds 
========================================================================
Received Import Request.
  Time since last request: 6.498727 seconds.
  path: Assets/PNG/Map/Alpha/blood5.png
  artifactKey: Guid(c8dc2e50da5abc54bb5721faca31daef) Importer(815301076,1909f56bfc062723c751e8b465ee728b)
Start importing Assets/PNG/Map/Alpha/blood5.png using Guid(c8dc2e50da5abc54bb5721faca31daef) Importer(815301076,1909f56bfc062723c751e8b465ee728b)  -> (artifact id: '352a327018d2c061e06f82c54383734d') in 0.017996 seconds 
========================================================================
Received Import Request.
  Time since last request: 6.397543 seconds.
  path: Assets/PNG/Map/Alpha/blood4.png
  artifactKey: Guid(ab8067fd8867af84c9e7e1c0f616615a) Importer(815301076,1909f56bfc062723c751e8b465ee728b)
Start importing Assets/PNG/Map/Alpha/blood4.png using Guid(ab8067fd8867af84c9e7e1c0f616615a) Importer(815301076,1909f56bfc062723c751e8b465ee728b)  -> (artifact id: '6795d437a3285b066fcab1e420f36d61') in 0.036977 seconds 
========================================================================
Received Import Request.
  Time since last request: 5.635936 seconds.
  path: Assets/PNG/Map/Alpha/blood3.png
  artifactKey: Guid(ea23ea3a8e46d9948b42e692bc52647b) Importer(815301076,1909f56bfc062723c751e8b465ee728b)
Start importing Assets/PNG/Map/Alpha/blood3.png using Guid(ea23ea3a8e46d9948b42e692bc52647b) Importer(815301076,1909f56bfc062723c751e8b465ee728b)  -> (artifact id: '06458e2af9a8d38a056d1c3af168f88f') in 0.038560 seconds 
========================================================================
Received Import Request.
  Time since last request: 6.546532 seconds.
  path: Assets/PNG/Map/Alpha/blood3-2.png
  artifactKey: Guid(a3a9203c4f1fbf845b6d450855695a52) Importer(815301076,1909f56bfc062723c751e8b465ee728b)
Start importing Assets/PNG/Map/Alpha/blood3-2.png using Guid(a3a9203c4f1fbf845b6d450855695a52) Importer(815301076,1909f56bfc062723c751e8b465ee728b)  -> (artifact id: 'b46538045164aa6c02ecbb019f2b9182') in 0.018220 seconds 
========================================================================
Received Import Request.
  Time since last request: 5.130970 seconds.
  path: Assets/PNG/Map/Alpha/blood2.png
  artifactKey: Guid(68f5ebb5ef391484dbc30dd8a2d51fa0) Importer(815301076,1909f56bfc062723c751e8b465ee728b)
Start importing Assets/PNG/Map/Alpha/blood2.png using Guid(68f5ebb5ef391484dbc30dd8a2d51fa0) Importer(815301076,1909f56bfc062723c751e8b465ee728b)  -> (artifact id: '96c88c785e993598a262b763d234b02f') in 0.017608 seconds 
========================================================================
Received Import Request.
  Time since last request: 7.199104 seconds.
  path: Assets/PNG/Map/Alpha/blood1-2.png
  artifactKey: Guid(c2576b289bd2621469b6c444276d1be3) Importer(815301076,1909f56bfc062723c751e8b465ee728b)
Start importing Assets/PNG/Map/Alpha/blood1-2.png using Guid(c2576b289bd2621469b6c444276d1be3) Importer(815301076,1909f56bfc062723c751e8b465ee728b)  -> (artifact id: '2b35630352b4840f0c09a8d3e697fe9e') in 0.019665 seconds 
========================================================================
Received Import Request.
  Time since last request: 312.114752 seconds.
  path: Assets/PNG/Map/Alpha/Materials/blood6.mat
  artifactKey: Guid(ed5d2acec6bb27847b68eb47db61e20e) Importer(815301076,1909f56bfc062723c751e8b465ee728b)
Start importing Assets/PNG/Map/Alpha/Materials/blood6.mat using Guid(ed5d2acec6bb27847b68eb47db61e20e) Importer(815301076,1909f56bfc062723c751e8b465ee728b)  -> (artifact id: 'df0d94b40af5686916ae1eae4e76c322') in 0.055014 seconds 
========================================================================
Received Import Request.
  Time since last request: 0.000031 seconds.
  path: Assets/PNG/Map/Alpha/Materials/blood_splash3.mat
  artifactKey: Guid(cfd8cfb2ac5bf3440a33c42610cfbd35) Importer(815301076,1909f56bfc062723c751e8b465ee728b)
Start importing Assets/PNG/Map/Alpha/Materials/blood_splash3.mat using Guid(cfd8cfb2ac5bf3440a33c42610cfbd35) Importer(815301076,1909f56bfc062723c751e8b465ee728b)  -> (artifact id: 'd1482bae4a45d4d7dc3e9027b8b0047b') in 0.025413 seconds 
========================================================================
Received Import Request.
  Time since last request: 63.126539 seconds.
  path: Assets/Material/Blue.mat
  artifactKey: Guid(6a0acb7f9aac12546a2489ef11c9abd7) Importer(815301076,1909f56bfc062723c751e8b465ee728b)
Start importing Assets/Material/Blue.mat using Guid(6a0acb7f9aac12546a2489ef11c9abd7) Importer(815301076,1909f56bfc062723c751e8b465ee728b)  -> (artifact id: '56e027c3911ac8e2a6cbb1a8f09339b5') in 0.077507 seconds 
========================================================================
Received Import Request.
  Time since last request: 0.000053 seconds.
  path: Assets/Material/Wood.mat
  artifactKey: Guid(99adc3ab303a2b44cafb83c923eac17b) Importer(815301076,1909f56bfc062723c751e8b465ee728b)
Start importing Assets/Material/Wood.mat using Guid(99adc3ab303a2b44cafb83c923eac17b) Importer(815301076,1909f56bfc062723c751e8b465ee728b)  -> (artifact id: '0840a1890311b991312dbedb190769f9') in 0.132774 seconds 
========================================================================
Received Import Request.
  Time since last request: 663.981763 seconds.
  path: Assets/Scenes/TestAsset.unity
  artifactKey: Guid(dc9d17881d53f9546b711323bc2bc59a) Importer(815301076,1909f56bfc062723c751e8b465ee728b)
Start importing Assets/Scenes/TestAsset.unity using Guid(dc9d17881d53f9546b711323bc2bc59a) Importer(815301076,1909f56bfc062723c751e8b465ee728b)  -> (artifact id: '144bb26777ff32a18e152d7640eb128e') in 0.010130 seconds 
