Using pre-set license
Built from '2021.3/staging' branch; Version is '2021.3.6f1 (7da38d85baf6) revision 8233869'; Using compiler version '192829333'; Build Type 'Release'
OS: 'Windows 10  (10.0.19044) 64bit CoreSingleLanguage' Language: 'en' Physical Memory: 7893 MB
BatchMode: 1, IsHumanControllingUs: 0, StartBugReporterOnCrash: 0, Is64bit: 1, IsPro: 1

COMMAND LINE ARGUMENTS:
D:\workssss\game design\GD4\2021.3.6f1\Editor\Unity.exe
-adb2
-batchMode
-noUpm
-name
AssetImportWorker3
-projectPath
D:/workssss/THESIS/Donegeon/Donegeon
-logFile
Logs/AssetImportWorker3.log
-srvPort
57908
Successfully changed project path to: D:/workssss/THESIS/Donegeon/Donegeon
D:/workssss/THESIS/Donegeon/Donegeon
[UnityMemory] Configuration Parameters - Can be set up in boot.config
    "memorysetup-bucket-allocator-granularity=16"
    "memorysetup-bucket-allocator-bucket-count=8"
    "memorysetup-bucket-allocator-block-size=33554432"
    "memorysetup-bucket-allocator-block-count=8"
    "memorysetup-main-allocator-block-size=16777216"
    "memorysetup-thread-allocator-block-size=16777216"
    "memorysetup-gfx-main-allocator-block-size=16777216"
    "memorysetup-gfx-thread-allocator-block-size=16777216"
    "memorysetup-cache-allocator-block-size=4194304"
    "memorysetup-typetree-allocator-block-size=2097152"
    "memorysetup-profiler-bucket-allocator-granularity=16"
    "memorysetup-profiler-bucket-allocator-bucket-count=8"
    "memorysetup-profiler-bucket-allocator-block-size=33554432"
    "memorysetup-profiler-bucket-allocator-block-count=8"
    "memorysetup-profiler-allocator-block-size=16777216"
    "memorysetup-profiler-editor-allocator-block-size=1048576"
    "memorysetup-temp-allocator-size-main=16777216"
    "memorysetup-job-temp-allocator-block-size=2097152"
    "memorysetup-job-temp-allocator-block-size-background=1048576"
    "memorysetup-job-temp-allocator-reduction-small-platforms=262144"
    "memorysetup-temp-allocator-size-background-worker=32768"
    "memorysetup-temp-allocator-size-job-worker=262144"
    "memorysetup-temp-allocator-size-preload-manager=33554432"
    "memorysetup-temp-allocator-size-nav-mesh-worker=65536"
    "memorysetup-temp-allocator-size-audio-worker=65536"
    "memorysetup-temp-allocator-size-cloud-worker=32768"
    "memorysetup-temp-allocator-size-gi-baking-worker=262144"
    "memorysetup-temp-allocator-size-gfx=262144"
Default GameObject BitMask: Water already registered
Refreshing native plugins compatible for Editor in 95.61 ms, found 4 plugins.
Preloading 0 native plugins for Editor in 0.00 ms.
Initialize engine version: 2021.3.6f1 (7da38d85baf6)
[Subsystems] Discovering subsystems at path D:/workssss/game design/GD4/2021.3.6f1/Editor/Data/Resources/UnitySubsystems
[Subsystems] Discovering subsystems at path D:/workssss/THESIS/Donegeon/Donegeon/Assets
GfxDevice: creating device client; threaded=0; jobified=0
Direct3D:
    Version:  Direct3D 11.0 [level 11.1]
    Renderer: NVIDIA GeForce RTX 3050 Laptop GPU (ID=0x25a5)
    Vendor:   NVIDIA
    VRAM:     3991 MB
    Driver:   27.21.14.6221
Initialize mono
Mono path[0] = 'D:/workssss/game design/GD4/2021.3.6f1/Editor/Data/Managed'
Mono path[1] = 'D:/workssss/game design/GD4/2021.3.6f1/Editor/Data/MonoBleedingEdge/lib/mono/unityjit-win32'
Mono config path = 'D:/workssss/game design/GD4/2021.3.6f1/Editor/Data/MonoBleedingEdge/etc'
Using monoOptions --debugger-agent=transport=dt_socket,embedding=1,server=y,suspend=n,address=127.0.0.1:56020
Begin MonoManager ReloadAssembly
Registering precompiled unity dll's ...
Register platform support module: D:/workssss/game design/GD4/2021.3.6f1/Editor/Data/PlaybackEngines/WebGLSupport/UnityEditor.WebGL.Extensions.dll
Register platform support module: D:/workssss/game design/GD4/2021.3.6f1/Editor/Data/PlaybackEngines/WindowsStandaloneSupport/UnityEditor.WindowsStandalone.Extensions.dll
Registered in 0.002746 seconds.
Native extension for WindowsStandalone target not found
Native extension for WebGL target not found
Refreshing native plugins compatible for Editor in 100.51 ms, found 4 plugins.
Preloading 0 native plugins for Editor in 0.00 ms.
Mono: successfully reloaded assembly
- Completed reload, in  0.499 seconds
Domain Reload Profiling:
	ReloadAssembly (499ms)
		BeginReloadAssembly (59ms)
			ExecutionOrderSort (0ms)
			DisableScriptedObjects (0ms)
			BackupInstance (0ms)
			ReleaseScriptingObjects (0ms)
			CreateAndSetChildDomain (1ms)
		EndReloadAssembly (360ms)
			LoadAssemblies (59ms)
			RebuildTransferFunctionScriptingTraits (0ms)
			SetupTypeCache (83ms)
			ReleaseScriptCaches (0ms)
			RebuildScriptCaches (19ms)
			SetupLoadedEditorAssemblies (223ms)
				LogAssemblyErrors (0ms)
				InitializePlatformSupportModulesInManaged (6ms)
				SetLoadedEditorAssemblies (0ms)
				RefreshPlugins (101ms)
				BeforeProcessingInitializeOnLoad (1ms)
				ProcessInitializeOnLoadAttributes (85ms)
				ProcessInitializeOnLoadMethodAttributes (30ms)
				AfterProcessingInitializeOnLoad (0ms)
				EditorAssembliesLoaded (0ms)
			ExecutionOrderSort2 (0ms)
			AwakeInstancesAfterBackupRestoration (0ms)
Platform modules already initialized, skipping
Registering precompiled user dll's ...
Registered in 0.004820 seconds.
Begin MonoManager ReloadAssembly
Symbol file LoadedFromMemory doesn't match image D:\workssss\THESIS\Donegeon\Donegeon\Library\PackageCache\com.unity.visualscripting@1.7.8\Editor\VisualScripting.Core\Dependencies\YamlDotNet\Unity.VisualScripting.YamlDotNet.dll
Symbol file LoadedFromMemory doesn't match image D:\workssss\THESIS\Donegeon\Donegeon\Library\PackageCache\com.unity.visualscripting@1.7.8\Editor\VisualScripting.Core\Dependencies\DotNetZip\Unity.VisualScripting.IonicZip.dll
Native extension for WindowsStandalone target not found
Native extension for WebGL target not found
Refreshing native plugins compatible for Editor in 97.63 ms, found 4 plugins.
Preloading 0 native plugins for Editor in 0.00 ms.
Mono: successfully reloaded assembly
- Completed reload, in  2.442 seconds
Domain Reload Profiling:
	ReloadAssembly (2442ms)
		BeginReloadAssembly (92ms)
			ExecutionOrderSort (0ms)
			DisableScriptedObjects (4ms)
			BackupInstance (0ms)
			ReleaseScriptingObjects (0ms)
			CreateAndSetChildDomain (16ms)
		EndReloadAssembly (2200ms)
			LoadAssemblies (1387ms)
			RebuildTransferFunctionScriptingTraits (0ms)
			SetupTypeCache (217ms)
			ReleaseScriptCaches (1ms)
			RebuildScriptCaches (48ms)
			SetupLoadedEditorAssemblies (523ms)
				LogAssemblyErrors (0ms)
				InitializePlatformSupportModulesInManaged (3ms)
				SetLoadedEditorAssemblies (0ms)
				RefreshPlugins (98ms)
				BeforeProcessingInitializeOnLoad (92ms)
				ProcessInitializeOnLoadAttributes (267ms)
				ProcessInitializeOnLoadMethodAttributes (61ms)
				AfterProcessingInitializeOnLoad (2ms)
				EditorAssembliesLoaded (0ms)
			ExecutionOrderSort2 (0ms)
			AwakeInstancesAfterBackupRestoration (4ms)
Platform modules already initialized, skipping
========================================================================
Worker process is ready to serve import requests
Default GameObject BitMask: Water already registered
Launched and connected shader compiler UnityShaderCompiler.exe after 0.19 seconds
Refreshing native plugins compatible for Editor in 1.02 ms, found 4 plugins.
Preloading 0 native plugins for Editor in 0.00 ms.
Unloading 6001 Unused Serialized files (Serialized files now loaded: 0)
Unloading 41 unused Assets / (0.7 MB). Loaded Objects now: 6455.
Memory consumption went from 236.4 MB to 235.7 MB.
Total: 3.502800 ms (FindLiveObjects: 0.392700 ms CreateObjectMapping: 0.206800 ms MarkObjects: 2.608800 ms  DeleteObjects: 0.293800 ms)

AssetImportParameters requested are different than current active one (requested -> active):
  custom:video-decoder-ogg-theora: a1e56fd34408186e4bbccfd4996cb3dc -> 
  custom:container-muxer-webm: aa71ff27fc2769a1b78a27578f13a17b -> 
  custom:container-demuxer-webm: 4f35f7cbe854078d1ac9338744f61a02 -> 
  custom:video-encoder-webm-vp8: eb34c28f22e8b96e1ab97ce403110664 -> 
  custom:audio-encoder-webm-vorbis: bf7c407c2cedff20999df2af8eb42d56 -> 
  custom:framework-win-MediaFoundation: 216162199b28c13a410421893ffa2e32 -> 
  custom:container-demuxer-ogg: 62fdf1f143b41e24485cea50d1cbac27 -> 
  custom:video-decoder-webm-vp8: 9c59270c3fd7afecdb556c50c9e8de78 -> 
  custom:audio-decoder-ogg-vorbis: bf7c407c2cedff20999df2af8eb42d56 -> 
========================================================================
Received Import Request.
  Time since last request: 4937.328088 seconds.
  path: Assets/PNG/Map/T&C_wooden.png
  artifactKey: Guid(1f199aa8d168eb949bb6dad8d490afc8) Importer(815301076,1909f56bfc062723c751e8b465ee728b)
Start importing Assets/PNG/Map/T&C_wooden.png using Guid(1f199aa8d168eb949bb6dad8d490afc8) Importer(815301076,1909f56bfc062723c751e8b465ee728b)  -> (artifact id: '679b4514811b6b3168f9875d69060705') in 0.569754 seconds 
========================================================================
Received Import Request.
  Time since last request: 0.000023 seconds.
  path: Assets/PNG/Map/wooden_QBBRS.png
  artifactKey: Guid(231f6afe6d3c32947a55180e6ee5b5d4) Importer(815301076,1909f56bfc062723c751e8b465ee728b)
Start importing Assets/PNG/Map/wooden_QBBRS.png using Guid(231f6afe6d3c32947a55180e6ee5b5d4) Importer(815301076,1909f56bfc062723c751e8b465ee728b)  -> (artifact id: 'f2f75177d4629d64fc6d4cb44105daea') in 0.029394 seconds 
========================================================================
Received Import Request.
  Time since last request: 4.764820 seconds.
  path: Assets/PNG/Map/wooden_QBBRS.png
  artifactKey: Guid(231f6afe6d3c32947a55180e6ee5b5d4) Importer(815301076,1909f56bfc062723c751e8b465ee728b)
Start importing Assets/PNG/Map/wooden_QBBRS.png using Guid(231f6afe6d3c32947a55180e6ee5b5d4) Importer(815301076,1909f56bfc062723c751e8b465ee728b)  -> (artifact id: 'e75924043ced3eb58d759801328ebf10') in 0.023628 seconds 
========================================================================
Received Import Request.
  Time since last request: 117.964296 seconds.
  path: Assets/Prefabs/GameManager.prefab
  artifactKey: Guid(01dc8eb2c2d5b534cb98b8e4970ba9c3) Importer(815301076,1909f56bfc062723c751e8b465ee728b)
Start importing Assets/Prefabs/GameManager.prefab using Guid(01dc8eb2c2d5b534cb98b8e4970ba9c3) Importer(815301076,1909f56bfc062723c751e8b465ee728b)  -> (artifact id: '9e8e63b840525d9b02315aad252cd899') in 0.178695 seconds 
========================================================================
Received Import Request.
  Time since last request: 0.000026 seconds.
  path: Assets/Prefabs/UI.prefab
  artifactKey: Guid(896b91b519f7479468e411523e8377c1) Importer(815301076,1909f56bfc062723c751e8b465ee728b)
Start importing Assets/Prefabs/UI.prefab using Guid(896b91b519f7479468e411523e8377c1) Importer(815301076,1909f56bfc062723c751e8b465ee728b)  -> (artifact id: '180fe4f9451ce8411e0c7b8f2bd713ed') in 0.059566 seconds 
========================================================================
Received Import Request.
  Time since last request: 0.000027 seconds.
  path: Assets/Prefabs/Player.prefab
  artifactKey: Guid(0a7231b058b357d4f8d9ebcdf0aa5c0a) Importer(815301076,1909f56bfc062723c751e8b465ee728b)
Start importing Assets/Prefabs/Player.prefab using Guid(0a7231b058b357d4f8d9ebcdf0aa5c0a) Importer(815301076,1909f56bfc062723c751e8b465ee728b)  -> (artifact id: '6cd3d9b4ea50918c2b79fc38bc6c88bc') in 1.301452 seconds 
========================================================================
Received Import Request.
  Time since last request: 44.950992 seconds.
  path: Assets/Prefabs/MAP/furniture/wooden_shelf.fbx
  artifactKey: Guid(d6d3b262996ec12448d9fd9a3284b97c) Importer(815301076,1909f56bfc062723c751e8b465ee728b)
Start importing Assets/Prefabs/MAP/furniture/wooden_shelf.fbx using Guid(d6d3b262996ec12448d9fd9a3284b97c) Importer(815301076,1909f56bfc062723c751e8b465ee728b)  -> (artifact id: '92c8069a85d34bb884ae772890f891c4') in 0.524017 seconds 
========================================================================
Received Import Request.
  Time since last request: 5.724754 seconds.
  path: Assets/Prefabs/MAP/furniture/wooden_plank_shelf.fbx
  artifactKey: Guid(c0a2920cda2646d49b8b07d6d8963670) Importer(815301076,1909f56bfc062723c751e8b465ee728b)
Start importing Assets/Prefabs/MAP/furniture/wooden_plank_shelf.fbx using Guid(c0a2920cda2646d49b8b07d6d8963670) Importer(815301076,1909f56bfc062723c751e8b465ee728b)  -> (artifact id: '86317123df6ef71ef08f2424a1858ddd') in 0.030391 seconds 
========================================================================
Received Import Request.
  Time since last request: 20.430318 seconds.
  path: Assets/Mesh/Tools
  artifactKey: Guid(5d7a82d9e8693f34883309ce6f92aa95) Importer(815301076,1909f56bfc062723c751e8b465ee728b)
Start importing Assets/Mesh/Tools using Guid(5d7a82d9e8693f34883309ce6f92aa95) Importer(815301076,1909f56bfc062723c751e8b465ee728b)  -> (artifact id: '352df61c172112c3d3b48307fd8bc682') in 0.005460 seconds 
========================================================================
Received Import Request.
  Time since last request: 39.084608 seconds.
  path: Assets/Prefabs/MAP/beam
  artifactKey: Guid(2a4722ad6a828f849ae060ebd22bb0a0) Importer(815301076,1909f56bfc062723c751e8b465ee728b)
Start importing Assets/Prefabs/MAP/beam using Guid(2a4722ad6a828f849ae060ebd22bb0a0) Importer(815301076,1909f56bfc062723c751e8b465ee728b)  -> (artifact id: '20d836277ea73d3a6552f5c5a184b9c1') in 0.019732 seconds 
========================================================================
Received Import Request.
  Time since last request: 93.458171 seconds.
  path: Assets/Materials/Beam.mat
  artifactKey: Guid(7dc0a442d2ff8a34cab1dd35792d15ec) Importer(815301076,1909f56bfc062723c751e8b465ee728b)
Start importing Assets/Materials/Beam.mat using Guid(7dc0a442d2ff8a34cab1dd35792d15ec) Importer(815301076,1909f56bfc062723c751e8b465ee728b)  -> (artifact id: 'f65b784fe4c286c7c6c45b025881777e') in 0.126993 seconds 
========================================================================
Received Import Request.
  Time since last request: 0.000038 seconds.
  path: Assets/Materials/woodPlank.mat
  artifactKey: Guid(d47571fcd5716464590f4efb93ea807e) Importer(815301076,1909f56bfc062723c751e8b465ee728b)
Start importing Assets/Materials/woodPlank.mat using Guid(d47571fcd5716464590f4efb93ea807e) Importer(815301076,1909f56bfc062723c751e8b465ee728b)  -> (artifact id: 'bcf7656d73b316aebf5481e841a204d9') in 0.087656 seconds 
========================================================================
Received Import Request.
  Time since last request: 86.363594 seconds.
  path: Assets/Mesh/questBoard.fbx
  artifactKey: Guid(99567a85b141ffd47bfd5285d3065411) Importer(815301076,1909f56bfc062723c751e8b465ee728b)
Start importing Assets/Mesh/questBoard.fbx using Guid(99567a85b141ffd47bfd5285d3065411) Importer(815301076,1909f56bfc062723c751e8b465ee728b)  -> (artifact id: '08af3ec1f737fd3267c62e0e7c11513b') in 0.027801 seconds 
========================================================================
Received Import Request.
  Time since last request: 27.553161 seconds.
  path: Assets/Prefabs/MAP/furniture/barrel.fbx
  artifactKey: Guid(8787356b6b4b75b43ace97d52e63383d) Importer(815301076,1909f56bfc062723c751e8b465ee728b)
Start importing Assets/Prefabs/MAP/furniture/barrel.fbx using Guid(8787356b6b4b75b43ace97d52e63383d) Importer(815301076,1909f56bfc062723c751e8b465ee728b)  -> (artifact id: '3727e6529fca21a5b455fefb7e171218') in 0.026776 seconds 
========================================================================
Received Import Request.
  Time since last request: 0.000031 seconds.
  path: Assets/Prefabs/MAP/furniture/wooden_chair1.fbx
  artifactKey: Guid(6ebf2107dd9347641abe20dbbab0c86a) Importer(815301076,1909f56bfc062723c751e8b465ee728b)
Start importing Assets/Prefabs/MAP/furniture/wooden_chair1.fbx using Guid(6ebf2107dd9347641abe20dbbab0c86a) Importer(815301076,1909f56bfc062723c751e8b465ee728b)  -> (artifact id: 'f3389b864eea942acc4bc19d841226c5') in 0.119697 seconds 
========================================================================
Received Import Request.
  Time since last request: 0.000027 seconds.
  path: Assets/Prefabs/MAP/furniture/wooden_bar.fbx
  artifactKey: Guid(5d6a4cf7b0200564da25607d88507ec8) Importer(815301076,1909f56bfc062723c751e8b465ee728b)
Start importing Assets/Prefabs/MAP/furniture/wooden_bar.fbx using Guid(5d6a4cf7b0200564da25607d88507ec8) Importer(815301076,1909f56bfc062723c751e8b465ee728b)  -> (artifact id: 'b44d7fb6a9f96cd78ff85e305f92f531') in 0.022282 seconds 
========================================================================
Received Import Request.
  Time since last request: 0.000023 seconds.
  path: Assets/Prefabs/MAP/furniture/wooden_table1.fbx
  artifactKey: Guid(75b744c9c397eae48b894d605ed3e50d) Importer(815301076,1909f56bfc062723c751e8b465ee728b)
Start importing Assets/Prefabs/MAP/furniture/wooden_table1.fbx using Guid(75b744c9c397eae48b894d605ed3e50d) Importer(815301076,1909f56bfc062723c751e8b465ee728b)  -> (artifact id: '82aa85efe18ec79f3084f8e6a17adbc4') in 0.066861 seconds 
========================================================================
Received Import Request.
  Time since last request: 0.000023 seconds.
  path: Assets/Prefabs/MAP/furniture/wooden_diningtable.fbx
  artifactKey: Guid(2f86f98d7ea80a9438d6535792ee08f1) Importer(815301076,1909f56bfc062723c751e8b465ee728b)
Start importing Assets/Prefabs/MAP/furniture/wooden_diningtable.fbx using Guid(2f86f98d7ea80a9438d6535792ee08f1) Importer(815301076,1909f56bfc062723c751e8b465ee728b)  -> (artifact id: 'df0a3742e9d0fc9f01c25106a2d3fa68') in 0.030659 seconds 
========================================================================
Received Import Request.
  Time since last request: 0.000027 seconds.
  path: Assets/Prefabs/MAP/furniture/wooden_circlechair.fbx
  artifactKey: Guid(022813f309b84514a8c26159a0732e8f) Importer(815301076,1909f56bfc062723c751e8b465ee728b)
Start importing Assets/Prefabs/MAP/furniture/wooden_circlechair.fbx using Guid(022813f309b84514a8c26159a0732e8f) Importer(815301076,1909f56bfc062723c751e8b465ee728b)  -> (artifact id: '07ace3661394a0f123d74309d1cd7b35') in 0.032175 seconds 
========================================================================
Received Import Request.
  Time since last request: 885.431103 seconds.
  path: Assets/Animation/Hammer.controller
  artifactKey: Guid(a27d02aa3e18852449c40dda06e80a9c) Importer(815301076,1909f56bfc062723c751e8b465ee728b)
Start importing Assets/Animation/Hammer.controller using Guid(a27d02aa3e18852449c40dda06e80a9c) Importer(815301076,1909f56bfc062723c751e8b465ee728b)  -> (artifact id: 'e3e185ebefc7e062ea5c23aaaa81be95') in 0.175326 seconds 
========================================================================
Received Import Request.
  Time since last request: 47.555072 seconds.
  path: Assets/Prefabs/MAP/furniture/beer_holder.fbx
  artifactKey: Guid(9143a24c6d44c234c9772f8fac6bffb3) Importer(815301076,1909f56bfc062723c751e8b465ee728b)
Start importing Assets/Prefabs/MAP/furniture/beer_holder.fbx using Guid(9143a24c6d44c234c9772f8fac6bffb3) Importer(815301076,1909f56bfc062723c751e8b465ee728b)  -> (artifact id: '38e5dd8cb91605902d40b3c1e348ff12') in 0.042283 seconds 
========================================================================
Received Prepare
Default GameObject BitMask: Water already registered
Registering precompiled user dll's ...
Registered in 0.004497 seconds.
Begin MonoManager ReloadAssembly
Symbol file LoadedFromMemory doesn't match image D:\workssss\THESIS\Donegeon\Donegeon\Library\PackageCache\com.unity.visualscripting@1.7.8\Editor\VisualScripting.Core\Dependencies\YamlDotNet\Unity.VisualScripting.YamlDotNet.dll
Symbol file LoadedFromMemory doesn't match image D:\workssss\THESIS\Donegeon\Donegeon\Library\PackageCache\com.unity.visualscripting@1.7.8\Editor\VisualScripting.Core\Dependencies\DotNetZip\Unity.VisualScripting.IonicZip.dll
Native extension for WindowsStandalone target not found
Native extension for WebGL target not found
Refreshing native plugins compatible for Editor in 2.16 ms, found 4 plugins.
Preloading 0 native plugins for Editor in 0.00 ms.
Mono: successfully reloaded assembly
- Completed reload, in  1.745 seconds
Domain Reload Profiling:
	ReloadAssembly (1746ms)
		BeginReloadAssembly (236ms)
			ExecutionOrderSort (0ms)
			DisableScriptedObjects (10ms)
			BackupInstance (0ms)
			ReleaseScriptingObjects (0ms)
			CreateAndSetChildDomain (76ms)
		EndReloadAssembly (1407ms)
			LoadAssemblies (153ms)
			RebuildTransferFunctionScriptingTraits (0ms)
			SetupTypeCache (322ms)
			ReleaseScriptCaches (4ms)
			RebuildScriptCaches (53ms)
			SetupLoadedEditorAssemblies (485ms)
				LogAssemblyErrors (0ms)
				InitializePlatformSupportModulesInManaged (14ms)
				SetLoadedEditorAssemblies (1ms)
				RefreshPlugins (2ms)
				BeforeProcessingInitializeOnLoad (85ms)
				ProcessInitializeOnLoadAttributes (287ms)
				ProcessInitializeOnLoadMethodAttributes (91ms)
				AfterProcessingInitializeOnLoad (3ms)
				EditorAssembliesLoaded (0ms)
			ExecutionOrderSort2 (0ms)
			AwakeInstancesAfterBackupRestoration (28ms)
Platform modules already initialized, skipping
Refreshing native plugins compatible for Editor in 2.76 ms, found 4 plugins.
Preloading 0 native plugins for Editor in 0.00 ms.
Unloading 5851 Unused Serialized files (Serialized files now loaded: 0)
Unloading 33 unused Assets / (0.7 MB). Loaded Objects now: 6553.
Memory consumption went from 234.2 MB to 233.5 MB.
Total: 47.416200 ms (FindLiveObjects: 0.544700 ms CreateObjectMapping: 0.277800 ms MarkObjects: 46.135900 ms  DeleteObjects: 0.453400 ms)

AssetImportParameters requested are different than current active one (requested -> active):
  custom:video-decoder-ogg-theora: a1e56fd34408186e4bbccfd4996cb3dc -> 
  custom:container-muxer-webm: aa71ff27fc2769a1b78a27578f13a17b -> 
  custom:container-demuxer-webm: 4f35f7cbe854078d1ac9338744f61a02 -> 
  custom:video-encoder-webm-vp8: eb34c28f22e8b96e1ab97ce403110664 -> 
  custom:audio-encoder-webm-vorbis: bf7c407c2cedff20999df2af8eb42d56 -> 
  custom:framework-win-MediaFoundation: 216162199b28c13a410421893ffa2e32 -> 
  custom:container-demuxer-ogg: 62fdf1f143b41e24485cea50d1cbac27 -> 
  custom:video-decoder-webm-vp8: 9c59270c3fd7afecdb556c50c9e8de78 -> 
  custom:audio-decoder-ogg-vorbis: bf7c407c2cedff20999df2af8eb42d56 -> 
========================================================================
Received Prepare
Default GameObject BitMask: Water already registered
Registering precompiled user dll's ...
Registered in 0.005599 seconds.
Begin MonoManager ReloadAssembly
Symbol file LoadedFromMemory doesn't match image D:\workssss\THESIS\Donegeon\Donegeon\Library\PackageCache\com.unity.visualscripting@1.7.8\Editor\VisualScripting.Core\Dependencies\YamlDotNet\Unity.VisualScripting.YamlDotNet.dll
Symbol file LoadedFromMemory doesn't match image D:\workssss\THESIS\Donegeon\Donegeon\Library\PackageCache\com.unity.visualscripting@1.7.8\Editor\VisualScripting.Core\Dependencies\DotNetZip\Unity.VisualScripting.IonicZip.dll
Native extension for WindowsStandalone target not found
Native extension for WebGL target not found
Refreshing native plugins compatible for Editor in 0.96 ms, found 4 plugins.
Preloading 0 native plugins for Editor in 0.00 ms.
Mono: successfully reloaded assembly
- Completed reload, in  1.078 seconds
Domain Reload Profiling:
	ReloadAssembly (1078ms)
		BeginReloadAssembly (132ms)
			ExecutionOrderSort (0ms)
			DisableScriptedObjects (4ms)
			BackupInstance (0ms)
			ReleaseScriptingObjects (0ms)
			CreateAndSetChildDomain (38ms)
		EndReloadAssembly (868ms)
			LoadAssemblies (92ms)
			RebuildTransferFunctionScriptingTraits (0ms)
			SetupTypeCache (234ms)
			ReleaseScriptCaches (2ms)
			RebuildScriptCaches (37ms)
			SetupLoadedEditorAssemblies (438ms)
				LogAssemblyErrors (0ms)
				InitializePlatformSupportModulesInManaged (10ms)
				SetLoadedEditorAssemblies (0ms)
				RefreshPlugins (1ms)
				BeforeProcessingInitializeOnLoad (69ms)
				ProcessInitializeOnLoadAttributes (273ms)
				ProcessInitializeOnLoadMethodAttributes (81ms)
				AfterProcessingInitializeOnLoad (3ms)
				EditorAssembliesLoaded (0ms)
			ExecutionOrderSort2 (0ms)
			AwakeInstancesAfterBackupRestoration (20ms)
Platform modules already initialized, skipping
Refreshing native plugins compatible for Editor in 3.04 ms, found 4 plugins.
Preloading 0 native plugins for Editor in 0.00 ms.
Unloading 5852 Unused Serialized files (Serialized files now loaded: 0)
Unloading 32 unused Assets / (0.7 MB). Loaded Objects now: 6556.
Memory consumption went from 234.3 MB to 233.6 MB.
Total: 4.161200 ms (FindLiveObjects: 0.562600 ms CreateObjectMapping: 0.243600 ms MarkObjects: 2.982300 ms  DeleteObjects: 0.369400 ms)

AssetImportParameters requested are different than current active one (requested -> active):
  custom:video-decoder-ogg-theora: a1e56fd34408186e4bbccfd4996cb3dc -> 
  custom:container-muxer-webm: aa71ff27fc2769a1b78a27578f13a17b -> 
  custom:container-demuxer-webm: 4f35f7cbe854078d1ac9338744f61a02 -> 
  custom:video-encoder-webm-vp8: eb34c28f22e8b96e1ab97ce403110664 -> 
  custom:audio-encoder-webm-vorbis: bf7c407c2cedff20999df2af8eb42d56 -> 
  custom:framework-win-MediaFoundation: 216162199b28c13a410421893ffa2e32 -> 
  custom:container-demuxer-ogg: 62fdf1f143b41e24485cea50d1cbac27 -> 
  custom:video-decoder-webm-vp8: 9c59270c3fd7afecdb556c50c9e8de78 -> 
  custom:audio-decoder-ogg-vorbis: bf7c407c2cedff20999df2af8eb42d56 -> 
