Using pre-set license
Built from '2021.3/staging' branch; Version is '2021.3.6f1 (7da38d85baf6) revision 8233869'; Using compiler version '192829333'; Build Type 'Release'
OS: 'Windows 10  (10.0.19044) 64bit CoreSingleLanguage' Language: 'en' Physical Memory: 7893 MB
BatchMode: 1, IsHumanControllingUs: 0, StartBugReporterOnCrash: 0, Is64bit: 1, IsPro: 1

COMMAND LINE ARGUMENTS:
D:\workssss\game design\GD4\2021.3.6f1\Editor\Unity.exe
-adb2
-batchMode
-noUpm
-name
AssetImportWorker3
-projectPath
D:/workssss/THESIS/Donegeon/Donegeon
-logFile
Logs/AssetImportWorker3.log
-srvPort
54506
Successfully changed project path to: D:/workssss/THESIS/Donegeon/Donegeon
D:/workssss/THESIS/Donegeon/Donegeon
[UnityMemory] Configuration Parameters - Can be set up in boot.config
    "memorysetup-bucket-allocator-granularity=16"
    "memorysetup-bucket-allocator-bucket-count=8"
    "memorysetup-bucket-allocator-block-size=33554432"
    "memorysetup-bucket-allocator-block-count=8"
    "memorysetup-main-allocator-block-size=16777216"
    "memorysetup-thread-allocator-block-size=16777216"
    "memorysetup-gfx-main-allocator-block-size=16777216"
    "memorysetup-gfx-thread-allocator-block-size=16777216"
    "memorysetup-cache-allocator-block-size=4194304"
    "memorysetup-typetree-allocator-block-size=2097152"
    "memorysetup-profiler-bucket-allocator-granularity=16"
    "memorysetup-profiler-bucket-allocator-bucket-count=8"
    "memorysetup-profiler-bucket-allocator-block-size=33554432"
    "memorysetup-profiler-bucket-allocator-block-count=8"
    "memorysetup-profiler-allocator-block-size=16777216"
    "memorysetup-profiler-editor-allocator-block-size=1048576"
    "memorysetup-temp-allocator-size-main=16777216"
    "memorysetup-job-temp-allocator-block-size=2097152"
    "memorysetup-job-temp-allocator-block-size-background=1048576"
    "memorysetup-job-temp-allocator-reduction-small-platforms=262144"
    "memorysetup-temp-allocator-size-background-worker=32768"
    "memorysetup-temp-allocator-size-job-worker=262144"
    "memorysetup-temp-allocator-size-preload-manager=33554432"
    "memorysetup-temp-allocator-size-nav-mesh-worker=65536"
    "memorysetup-temp-allocator-size-audio-worker=65536"
    "memorysetup-temp-allocator-size-cloud-worker=32768"
    "memorysetup-temp-allocator-size-gi-baking-worker=262144"
    "memorysetup-temp-allocator-size-gfx=262144"
Refreshing native plugins compatible for Editor in 92.19 ms, found 3 plugins.
Preloading 0 native plugins for Editor in 0.00 ms.
Initialize engine version: 2021.3.6f1 (7da38d85baf6)
[Subsystems] Discovering subsystems at path D:/workssss/game design/GD4/2021.3.6f1/Editor/Data/Resources/UnitySubsystems
[Subsystems] Discovering subsystems at path D:/workssss/THESIS/Donegeon/Donegeon/Assets
GfxDevice: creating device client; threaded=0; jobified=0
Direct3D:
    Version:  Direct3D 11.0 [level 11.1]
    Renderer: NVIDIA GeForce RTX 3050 Laptop GPU (ID=0x25a5)
    Vendor:   NVIDIA
    VRAM:     3991 MB
    Driver:   27.21.14.6221
Initialize mono
Mono path[0] = 'D:/workssss/game design/GD4/2021.3.6f1/Editor/Data/Managed'
Mono path[1] = 'D:/workssss/game design/GD4/2021.3.6f1/Editor/Data/MonoBleedingEdge/lib/mono/unityjit-win32'
Mono config path = 'D:/workssss/game design/GD4/2021.3.6f1/Editor/Data/MonoBleedingEdge/etc'
Using monoOptions --debugger-agent=transport=dt_socket,embedding=1,server=y,suspend=n,address=127.0.0.1:56480
Begin MonoManager ReloadAssembly
Registering precompiled unity dll's ...
Register platform support module: D:/workssss/game design/GD4/2021.3.6f1/Editor/Data/PlaybackEngines/WebGLSupport/UnityEditor.WebGL.Extensions.dll
Register platform support module: D:/workssss/game design/GD4/2021.3.6f1/Editor/Data/PlaybackEngines/WindowsStandaloneSupport/UnityEditor.WindowsStandalone.Extensions.dll
Registered in 0.002766 seconds.
Native extension for WindowsStandalone target not found
Native extension for WebGL target not found
Refreshing native plugins compatible for Editor in 107.26 ms, found 3 plugins.
Preloading 0 native plugins for Editor in 0.00 ms.
Mono: successfully reloaded assembly
- Completed reload, in  0.520 seconds
Domain Reload Profiling:
	ReloadAssembly (521ms)
		BeginReloadAssembly (57ms)
			ExecutionOrderSort (0ms)
			DisableScriptedObjects (0ms)
			BackupInstance (0ms)
			ReleaseScriptingObjects (0ms)
			CreateAndSetChildDomain (1ms)
		EndReloadAssembly (382ms)
			LoadAssemblies (57ms)
			RebuildTransferFunctionScriptingTraits (0ms)
			SetupTypeCache (84ms)
			ReleaseScriptCaches (0ms)
			RebuildScriptCaches (22ms)
			SetupLoadedEditorAssemblies (238ms)
				LogAssemblyErrors (0ms)
				InitializePlatformSupportModulesInManaged (6ms)
				SetLoadedEditorAssemblies (0ms)
				RefreshPlugins (108ms)
				BeforeProcessingInitializeOnLoad (1ms)
				ProcessInitializeOnLoadAttributes (89ms)
				ProcessInitializeOnLoadMethodAttributes (33ms)
				AfterProcessingInitializeOnLoad (0ms)
				EditorAssembliesLoaded (0ms)
			ExecutionOrderSort2 (0ms)
			AwakeInstancesAfterBackupRestoration (0ms)
Platform modules already initialized, skipping
Registering precompiled user dll's ...
Registered in 0.004933 seconds.
Begin MonoManager ReloadAssembly
Symbol file LoadedFromMemory doesn't match image D:\workssss\THESIS\Donegeon\Donegeon\Library\PackageCache\com.unity.visualscripting@1.7.8\Editor\VisualScripting.Core\Dependencies\YamlDotNet\Unity.VisualScripting.YamlDotNet.dll
Symbol file LoadedFromMemory doesn't match image D:\workssss\THESIS\Donegeon\Donegeon\Library\PackageCache\com.unity.visualscripting@1.7.8\Editor\VisualScripting.Core\Dependencies\DotNetZip\Unity.VisualScripting.IonicZip.dll
Native extension for WindowsStandalone target not found
Native extension for WebGL target not found
Refreshing native plugins compatible for Editor in 92.08 ms, found 3 plugins.
Preloading 0 native plugins for Editor in 0.00 ms.
Mono: successfully reloaded assembly
- Completed reload, in  1.516 seconds
Domain Reload Profiling:
	ReloadAssembly (1517ms)
		BeginReloadAssembly (105ms)
			ExecutionOrderSort (0ms)
			DisableScriptedObjects (6ms)
			BackupInstance (0ms)
			ReleaseScriptingObjects (0ms)
			CreateAndSetChildDomain (19ms)
		EndReloadAssembly (1326ms)
			LoadAssemblies (75ms)
			RebuildTransferFunctionScriptingTraits (0ms)
			SetupTypeCache (225ms)
			ReleaseScriptCaches (1ms)
			RebuildScriptCaches (48ms)
			SetupLoadedEditorAssemblies (955ms)
				LogAssemblyErrors (0ms)
				InitializePlatformSupportModulesInManaged (3ms)
				SetLoadedEditorAssemblies (0ms)
				RefreshPlugins (92ms)
				BeforeProcessingInitializeOnLoad (91ms)
				ProcessInitializeOnLoadAttributes (520ms)
				ProcessInitializeOnLoadMethodAttributes (246ms)
				AfterProcessingInitializeOnLoad (2ms)
				EditorAssembliesLoaded (0ms)
			ExecutionOrderSort2 (0ms)
			AwakeInstancesAfterBackupRestoration (4ms)
Platform modules already initialized, skipping
========================================================================
Worker process is ready to serve import requests
Launched and connected shader compiler UnityShaderCompiler.exe after 0.65 seconds
Refreshing native plugins compatible for Editor in 0.94 ms, found 3 plugins.
Preloading 0 native plugins for Editor in 0.00 ms.
Unloading 5770 Unused Serialized files (Serialized files now loaded: 0)
Unloading 38 unused Assets / (0.7 MB). Loaded Objects now: 6226.
Memory consumption went from 229.0 MB to 228.3 MB.
Total: 3.649100 ms (FindLiveObjects: 0.423600 ms CreateObjectMapping: 0.221700 ms MarkObjects: 2.706100 ms  DeleteObjects: 0.296900 ms)

AssetImportParameters requested are different than current active one (requested -> active):
  custom:video-decoder-ogg-theora: a1e56fd34408186e4bbccfd4996cb3dc -> 
  custom:container-muxer-webm: aa71ff27fc2769a1b78a27578f13a17b -> 
  custom:container-demuxer-webm: 4f35f7cbe854078d1ac9338744f61a02 -> 
  custom:video-encoder-webm-vp8: eb34c28f22e8b96e1ab97ce403110664 -> 
  custom:audio-encoder-webm-vorbis: bf7c407c2cedff20999df2af8eb42d56 -> 
  custom:framework-win-MediaFoundation: 216162199b28c13a410421893ffa2e32 -> 
  custom:container-demuxer-ogg: 62fdf1f143b41e24485cea50d1cbac27 -> 
  custom:video-decoder-webm-vp8: 9c59270c3fd7afecdb556c50c9e8de78 -> 
  custom:audio-decoder-ogg-vorbis: bf7c407c2cedff20999df2af8eb42d56 -> 
========================================================================
Received Import Request.
  Time since last request: 19687.510365 seconds.
  path: Assets/Mesh/waterfall.fbx
  artifactKey: Guid(c39acca8699424c4d8872018e7d0be39) Importer(815301076,1909f56bfc062723c751e8b465ee728b)
Start importing Assets/Mesh/waterfall.fbx using Guid(c39acca8699424c4d8872018e7d0be39) Importer(815301076,1909f56bfc062723c751e8b465ee728b)  -> (artifact id: '586bb1bae5750dcbda9d2205d489a685') in 0.937353 seconds 
========================================================================
Received Import Request.
  Time since last request: 0.000023 seconds.
  path: Assets/Mesh/Handanim.fbx
  artifactKey: Guid(cdec388afa739b0449ecf287c3b367fe) Importer(815301076,1909f56bfc062723c751e8b465ee728b)
Start importing Assets/Mesh/Handanim.fbx using Guid(cdec388afa739b0449ecf287c3b367fe) Importer(815301076,1909f56bfc062723c751e8b465ee728b)  -> (artifact id: '20015d308b099a33ec97c23091814e5f') in 0.126839 seconds 
========================================================================
Received Import Request.
  Time since last request: 0.000030 seconds.
  path: Assets/Mesh/LavaPool.fbx
  artifactKey: Guid(7acc9f5ffcd0bf64090315366cc16814) Importer(815301076,1909f56bfc062723c751e8b465ee728b)
Start importing Assets/Mesh/LavaPool.fbx using Guid(7acc9f5ffcd0bf64090315366cc16814) Importer(815301076,1909f56bfc062723c751e8b465ee728b)  -> (artifact id: 'bbc27f9a5af7f72cb360eddd23e80e88') in 0.042375 seconds 
========================================================================
Received Import Request.
  Time since last request: 0.000024 seconds.
  path: Assets/Mesh/waterPool.fbx
  artifactKey: Guid(39cf63dc0010ee242a9d4f4688449d85) Importer(815301076,1909f56bfc062723c751e8b465ee728b)
Start importing Assets/Mesh/waterPool.fbx using Guid(39cf63dc0010ee242a9d4f4688449d85) Importer(815301076,1909f56bfc062723c751e8b465ee728b)  -> (artifact id: '62373bb7fcc39e3dd2241b2b0c51e4bc') in 0.101197 seconds 
========================================================================
Received Import Request.
  Time since last request: 0.000021 seconds.
  path: Assets/Mesh/Hammer.fbx
  artifactKey: Guid(2560be75d4cc1204ca60ba9a25b44e1a) Importer(815301076,1909f56bfc062723c751e8b465ee728b)
Start importing Assets/Mesh/Hammer.fbx using Guid(2560be75d4cc1204ca60ba9a25b44e1a) Importer(815301076,1909f56bfc062723c751e8b465ee728b)  -> (artifact id: 'ca408506c69f24d2c42f5eaf6b2c98d1') in 0.213556 seconds 
========================================================================
Received Import Request.
  Time since last request: 0.000029 seconds.
  path: Assets/Mesh/water.fbx
  artifactKey: Guid(0b80be6785aafdb4383aa4ebc8d3f6ca) Importer(815301076,1909f56bfc062723c751e8b465ee728b)
Start importing Assets/Mesh/water.fbx using Guid(0b80be6785aafdb4383aa4ebc8d3f6ca) Importer(815301076,1909f56bfc062723c751e8b465ee728b)  -> (artifact id: 'a25044b5c04e8b6de111f28ff72fabf9') in 0.021173 seconds 
========================================================================
Received Import Request.
  Time since last request: 0.000031 seconds.
  path: Assets/Mesh/Mopanim.fbx
  artifactKey: Guid(39a58b8f8c8dca44db413603128eaec6) Importer(815301076,1909f56bfc062723c751e8b465ee728b)
Start importing Assets/Mesh/Mopanim.fbx using Guid(39a58b8f8c8dca44db413603128eaec6) Importer(815301076,1909f56bfc062723c751e8b465ee728b)  -> (artifact id: 'd4f24f461186f5423a8da81109e0092a') in 0.100703 seconds 
========================================================================
Received Import Request.
  Time since last request: 77.034855 seconds.
  path: Assets/PNG/Map/PIC/Mop.png
  artifactKey: Guid(286f8109f26321c478963de8f10e9019) Importer(815301076,1909f56bfc062723c751e8b465ee728b)
Start importing Assets/PNG/Map/PIC/Mop.png using Guid(286f8109f26321c478963de8f10e9019) Importer(815301076,1909f56bfc062723c751e8b465ee728b)  -> (artifact id: 'f7c486f6eea4ffd8d815f80690adebbf') in 0.089046 seconds 
========================================================================
Received Import Request.
  Time since last request: 0.000026 seconds.
  path: Assets/PNG/Map/PIC/newHand.png
  artifactKey: Guid(163a3fae169d9c24d980816d45e9e427) Importer(815301076,1909f56bfc062723c751e8b465ee728b)
Start importing Assets/PNG/Map/PIC/newHand.png using Guid(163a3fae169d9c24d980816d45e9e427) Importer(815301076,1909f56bfc062723c751e8b465ee728b)  -> (artifact id: '8449b30d937f89790b50194e06f11e65') in 0.039390 seconds 
========================================================================
Received Import Request.
  Time since last request: 0.000049 seconds.
  path: Assets/PNG/Map/PIC/newHammer.png
  artifactKey: Guid(8757c0130188e4e4c9e8b20d77058e22) Importer(815301076,1909f56bfc062723c751e8b465ee728b)
Start importing Assets/PNG/Map/PIC/newHammer.png using Guid(8757c0130188e4e4c9e8b20d77058e22) Importer(815301076,1909f56bfc062723c751e8b465ee728b)  -> (artifact id: '7290a3347ebea32c2b3e1bf42f798385') in 0.015003 seconds 
========================================================================
Received Import Request.
  Time since last request: 7.875725 seconds.
  path: Assets/PNG/Map/PIC/Lava1.png
  artifactKey: Guid(21e41f2b3cd776c46875ac6e93d68cf5) Importer(815301076,1909f56bfc062723c751e8b465ee728b)
Start importing Assets/PNG/Map/PIC/Lava1.png using Guid(21e41f2b3cd776c46875ac6e93d68cf5) Importer(815301076,1909f56bfc062723c751e8b465ee728b)  -> (artifact id: 'bb74c1b8f065b320a30baeb5d492252a') in 0.013589 seconds 
========================================================================
Received Import Request.
  Time since last request: 0.000028 seconds.
  path: Assets/PNG/Map/PIC/Lava2.png
  artifactKey: Guid(50facaca882cedf4bb5b7575cb5cc799) Importer(815301076,1909f56bfc062723c751e8b465ee728b)
Start importing Assets/PNG/Map/PIC/Lava2.png using Guid(50facaca882cedf4bb5b7575cb5cc799) Importer(815301076,1909f56bfc062723c751e8b465ee728b)  -> (artifact id: '708b49e0ec3ab3a724267ac42d26c456') in 0.011685 seconds 
========================================================================
Received Import Request.
  Time since last request: 0.000038 seconds.
  path: Assets/PNG/Map/PIC/Pool.png
  artifactKey: Guid(c340483ec0516b44ea0ab5bffbc0cd80) Importer(815301076,1909f56bfc062723c751e8b465ee728b)
Start importing Assets/PNG/Map/PIC/Pool.png using Guid(c340483ec0516b44ea0ab5bffbc0cd80) Importer(815301076,1909f56bfc062723c751e8b465ee728b)  -> (artifact id: '9ed332ae238d0bfaf09dc82d6c74b117') in 0.010849 seconds 
========================================================================
Received Import Request.
  Time since last request: 12.565291 seconds.
  path: Assets/PNG/Map/Materials/Hammer.mat
  artifactKey: Guid(a5e1064aec9bbe44a805375a35290f89) Importer(815301076,1909f56bfc062723c751e8b465ee728b)
Start importing Assets/PNG/Map/Materials/Hammer.mat using Guid(a5e1064aec9bbe44a805375a35290f89) Importer(815301076,1909f56bfc062723c751e8b465ee728b)  -> (artifact id: '633b9012b35932ef1a5438867e91a712') in 0.077008 seconds 
========================================================================
Received Import Request.
  Time since last request: 0.000024 seconds.
  path: Assets/PNG/Map/Materials/Mop.mat
  artifactKey: Guid(be282109c7ea0f3478833c6c62a5584a) Importer(815301076,1909f56bfc062723c751e8b465ee728b)
Start importing Assets/PNG/Map/Materials/Mop.mat using Guid(be282109c7ea0f3478833c6c62a5584a) Importer(815301076,1909f56bfc062723c751e8b465ee728b)  -> (artifact id: '78bc357f8b88160298f963f297856a27') in 0.025793 seconds 
========================================================================
Received Import Request.
  Time since last request: 0.000032 seconds.
  path: Assets/PNG/Map/Materials/Hand.mat
  artifactKey: Guid(b76623169bb29cc499a7100a82862fa3) Importer(815301076,1909f56bfc062723c751e8b465ee728b)
Start importing Assets/PNG/Map/Materials/Hand.mat using Guid(b76623169bb29cc499a7100a82862fa3) Importer(815301076,1909f56bfc062723c751e8b465ee728b)  -> (artifact id: 'b7e429f07bbe5da547696823d4cc0dfd') in 0.055783 seconds 
========================================================================
Received Import Request.
  Time since last request: 8.154673 seconds.
  path: Assets/PNG/Map/Materials/New Material.mat
  artifactKey: Guid(2284ca6c162783a46a4c25fb8bf79a65) Importer(815301076,1909f56bfc062723c751e8b465ee728b)
Start importing Assets/PNG/Map/Materials/New Material.mat using Guid(2284ca6c162783a46a4c25fb8bf79a65) Importer(815301076,1909f56bfc062723c751e8b465ee728b)  -> (artifact id: '1402a51d87ab10791d07d3feaf3c7e01') in 0.053175 seconds 
========================================================================
Received Import Request.
  Time since last request: 3.583904 seconds.
  path: Assets/PNG/Map/Particle/Blood_particle.jpg
  artifactKey: Guid(514b320bf98889c49833ced81667c583) Importer(815301076,1909f56bfc062723c751e8b465ee728b)
Start importing Assets/PNG/Map/Particle/Blood_particle.jpg using Guid(514b320bf98889c49833ced81667c583) Importer(815301076,1909f56bfc062723c751e8b465ee728b)  -> (artifact id: '84ebd19698ca6f6ce41dc73660b08b94') in 0.054736 seconds 
========================================================================
Received Import Request.
  Time since last request: 24.786410 seconds.
  path: Assets/PNG/Map/PIC/Pool.png
  artifactKey: Guid(c340483ec0516b44ea0ab5bffbc0cd80) Importer(815301076,1909f56bfc062723c751e8b465ee728b)
Start importing Assets/PNG/Map/PIC/Pool.png using Guid(c340483ec0516b44ea0ab5bffbc0cd80) Importer(815301076,1909f56bfc062723c751e8b465ee728b)  -> (artifact id: 'f78e108457a1fc31155c9ed2b4700feb') in 0.007996 seconds 
========================================================================
Received Import Request.
  Time since last request: 4.435974 seconds.
  path: Assets/PNG/Map/PIC/Lava1.png
  artifactKey: Guid(21e41f2b3cd776c46875ac6e93d68cf5) Importer(815301076,1909f56bfc062723c751e8b465ee728b)
Start importing Assets/PNG/Map/PIC/Lava1.png using Guid(21e41f2b3cd776c46875ac6e93d68cf5) Importer(815301076,1909f56bfc062723c751e8b465ee728b)  -> (artifact id: '529dc3cf6b6fce402c7e344584f8b12b') in 0.010836 seconds 
========================================================================
Received Import Request.
  Time since last request: 2.039307 seconds.
  path: Assets/PNG/Map/PIC/Lava2.png
  artifactKey: Guid(50facaca882cedf4bb5b7575cb5cc799) Importer(815301076,1909f56bfc062723c751e8b465ee728b)
Start importing Assets/PNG/Map/PIC/Lava2.png using Guid(50facaca882cedf4bb5b7575cb5cc799) Importer(815301076,1909f56bfc062723c751e8b465ee728b)  -> (artifact id: '469341c5f900b185d0260d64c0260a2f') in 0.007819 seconds 
========================================================================
Received Import Request.
  Time since last request: 2.287194 seconds.
  path: Assets/PNG/Map/Particle/Fire_particle.jpg
  artifactKey: Guid(822769aeeb275d24593cf2b77bf12f7b) Importer(815301076,1909f56bfc062723c751e8b465ee728b)
Start importing Assets/PNG/Map/Particle/Fire_particle.jpg using Guid(822769aeeb275d24593cf2b77bf12f7b) Importer(815301076,1909f56bfc062723c751e8b465ee728b)  -> (artifact id: '06ef659eb090f5d31811647d54ae4c5b') in 0.108804 seconds 
========================================================================
Received Import Request.
  Time since last request: 0.000032 seconds.
  path: Assets/PNG/Map/Particle/water_Particle.jpg
  artifactKey: Guid(6f0cb93892328b7428be7b1e96422d00) Importer(815301076,1909f56bfc062723c751e8b465ee728b)
Start importing Assets/PNG/Map/Particle/water_Particle.jpg using Guid(6f0cb93892328b7428be7b1e96422d00) Importer(815301076,1909f56bfc062723c751e8b465ee728b)  -> (artifact id: 'c6472771d3aad60f679f8b45ac932ab9') in 0.069234 seconds 
========================================================================
Received Import Request.
  Time since last request: 32.660928 seconds.
  path: Assets/PNG/Map/Materials/Pool.mat
  artifactKey: Guid(2284ca6c162783a46a4c25fb8bf79a65) Importer(815301076,1909f56bfc062723c751e8b465ee728b)
Start importing Assets/PNG/Map/Materials/Pool.mat using Guid(2284ca6c162783a46a4c25fb8bf79a65) Importer(815301076,1909f56bfc062723c751e8b465ee728b)  -> (artifact id: 'ba7fe54c02ee121d436fdba4270db0cf') in 0.019953 seconds 
========================================================================
Received Import Request.
  Time since last request: 44.453799 seconds.
  path: Assets/PNG/Map/Materials/Lava1.mat
  artifactKey: Guid(82f03748ca443884f801059f9c9e2a6c) Importer(815301076,1909f56bfc062723c751e8b465ee728b)
Start importing Assets/PNG/Map/Materials/Lava1.mat using Guid(82f03748ca443884f801059f9c9e2a6c) Importer(815301076,1909f56bfc062723c751e8b465ee728b)  -> (artifact id: '587ba043d39f606720c40ae5382426f3') in 0.009379 seconds 
========================================================================
Received Import Request.
  Time since last request: 4.950608 seconds.
  path: Assets/TextMesh Pro/Resources/Fonts & Materials/LiberationSans SDF - Fallback.asset
  artifactKey: Guid(2e498d1c8094910479dc3e1b768306a4) Importer(815301076,1909f56bfc062723c751e8b465ee728b)
Start importing Assets/TextMesh Pro/Resources/Fonts & Materials/LiberationSans SDF - Fallback.asset using Guid(2e498d1c8094910479dc3e1b768306a4) Importer(815301076,1909f56bfc062723c751e8b465ee728b)  -> (artifact id: '76483b13aff2c976889fde8b55230449') in 0.161106 seconds 
========================================================================
Received Import Request.
  Time since last request: 133.138737 seconds.
  path: Assets/PNG/Map/Materials/Lava1.mat
  artifactKey: Guid(82f03748ca443884f801059f9c9e2a6c) Importer(815301076,1909f56bfc062723c751e8b465ee728b)
Start importing Assets/PNG/Map/Materials/Lava1.mat using Guid(82f03748ca443884f801059f9c9e2a6c) Importer(815301076,1909f56bfc062723c751e8b465ee728b)  -> (artifact id: 'db312a33b09bc055b9319070db4b0e98') in 0.014075 seconds 
========================================================================
Received Import Request.
  Time since last request: 0.000025 seconds.
  path: Assets/PNG/Map/Materials/Lava2.mat
  artifactKey: Guid(0930e903b6e51e6419bc257a1be06e25) Importer(815301076,1909f56bfc062723c751e8b465ee728b)
Start importing Assets/PNG/Map/Materials/Lava2.mat using Guid(0930e903b6e51e6419bc257a1be06e25) Importer(815301076,1909f56bfc062723c751e8b465ee728b)  -> (artifact id: 'b00e9f2c78b7a0fb88d380af46ab3633') in 0.010358 seconds 
========================================================================
Received Import Request.
  Time since last request: 78.650079 seconds.
  path: Assets/TextMesh Pro/Fonts/LiberationSans.ttf
  artifactKey: Guid(e3265ab4bf004d28a9537516768c1c75) Importer(815301076,1909f56bfc062723c751e8b465ee728b)
Start importing Assets/TextMesh Pro/Fonts/LiberationSans.ttf using Guid(e3265ab4bf004d28a9537516768c1c75) Importer(815301076,1909f56bfc062723c751e8b465ee728b)  -> (artifact id: '8f822fe2869b08560f85a642e38c6fca') in 0.100400 seconds 
========================================================================
Received Import Request.
  Time since last request: 18.139986 seconds.
  path: Assets/TextMesh Pro/Resources/Fonts & Materials/LiberationSans SDF - Drop Shadow.mat
  artifactKey: Guid(e73a58f6e2794ae7b1b7e50b7fb811b0) Importer(815301076,1909f56bfc062723c751e8b465ee728b)
Start importing Assets/TextMesh Pro/Resources/Fonts & Materials/LiberationSans SDF - Drop Shadow.mat using Guid(e73a58f6e2794ae7b1b7e50b7fb811b0) Importer(815301076,1909f56bfc062723c751e8b465ee728b)  -> (artifact id: '1b9a02facd689d77abb9bcd5789f029c') in 0.336836 seconds 
========================================================================
Received Import Request.
  Time since last request: 0.000033 seconds.
  path: Assets/TextMesh Pro/Resources/Fonts & Materials/LiberationSans SDF - Outline.mat
  artifactKey: Guid(79459efec17a4d00a321bdcc27bbc385) Importer(815301076,1909f56bfc062723c751e8b465ee728b)
Start importing Assets/TextMesh Pro/Resources/Fonts & Materials/LiberationSans SDF - Outline.mat using Guid(79459efec17a4d00a321bdcc27bbc385) Importer(815301076,1909f56bfc062723c751e8b465ee728b)  -> (artifact id: 'a0658bc272db48982bbc52f18cb2c65e') in 0.100122 seconds 
========================================================================
Received Prepare
Registering precompiled user dll's ...
Registered in 0.004563 seconds.
Begin MonoManager ReloadAssembly
Symbol file LoadedFromMemory doesn't match image D:\workssss\THESIS\Donegeon\Donegeon\Library\PackageCache\com.unity.visualscripting@1.7.8\Editor\VisualScripting.Core\Dependencies\YamlDotNet\Unity.VisualScripting.YamlDotNet.dll
Symbol file LoadedFromMemory doesn't match image D:\workssss\THESIS\Donegeon\Donegeon\Library\PackageCache\com.unity.visualscripting@1.7.8\Editor\VisualScripting.Core\Dependencies\DotNetZip\Unity.VisualScripting.IonicZip.dll
Native extension for WindowsStandalone target not found
Native extension for WebGL target not found
Refreshing native plugins compatible for Editor in 0.96 ms, found 3 plugins.
Preloading 0 native plugins for Editor in 0.00 ms.
Mono: successfully reloaded assembly
- Completed reload, in  0.971 seconds
Domain Reload Profiling:
	ReloadAssembly (972ms)
		BeginReloadAssembly (142ms)
			ExecutionOrderSort (0ms)
			DisableScriptedObjects (5ms)
			BackupInstance (0ms)
			ReleaseScriptingObjects (0ms)
			CreateAndSetChildDomain (54ms)
		EndReloadAssembly (761ms)
			LoadAssemblies (80ms)
			RebuildTransferFunctionScriptingTraits (0ms)
			SetupTypeCache (231ms)
			ReleaseScriptCaches (2ms)
			RebuildScriptCaches (35ms)
			SetupLoadedEditorAssemblies (347ms)
				LogAssemblyErrors (0ms)
				InitializePlatformSupportModulesInManaged (10ms)
				SetLoadedEditorAssemblies (0ms)
				RefreshPlugins (1ms)
				BeforeProcessingInitializeOnLoad (64ms)
				ProcessInitializeOnLoadAttributes (204ms)
				ProcessInitializeOnLoadMethodAttributes (64ms)
				AfterProcessingInitializeOnLoad (2ms)
				EditorAssembliesLoaded (0ms)
			ExecutionOrderSort2 (0ms)
			AwakeInstancesAfterBackupRestoration (22ms)
Platform modules already initialized, skipping
Refreshing native plugins compatible for Editor in 2.25 ms, found 3 plugins.
Preloading 0 native plugins for Editor in 0.00 ms.
Unloading 5620 Unused Serialized files (Serialized files now loaded: 0)
Unloading 29 unused Assets / (0.7 MB). Loaded Objects now: 6330.
Memory consumption went from 225.4 MB to 224.7 MB.
Total: 14.386700 ms (FindLiveObjects: 0.434100 ms CreateObjectMapping: 0.230100 ms MarkObjects: 13.273400 ms  DeleteObjects: 0.447700 ms)

AssetImportParameters requested are different than current active one (requested -> active):
  custom:video-decoder-ogg-theora: a1e56fd34408186e4bbccfd4996cb3dc -> 
  custom:container-muxer-webm: aa71ff27fc2769a1b78a27578f13a17b -> 
  custom:container-demuxer-webm: 4f35f7cbe854078d1ac9338744f61a02 -> 
  custom:video-encoder-webm-vp8: eb34c28f22e8b96e1ab97ce403110664 -> 
  custom:audio-encoder-webm-vorbis: bf7c407c2cedff20999df2af8eb42d56 -> 
  custom:framework-win-MediaFoundation: 216162199b28c13a410421893ffa2e32 -> 
  custom:container-demuxer-ogg: 62fdf1f143b41e24485cea50d1cbac27 -> 
  custom:video-decoder-webm-vp8: 9c59270c3fd7afecdb556c50c9e8de78 -> 
  custom:audio-decoder-ogg-vorbis: bf7c407c2cedff20999df2af8eb42d56 -> 
========================================================================
Received Import Request.
  Time since last request: 327.380484 seconds.
  path: Assets/PNG/Map/PIC/Lava3.png
  artifactKey: Guid(85f5773ae97cf094cba87463ee258a21) Importer(815301076,1909f56bfc062723c751e8b465ee728b)
Start importing Assets/PNG/Map/PIC/Lava3.png using Guid(85f5773ae97cf094cba87463ee258a21) Importer(815301076,1909f56bfc062723c751e8b465ee728b)  -> (artifact id: '49852c73c5f9e472cecec792fe1ab881') in 0.058002 seconds 
========================================================================
Received Import Request.
  Time since last request: 10.360686 seconds.
  path: Assets/PNG/Map/Materials/Lava2.mat
  artifactKey: Guid(0930e903b6e51e6419bc257a1be06e25) Importer(815301076,1909f56bfc062723c751e8b465ee728b)
Start importing Assets/PNG/Map/Materials/Lava2.mat using Guid(0930e903b6e51e6419bc257a1be06e25) Importer(815301076,1909f56bfc062723c751e8b465ee728b)  -> (artifact id: 'f27c6689576846c61342a4f91e5e080f') in 0.199435 seconds 
========================================================================
Received Import Request.
  Time since last request: 0.000022 seconds.
  path: Assets/PNG/Map/Materials/Lava3.mat
  artifactKey: Guid(c8fc1f408b23dec4489236677f3b71dd) Importer(815301076,1909f56bfc062723c751e8b465ee728b)
Start importing Assets/PNG/Map/Materials/Lava3.mat using Guid(c8fc1f408b23dec4489236677f3b71dd) Importer(815301076,1909f56bfc062723c751e8b465ee728b)  -> (artifact id: '269ff3908efdf2da5c98ac0484a7adf7') in 0.014418 seconds 
========================================================================
Received Import Request.
  Time since last request: 6.885287 seconds.
  path: Assets/PNG/Map/PIC/Lava3.png
  artifactKey: Guid(85f5773ae97cf094cba87463ee258a21) Importer(815301076,1909f56bfc062723c751e8b465ee728b)
Start importing Assets/PNG/Map/PIC/Lava3.png using Guid(85f5773ae97cf094cba87463ee258a21) Importer(815301076,1909f56bfc062723c751e8b465ee728b)  -> (artifact id: '15105ff9c9cdd6aa8307dc35c9adb455') in 0.078532 seconds 
========================================================================
Received Prepare
Registering precompiled user dll's ...
Registered in 0.004700 seconds.
Begin MonoManager ReloadAssembly
Symbol file LoadedFromMemory doesn't match image D:\workssss\THESIS\Donegeon\Donegeon\Library\PackageCache\com.unity.visualscripting@1.7.8\Editor\VisualScripting.Core\Dependencies\YamlDotNet\Unity.VisualScripting.YamlDotNet.dll
Symbol file LoadedFromMemory doesn't match image D:\workssss\THESIS\Donegeon\Donegeon\Library\PackageCache\com.unity.visualscripting@1.7.8\Editor\VisualScripting.Core\Dependencies\DotNetZip\Unity.VisualScripting.IonicZip.dll
Native extension for WindowsStandalone target not found
Native extension for WebGL target not found
Refreshing native plugins compatible for Editor in 0.90 ms, found 3 plugins.
Preloading 0 native plugins for Editor in 0.00 ms.
Mono: successfully reloaded assembly
- Completed reload, in  1.007 seconds
Domain Reload Profiling:
	ReloadAssembly (1007ms)
		BeginReloadAssembly (129ms)
			ExecutionOrderSort (0ms)
			DisableScriptedObjects (6ms)
			BackupInstance (0ms)
			ReleaseScriptingObjects (0ms)
			CreateAndSetChildDomain (39ms)
		EndReloadAssembly (800ms)
			LoadAssemblies (84ms)
			RebuildTransferFunctionScriptingTraits (0ms)
			SetupTypeCache (237ms)
			ReleaseScriptCaches (2ms)
			RebuildScriptCaches (49ms)
			SetupLoadedEditorAssemblies (352ms)
				LogAssemblyErrors (0ms)
				InitializePlatformSupportModulesInManaged (10ms)
				SetLoadedEditorAssemblies (0ms)
				RefreshPlugins (1ms)
				BeforeProcessingInitializeOnLoad (65ms)
				ProcessInitializeOnLoadAttributes (211ms)
				ProcessInitializeOnLoadMethodAttributes (63ms)
				AfterProcessingInitializeOnLoad (2ms)
				EditorAssembliesLoaded (0ms)
			ExecutionOrderSort2 (0ms)
			AwakeInstancesAfterBackupRestoration (20ms)
Platform modules already initialized, skipping
Refreshing native plugins compatible for Editor in 2.00 ms, found 3 plugins.
Preloading 0 native plugins for Editor in 0.00 ms.
Unloading 5620 Unused Serialized files (Serialized files now loaded: 0)
Unloading 29 unused Assets / (0.7 MB). Loaded Objects now: 6374.
Memory consumption went from 225.5 MB to 224.8 MB.
Total: 4.942700 ms (FindLiveObjects: 0.533900 ms CreateObjectMapping: 0.633800 ms MarkObjects: 3.412800 ms  DeleteObjects: 0.361500 ms)

AssetImportParameters requested are different than current active one (requested -> active):
  custom:video-decoder-ogg-theora: a1e56fd34408186e4bbccfd4996cb3dc -> 
  custom:container-muxer-webm: aa71ff27fc2769a1b78a27578f13a17b -> 
  custom:container-demuxer-webm: 4f35f7cbe854078d1ac9338744f61a02 -> 
  custom:video-encoder-webm-vp8: eb34c28f22e8b96e1ab97ce403110664 -> 
  custom:audio-encoder-webm-vorbis: bf7c407c2cedff20999df2af8eb42d56 -> 
  custom:framework-win-MediaFoundation: 216162199b28c13a410421893ffa2e32 -> 
  custom:container-demuxer-ogg: 62fdf1f143b41e24485cea50d1cbac27 -> 
  custom:video-decoder-webm-vp8: 9c59270c3fd7afecdb556c50c9e8de78 -> 
  custom:audio-decoder-ogg-vorbis: bf7c407c2cedff20999df2af8eb42d56 -> 
========================================================================
Received Import Request.
  Time since last request: 134.531971 seconds.
  path: Packages/com.unity.render-pipelines.universal/Runtime/Materials/ParticlesUnlit.mat
  artifactKey: Guid(e823cd5b5d27c0f4b8256e7c12ee3e6d) Importer(815301076,1909f56bfc062723c751e8b465ee728b)
Start importing Packages/com.unity.render-pipelines.universal/Runtime/Materials/ParticlesUnlit.mat using Guid(e823cd5b5d27c0f4b8256e7c12ee3e6d) Importer(815301076,1909f56bfc062723c751e8b465ee728b)  -> (artifact id: 'f1caf88d90d3065ddc73a0584406450e') in 0.609164 seconds 
========================================================================
Received Import Request.
  Time since last request: 363.530377 seconds.
  path: Assets/Mesh/waterPool.fbx
  artifactKey: Guid(39cf63dc0010ee242a9d4f4688449d85) Importer(815301076,1909f56bfc062723c751e8b465ee728b)
Start importing Assets/Mesh/waterPool.fbx using Guid(39cf63dc0010ee242a9d4f4688449d85) Importer(815301076,1909f56bfc062723c751e8b465ee728b)  -> (artifact id: 'd9281894af555520dd8c89ca114f66a7') in 0.072807 seconds 
========================================================================
Received Import Request.
  Time since last request: 97.216071 seconds.
  path: Assets/PNG/Map/PIC/waterPool.png
  artifactKey: Guid(526776dff4a367049a736a8b39686f68) Importer(815301076,1909f56bfc062723c751e8b465ee728b)
Start importing Assets/PNG/Map/PIC/waterPool.png using Guid(526776dff4a367049a736a8b39686f68) Importer(815301076,1909f56bfc062723c751e8b465ee728b)  -> (artifact id: 'c00ec45dd73ad01d02381cd4e0f8a620') in 0.018436 seconds 
========================================================================
Received Import Request.
  Time since last request: 3.844596 seconds.
  path: Assets/PNG/Map/PIC/waterPool.png
  artifactKey: Guid(526776dff4a367049a736a8b39686f68) Importer(815301076,1909f56bfc062723c751e8b465ee728b)
Start importing Assets/PNG/Map/PIC/waterPool.png using Guid(526776dff4a367049a736a8b39686f68) Importer(815301076,1909f56bfc062723c751e8b465ee728b)  -> (artifact id: 'c8e6a427833ebb29e50e6a2276dba25e') in 0.029892 seconds 
========================================================================
Received Import Request.
  Time since last request: 10.381012 seconds.
  path: Assets/PNG/Map/Materials/Lava3.mat
  artifactKey: Guid(c8fc1f408b23dec4489236677f3b71dd) Importer(815301076,1909f56bfc062723c751e8b465ee728b)
Start importing Assets/PNG/Map/Materials/Lava3.mat using Guid(c8fc1f408b23dec4489236677f3b71dd) Importer(815301076,1909f56bfc062723c751e8b465ee728b)  -> (artifact id: 'fee5c5dc4b9ba5c8936087995481aebd') in 0.015272 seconds 
========================================================================
Received Import Request.
  Time since last request: 0.000032 seconds.
  path: Assets/PNG/Map/Materials/waterPool.mat
  artifactKey: Guid(ffd7d437b05b8ec41bcadc7835da1604) Importer(815301076,1909f56bfc062723c751e8b465ee728b)
Start importing Assets/PNG/Map/Materials/waterPool.mat using Guid(ffd7d437b05b8ec41bcadc7835da1604) Importer(815301076,1909f56bfc062723c751e8b465ee728b)  -> (artifact id: '1cb582073d2ea18c9c8e4d2ca75bb554') in 0.010254 seconds 
========================================================================
Received Import Request.
  Time since last request: 45.598494 seconds.
  path: Assets/PNG/Map/PIC/water.1001.png
  artifactKey: Guid(e4ce0e06fda73c24e8b62b2226f2fdd0) Importer(815301076,1909f56bfc062723c751e8b465ee728b)
Start importing Assets/PNG/Map/PIC/water.1001.png using Guid(e4ce0e06fda73c24e8b62b2226f2fdd0) Importer(815301076,1909f56bfc062723c751e8b465ee728b)  -> (artifact id: 'e87b210568b35a47ff95476feb6b298f') in 0.012757 seconds 
========================================================================
Received Import Request.
  Time since last request: 3.929526 seconds.
  path: Assets/PNG/Map/PIC/water.1001.png
  artifactKey: Guid(e4ce0e06fda73c24e8b62b2226f2fdd0) Importer(815301076,1909f56bfc062723c751e8b465ee728b)
Start importing Assets/PNG/Map/PIC/water.1001.png using Guid(e4ce0e06fda73c24e8b62b2226f2fdd0) Importer(815301076,1909f56bfc062723c751e8b465ee728b)  -> (artifact id: 'e9c7304196604aef32be8f5842733c11') in 0.074407 seconds 
========================================================================
Received Prepare
Registering precompiled user dll's ...
Registered in 0.004729 seconds.
Begin MonoManager ReloadAssembly
Symbol file LoadedFromMemory doesn't match image D:\workssss\THESIS\Donegeon\Donegeon\Library\PackageCache\com.unity.visualscripting@1.7.8\Editor\VisualScripting.Core\Dependencies\YamlDotNet\Unity.VisualScripting.YamlDotNet.dll
Symbol file LoadedFromMemory doesn't match image D:\workssss\THESIS\Donegeon\Donegeon\Library\PackageCache\com.unity.visualscripting@1.7.8\Editor\VisualScripting.Core\Dependencies\DotNetZip\Unity.VisualScripting.IonicZip.dll
Native extension for WindowsStandalone target not found
Native extension for WebGL target not found
Refreshing native plugins compatible for Editor in 1.00 ms, found 3 plugins.
Preloading 0 native plugins for Editor in 0.00 ms.
Mono: successfully reloaded assembly
- Completed reload, in  1.049 seconds
Domain Reload Profiling:
	ReloadAssembly (1049ms)
		BeginReloadAssembly (141ms)
			ExecutionOrderSort (0ms)
			DisableScriptedObjects (6ms)
			BackupInstance (0ms)
			ReleaseScriptingObjects (0ms)
			CreateAndSetChildDomain (43ms)
		EndReloadAssembly (823ms)
			LoadAssemblies (93ms)
			RebuildTransferFunctionScriptingTraits (0ms)
			SetupTypeCache (249ms)
			ReleaseScriptCaches (2ms)
			RebuildScriptCaches (40ms)
			SetupLoadedEditorAssemblies (376ms)
				LogAssemblyErrors (0ms)
				InitializePlatformSupportModulesInManaged (11ms)
				SetLoadedEditorAssemblies (0ms)
				RefreshPlugins (1ms)
				BeforeProcessingInitializeOnLoad (65ms)
				ProcessInitializeOnLoadAttributes (228ms)
				ProcessInitializeOnLoadMethodAttributes (68ms)
				AfterProcessingInitializeOnLoad (2ms)
				EditorAssembliesLoaded (0ms)
			ExecutionOrderSort2 (0ms)
			AwakeInstancesAfterBackupRestoration (21ms)
Platform modules already initialized, skipping
Refreshing native plugins compatible for Editor in 2.41 ms, found 3 plugins.
Preloading 0 native plugins for Editor in 0.00 ms.
Unloading 5620 Unused Serialized files (Serialized files now loaded: 0)
Unloading 30 unused Assets / (0.7 MB). Loaded Objects now: 6418.
Memory consumption went from 225.6 MB to 224.9 MB.
Total: 4.019900 ms (FindLiveObjects: 0.411100 ms CreateObjectMapping: 0.212600 ms MarkObjects: 3.020000 ms  DeleteObjects: 0.375300 ms)

AssetImportParameters requested are different than current active one (requested -> active):
  custom:video-decoder-ogg-theora: a1e56fd34408186e4bbccfd4996cb3dc -> 
  custom:container-muxer-webm: aa71ff27fc2769a1b78a27578f13a17b -> 
  custom:container-demuxer-webm: 4f35f7cbe854078d1ac9338744f61a02 -> 
  custom:video-encoder-webm-vp8: eb34c28f22e8b96e1ab97ce403110664 -> 
  custom:audio-encoder-webm-vorbis: bf7c407c2cedff20999df2af8eb42d56 -> 
  custom:framework-win-MediaFoundation: 216162199b28c13a410421893ffa2e32 -> 
  custom:container-demuxer-ogg: 62fdf1f143b41e24485cea50d1cbac27 -> 
  custom:video-decoder-webm-vp8: 9c59270c3fd7afecdb556c50c9e8de78 -> 
  custom:audio-decoder-ogg-vorbis: bf7c407c2cedff20999df2af8eb42d56 -> 
========================================================================
Received Import Request.
  Time since last request: 46.820984 seconds.
  path: Assets/PNG/Map/Materials/New Material.mat
  artifactKey: Guid(913a7c99b4c377440b2b5fc8165490c5) Importer(815301076,1909f56bfc062723c751e8b465ee728b)
Start importing Assets/PNG/Map/Materials/New Material.mat using Guid(913a7c99b4c377440b2b5fc8165490c5) Importer(815301076,1909f56bfc062723c751e8b465ee728b)  -> (artifact id: 'f1aae4ec7d1cf61912cf4943d9091679') in 0.181656 seconds 
========================================================================
Received Import Request.
  Time since last request: 0.000024 seconds.
  path: Assets/PNG/Map/Materials/waterPool.mat
  artifactKey: Guid(ffd7d437b05b8ec41bcadc7835da1604) Importer(815301076,1909f56bfc062723c751e8b465ee728b)
Start importing Assets/PNG/Map/Materials/waterPool.mat using Guid(ffd7d437b05b8ec41bcadc7835da1604) Importer(815301076,1909f56bfc062723c751e8b465ee728b)  -> (artifact id: 'f6d43b817dbd2aab66cf28615054111c') in 0.031284 seconds 
========================================================================
Received Import Request.
  Time since last request: 9.101170 seconds.
  path: Assets/PNG/Map/Materials/water.mat
  artifactKey: Guid(913a7c99b4c377440b2b5fc8165490c5) Importer(815301076,1909f56bfc062723c751e8b465ee728b)
Start importing Assets/PNG/Map/Materials/water.mat using Guid(913a7c99b4c377440b2b5fc8165490c5) Importer(815301076,1909f56bfc062723c751e8b465ee728b)  -> (artifact id: '612636469ad9c778158d96465be1dc6c') in 0.013985 seconds 
========================================================================
Received Import Request.
  Time since last request: 205.318342 seconds.
  path: Assets/Animation
  artifactKey: Guid(3d8fa783038af334b8c23d1aae3adafc) Importer(815301076,1909f56bfc062723c751e8b465ee728b)
Start importing Assets/Animation using Guid(3d8fa783038af334b8c23d1aae3adafc) Importer(815301076,1909f56bfc062723c751e8b465ee728b)  -> (artifact id: 'ef2be07566fcf6063a0f3b419d87c85f') in 0.006350 seconds 
========================================================================
Received Import Request.
  Time since last request: 23.202958 seconds.
  path: Assets/Animation/Waterfall.anim
  artifactKey: Guid(b1b55db0fd9b83647a692265ddb5cd8f) Importer(815301076,1909f56bfc062723c751e8b465ee728b)
Start importing Assets/Animation/Waterfall.anim using Guid(b1b55db0fd9b83647a692265ddb5cd8f) Importer(815301076,1909f56bfc062723c751e8b465ee728b)  -> (artifact id: 'a6e2ea573e4c7386b4a28dffbabf8e8f') in 0.008343 seconds 
========================================================================
Received Import Request.
  Time since last request: 20.345437 seconds.
  path: Assets/Animation/Waterfall_anim.anim
  artifactKey: Guid(b1b55db0fd9b83647a692265ddb5cd8f) Importer(815301076,1909f56bfc062723c751e8b465ee728b)
Start importing Assets/Animation/Waterfall_anim.anim using Guid(b1b55db0fd9b83647a692265ddb5cd8f) Importer(815301076,1909f56bfc062723c751e8b465ee728b)  -> (artifact id: '47139f2624d371dce02af3439716d5b3') in 0.006791 seconds 
========================================================================
Received Import Request.
  Time since last request: 24.854176 seconds.
  path: Assets/Animation/New Animator Controller.controller
  artifactKey: Guid(9d416650d5f4a8a4f9ee6dac14daadab) Importer(815301076,1909f56bfc062723c751e8b465ee728b)
Start importing Assets/Animation/New Animator Controller.controller using Guid(9d416650d5f4a8a4f9ee6dac14daadab) Importer(815301076,1909f56bfc062723c751e8b465ee728b)  -> (artifact id: '6f8605b226ecbcc4a048428c1f73211c') in 0.007383 seconds 
========================================================================
Received Import Request.
  Time since last request: 5.076667 seconds.
  path: Assets/Animation/water.controller
  artifactKey: Guid(9d416650d5f4a8a4f9ee6dac14daadab) Importer(815301076,1909f56bfc062723c751e8b465ee728b)
Start importing Assets/Animation/water.controller using Guid(9d416650d5f4a8a4f9ee6dac14daadab) Importer(815301076,1909f56bfc062723c751e8b465ee728b)  -> (artifact id: '1b858e285354f4c8c6b515471f6818fe') in 0.002975 seconds 
========================================================================
Received Import Request.
  Time since last request: 281.063460 seconds.
  path: Assets/PNG/Map/PIC/water.1002.png
  artifactKey: Guid(9f92310d8db3134428804aab5f61d211) Importer(815301076,1909f56bfc062723c751e8b465ee728b)
Start importing Assets/PNG/Map/PIC/water.1002.png using Guid(9f92310d8db3134428804aab5f61d211) Importer(815301076,1909f56bfc062723c751e8b465ee728b)  -> (artifact id: 'a1444e3bc5cd759d8f8d85d0821c02f4') in 0.031514 seconds 
========================================================================
Received Import Request.
  Time since last request: 3.367945 seconds.
  path: Assets/PNG/Map/PIC/water.1002.png
  artifactKey: Guid(9f92310d8db3134428804aab5f61d211) Importer(815301076,1909f56bfc062723c751e8b465ee728b)
Start importing Assets/PNG/Map/PIC/water.1002.png using Guid(9f92310d8db3134428804aab5f61d211) Importer(815301076,1909f56bfc062723c751e8b465ee728b)  -> (artifact id: '32d64bce92a5a31132f45317dfc3b947') in 0.029884 seconds 
========================================================================
Received Import Request.
  Time since last request: 281.842083 seconds.
  path: Assets/PNG/Map/PIC/water.1002.png
  artifactKey: Guid(9f92310d8db3134428804aab5f61d211) Importer(815301076,1909f56bfc062723c751e8b465ee728b)
Start importing Assets/PNG/Map/PIC/water.1002.png using Guid(9f92310d8db3134428804aab5f61d211) Importer(815301076,1909f56bfc062723c751e8b465ee728b)  -> (artifact id: '67bfc8ba3fe3a50fff119e317d0b7c8b') in 0.015763 seconds 
========================================================================
Received Import Request.
  Time since last request: 4.308121 seconds.
  path: Assets/PNG/Map/PIC/water.1002.png
  artifactKey: Guid(9f92310d8db3134428804aab5f61d211) Importer(815301076,1909f56bfc062723c751e8b465ee728b)
Start importing Assets/PNG/Map/PIC/water.1002.png using Guid(9f92310d8db3134428804aab5f61d211) Importer(815301076,1909f56bfc062723c751e8b465ee728b)  -> (artifact id: '86661f7a8245d56013fbeec15fbd03d4') in 0.042456 seconds 
========================================================================
Received Import Request.
  Time since last request: 111.951591 seconds.
  path: Assets/Animation/Waterfall_anim.anim
  artifactKey: Guid(b1b55db0fd9b83647a692265ddb5cd8f) Importer(815301076,1909f56bfc062723c751e8b465ee728b)
Start importing Assets/Animation/Waterfall_anim.anim using Guid(b1b55db0fd9b83647a692265ddb5cd8f) Importer(815301076,1909f56bfc062723c751e8b465ee728b)  -> (artifact id: 'bcd726d3f76ade3c7c60b1bf5a8d1e85') in 0.003116 seconds 
========================================================================
Received Import Request.
  Time since last request: 217.601601 seconds.
  path: Assets/Animation/water.controller
  artifactKey: Guid(9d416650d5f4a8a4f9ee6dac14daadab) Importer(815301076,1909f56bfc062723c751e8b465ee728b)
Start importing Assets/Animation/water.controller using Guid(9d416650d5f4a8a4f9ee6dac14daadab) Importer(815301076,1909f56bfc062723c751e8b465ee728b)  -> (artifact id: 'bc5b5e5b4929169304e9e48dfebc9a28') in 0.005828 seconds 
========================================================================
Received Import Request.
  Time since last request: 17.147036 seconds.
  path: Assets/Animation/lava.controller
  artifactKey: Guid(055e9c1779db26242a44b97c0c67abd5) Importer(815301076,1909f56bfc062723c751e8b465ee728b)
Start importing Assets/Animation/lava.controller using Guid(055e9c1779db26242a44b97c0c67abd5) Importer(815301076,1909f56bfc062723c751e8b465ee728b)  -> (artifact id: '1769bebea9f92da7fb44ead43aa5b8a7') in 0.022488 seconds 
========================================================================
Received Import Request.
  Time since last request: 598.978015 seconds.
  path: Assets/Animation/water.controller
  artifactKey: Guid(9d416650d5f4a8a4f9ee6dac14daadab) Importer(815301076,1909f56bfc062723c751e8b465ee728b)
Start importing Assets/Animation/water.controller using Guid(9d416650d5f4a8a4f9ee6dac14daadab) Importer(815301076,1909f56bfc062723c751e8b465ee728b)  -> (artifact id: 'b0072f661da92e290fb27cd3d069e76a') in 0.003158 seconds 
========================================================================
Received Import Request.
  Time since last request: 8.569810 seconds.
  path: Assets/Animation/lava.controller
  artifactKey: Guid(055e9c1779db26242a44b97c0c67abd5) Importer(815301076,1909f56bfc062723c751e8b465ee728b)
Start importing Assets/Animation/lava.controller using Guid(055e9c1779db26242a44b97c0c67abd5) Importer(815301076,1909f56bfc062723c751e8b465ee728b)  -> (artifact id: 'b5bd65a9a7bd59fa62e0287075810c7b') in 0.003666 seconds 
========================================================================
Received Import Request.
  Time since last request: 9.358503 seconds.
  path: Assets/Animation/waterAnimation.anim
  artifactKey: Guid(8a782696fc61d074b8654ca409005c9f) Importer(815301076,1909f56bfc062723c751e8b465ee728b)
Start importing Assets/Animation/waterAnimation.anim using Guid(8a782696fc61d074b8654ca409005c9f) Importer(815301076,1909f56bfc062723c751e8b465ee728b)  -> (artifact id: '80eb77b00debfc3522b7398d857c8864') in 0.007818 seconds 
========================================================================
Received Import Request.
  Time since last request: 76.392545 seconds.
  path: Assets/Animation/LavaAnimation.anim
  artifactKey: Guid(34bf304361abadf49ac8135336932770) Importer(815301076,1909f56bfc062723c751e8b465ee728b)
Start importing Assets/Animation/LavaAnimation.anim using Guid(34bf304361abadf49ac8135336932770) Importer(815301076,1909f56bfc062723c751e8b465ee728b)  -> (artifact id: '273a3d81b029eb0c500983caa83c3394') in 0.006077 seconds 
========================================================================
Received Import Request.
  Time since last request: 60.156033 seconds.
  path: Assets/Animation/water.controller
  artifactKey: Guid(9d416650d5f4a8a4f9ee6dac14daadab) Importer(815301076,1909f56bfc062723c751e8b465ee728b)
Start importing Assets/Animation/water.controller using Guid(9d416650d5f4a8a4f9ee6dac14daadab) Importer(815301076,1909f56bfc062723c751e8b465ee728b)  -> (artifact id: '956e2a7ae68232f6560ea304e5581116') in 0.003664 seconds 
========================================================================
Received Import Request.
  Time since last request: 326.604312 seconds.
  path: Assets/Animation/Hammer.anim
  artifactKey: Guid(e8d40ee7cee8e474c9194c511a0637e9) Importer(815301076,1909f56bfc062723c751e8b465ee728b)
Start importing Assets/Animation/Hammer.anim using Guid(e8d40ee7cee8e474c9194c511a0637e9) Importer(815301076,1909f56bfc062723c751e8b465ee728b)  -> (artifact id: 'ad67b3c2e6adb61d1e51c21b6a1b57cb') in 0.032133 seconds 
========================================================================
Received Import Request.
  Time since last request: 4.328955 seconds.
  path: Assets/Animation/Mop
  artifactKey: Guid(6caec195cc8f5884bb432ae8e530c82f) Importer(815301076,1909f56bfc062723c751e8b465ee728b)
Start importing Assets/Animation/Mop using Guid(6caec195cc8f5884bb432ae8e530c82f) Importer(815301076,1909f56bfc062723c751e8b465ee728b)  -> (artifact id: '69a4417b273171f8daa0c75afe52ccd1') in 0.006567 seconds 
========================================================================
Received Import Request.
  Time since last request: 0.875965 seconds.
  path: Assets/Animation/Mop/M.Hand_Idle.anim
  artifactKey: Guid(9e4c614c8f896094dbd3619c6734f91a) Importer(815301076,1909f56bfc062723c751e8b465ee728b)
Start importing Assets/Animation/Mop/M.Hand_Idle.anim using Guid(9e4c614c8f896094dbd3619c6734f91a) Importer(815301076,1909f56bfc062723c751e8b465ee728b)  -> (artifact id: '5ac5efdc791c586ef72e6f5fee5bcb50') in 0.006764 seconds 
========================================================================
Received Import Request.
  Time since last request: 0.563025 seconds.
  path: Assets/Animation/Mop/M.Hand_Equip.anim
  artifactKey: Guid(c9fbe29a50e68e74898528f8d14f77f3) Importer(815301076,1909f56bfc062723c751e8b465ee728b)
Start importing Assets/Animation/Mop/M.Hand_Equip.anim using Guid(c9fbe29a50e68e74898528f8d14f77f3) Importer(815301076,1909f56bfc062723c751e8b465ee728b)  -> (artifact id: '6c822bed3bfa56e5ab623aad6df9e27f') in 0.009565 seconds 
========================================================================
Received Import Request.
  Time since last request: 14.448119 seconds.
  path: Assets/Animation/UV
  artifactKey: Guid(b04e38915728ac14baa2edb732fe187b) Importer(815301076,1909f56bfc062723c751e8b465ee728b)
Start importing Assets/Animation/UV using Guid(b04e38915728ac14baa2edb732fe187b) Importer(815301076,1909f56bfc062723c751e8b465ee728b)  -> (artifact id: '23aaa503aa1295ec3d8114b338918df2') in 0.005915 seconds 
========================================================================
Received Import Request.
  Time since last request: 342.084442 seconds.
  path: Assets/PNG/Map/Materials/water.mat
  artifactKey: Guid(913a7c99b4c377440b2b5fc8165490c5) Importer(815301076,1909f56bfc062723c751e8b465ee728b)
Start importing Assets/PNG/Map/Materials/water.mat using Guid(913a7c99b4c377440b2b5fc8165490c5) Importer(815301076,1909f56bfc062723c751e8b465ee728b)  -> (artifact id: '38683839f80e026b8cce49d98f6b8515') in 0.052708 seconds 
========================================================================
Received Prepare
Registering precompiled user dll's ...
Registered in 0.004732 seconds.
Begin MonoManager ReloadAssembly
Symbol file LoadedFromMemory doesn't match image D:\workssss\THESIS\Donegeon\Donegeon\Library\PackageCache\com.unity.visualscripting@1.7.8\Editor\VisualScripting.Core\Dependencies\YamlDotNet\Unity.VisualScripting.YamlDotNet.dll
Symbol file LoadedFromMemory doesn't match image D:\workssss\THESIS\Donegeon\Donegeon\Library\PackageCache\com.unity.visualscripting@1.7.8\Editor\VisualScripting.Core\Dependencies\DotNetZip\Unity.VisualScripting.IonicZip.dll
Native extension for WindowsStandalone target not found
Native extension for WebGL target not found
Refreshing native plugins compatible for Editor in 1.00 ms, found 3 plugins.
Preloading 0 native plugins for Editor in 0.00 ms.
Mono: successfully reloaded assembly
- Completed reload, in  2.714 seconds
Domain Reload Profiling:
	ReloadAssembly (2715ms)
		BeginReloadAssembly (142ms)
			ExecutionOrderSort (0ms)
			DisableScriptedObjects (6ms)
			BackupInstance (0ms)
			ReleaseScriptingObjects (0ms)
			CreateAndSetChildDomain (52ms)
		EndReloadAssembly (2445ms)
			LoadAssemblies (80ms)
			RebuildTransferFunctionScriptingTraits (0ms)
			SetupTypeCache (219ms)
			ReleaseScriptCaches (2ms)
			RebuildScriptCaches (46ms)
			SetupLoadedEditorAssemblies (338ms)
				LogAssemblyErrors (0ms)
				InitializePlatformSupportModulesInManaged (13ms)
				SetLoadedEditorAssemblies (0ms)
				RefreshPlugins (1ms)
				BeforeProcessingInitializeOnLoad (59ms)
				ProcessInitializeOnLoadAttributes (200ms)
				ProcessInitializeOnLoadMethodAttributes (61ms)
				AfterProcessingInitializeOnLoad (2ms)
				EditorAssembliesLoaded (0ms)
			ExecutionOrderSort2 (0ms)
			AwakeInstancesAfterBackupRestoration (18ms)
Platform modules already initialized, skipping
Refreshing native plugins compatible for Editor in 2.34 ms, found 3 plugins.
Preloading 0 native plugins for Editor in 0.00 ms.
Unloading 5620 Unused Serialized files (Serialized files now loaded: 0)
Unloading 29 unused Assets / (0.7 MB). Loaded Objects now: 6462.
Memory consumption went from 225.8 MB to 225.1 MB.
Total: 69.993300 ms (FindLiveObjects: 0.373800 ms CreateObjectMapping: 0.207300 ms MarkObjects: 69.074000 ms  DeleteObjects: 0.337000 ms)

AssetImportParameters requested are different than current active one (requested -> active):
  custom:video-decoder-ogg-theora: a1e56fd34408186e4bbccfd4996cb3dc -> 
  custom:container-muxer-webm: aa71ff27fc2769a1b78a27578f13a17b -> 
  custom:container-demuxer-webm: 4f35f7cbe854078d1ac9338744f61a02 -> 
  custom:video-encoder-webm-vp8: eb34c28f22e8b96e1ab97ce403110664 -> 
  custom:audio-encoder-webm-vorbis: bf7c407c2cedff20999df2af8eb42d56 -> 
  custom:framework-win-MediaFoundation: 216162199b28c13a410421893ffa2e32 -> 
  custom:container-demuxer-ogg: 62fdf1f143b41e24485cea50d1cbac27 -> 
  custom:video-decoder-webm-vp8: 9c59270c3fd7afecdb556c50c9e8de78 -> 
  custom:audio-decoder-ogg-vorbis: bf7c407c2cedff20999df2af8eb42d56 -> 
