Using pre-set license
Built from '2021.3/staging' branch; Version is '2021.3.6f1 (7da38d85baf6) revision 8233869'; Using compiler version '192829333'; Build Type 'Release'
OS: 'Windows 10  (10.0.19044) 64bit CoreSingleLanguage' Language: 'en' Physical Memory: 7893 MB
BatchMode: 1, IsHumanControllingUs: 0, StartBugReporterOnCrash: 0, Is64bit: 1, IsPro: 1

COMMAND LINE ARGUMENTS:
D:\workssss\game design\GD4\2021.3.6f1\Editor\Unity.exe
-adb2
-batchMode
-noUpm
-name
AssetImportWorker2
-projectPath
D:/workssss/THESIS/Donegeon/Donegeon
-logFile
Logs/AssetImportWorker2.log
-srvPort
55309
Successfully changed project path to: D:/workssss/THESIS/Donegeon/Donegeon
D:/workssss/THESIS/Donegeon/Donegeon
[UnityMemory] Configuration Parameters - Can be set up in boot.config
    "memorysetup-bucket-allocator-granularity=16"
    "memorysetup-bucket-allocator-bucket-count=8"
    "memorysetup-bucket-allocator-block-size=33554432"
    "memorysetup-bucket-allocator-block-count=8"
    "memorysetup-main-allocator-block-size=16777216"
    "memorysetup-thread-allocator-block-size=16777216"
    "memorysetup-gfx-main-allocator-block-size=16777216"
    "memorysetup-gfx-thread-allocator-block-size=16777216"
    "memorysetup-cache-allocator-block-size=4194304"
    "memorysetup-typetree-allocator-block-size=2097152"
    "memorysetup-profiler-bucket-allocator-granularity=16"
    "memorysetup-profiler-bucket-allocator-bucket-count=8"
    "memorysetup-profiler-bucket-allocator-block-size=33554432"
    "memorysetup-profiler-bucket-allocator-block-count=8"
    "memorysetup-profiler-allocator-block-size=16777216"
    "memorysetup-profiler-editor-allocator-block-size=1048576"
    "memorysetup-temp-allocator-size-main=16777216"
    "memorysetup-job-temp-allocator-block-size=2097152"
    "memorysetup-job-temp-allocator-block-size-background=1048576"
    "memorysetup-job-temp-allocator-reduction-small-platforms=262144"
    "memorysetup-temp-allocator-size-background-worker=32768"
    "memorysetup-temp-allocator-size-job-worker=262144"
    "memorysetup-temp-allocator-size-preload-manager=33554432"
    "memorysetup-temp-allocator-size-nav-mesh-worker=65536"
    "memorysetup-temp-allocator-size-audio-worker=65536"
    "memorysetup-temp-allocator-size-cloud-worker=32768"
    "memorysetup-temp-allocator-size-gi-baking-worker=262144"
    "memorysetup-temp-allocator-size-gfx=262144"
Default GameObject BitMask: Water already registered
Refreshing native plugins compatible for Editor in 96.58 ms, found 3 plugins.
Preloading 0 native plugins for Editor in 0.00 ms.
Initialize engine version: 2021.3.6f1 (7da38d85baf6)
[Subsystems] Discovering subsystems at path D:/workssss/game design/GD4/2021.3.6f1/Editor/Data/Resources/UnitySubsystems
[Subsystems] Discovering subsystems at path D:/workssss/THESIS/Donegeon/Donegeon/Assets
GfxDevice: creating device client; threaded=0; jobified=0
Direct3D:
    Version:  Direct3D 11.0 [level 11.1]
    Renderer: NVIDIA GeForce RTX 3050 Laptop GPU (ID=0x25a5)
    Vendor:   NVIDIA
    VRAM:     3991 MB
    Driver:   27.21.14.6221
Initialize mono
Mono path[0] = 'D:/workssss/game design/GD4/2021.3.6f1/Editor/Data/Managed'
Mono path[1] = 'D:/workssss/game design/GD4/2021.3.6f1/Editor/Data/MonoBleedingEdge/lib/mono/unityjit-win32'
Mono config path = 'D:/workssss/game design/GD4/2021.3.6f1/Editor/Data/MonoBleedingEdge/etc'
Using monoOptions --debugger-agent=transport=dt_socket,embedding=1,server=y,suspend=n,address=127.0.0.1:56072
Begin MonoManager ReloadAssembly
Registering precompiled unity dll's ...
Register platform support module: D:/workssss/game design/GD4/2021.3.6f1/Editor/Data/PlaybackEngines/WebGLSupport/UnityEditor.WebGL.Extensions.dll
Register platform support module: D:/workssss/game design/GD4/2021.3.6f1/Editor/Data/PlaybackEngines/WindowsStandaloneSupport/UnityEditor.WindowsStandalone.Extensions.dll
Registered in 0.004018 seconds.
Native extension for WindowsStandalone target not found
Native extension for WebGL target not found
Refreshing native plugins compatible for Editor in 116.04 ms, found 3 plugins.
Preloading 0 native plugins for Editor in 0.00 ms.
Mono: successfully reloaded assembly
- Completed reload, in  0.647 seconds
Domain Reload Profiling:
	ReloadAssembly (648ms)
		BeginReloadAssembly (72ms)
			ExecutionOrderSort (0ms)
			DisableScriptedObjects (0ms)
			BackupInstance (0ms)
			ReleaseScriptingObjects (0ms)
			CreateAndSetChildDomain (1ms)
		EndReloadAssembly (478ms)
			LoadAssemblies (73ms)
			RebuildTransferFunctionScriptingTraits (0ms)
			SetupTypeCache (106ms)
			ReleaseScriptCaches (0ms)
			RebuildScriptCaches (26ms)
			SetupLoadedEditorAssemblies (299ms)
				LogAssemblyErrors (0ms)
				InitializePlatformSupportModulesInManaged (8ms)
				SetLoadedEditorAssemblies (0ms)
				RefreshPlugins (163ms)
				BeforeProcessingInitializeOnLoad (1ms)
				ProcessInitializeOnLoadAttributes (90ms)
				ProcessInitializeOnLoadMethodAttributes (36ms)
				AfterProcessingInitializeOnLoad (0ms)
				EditorAssembliesLoaded (0ms)
			ExecutionOrderSort2 (0ms)
			AwakeInstancesAfterBackupRestoration (0ms)
Platform modules already initialized, skipping
Registering precompiled user dll's ...
Registered in 0.005330 seconds.
Begin MonoManager ReloadAssembly
Symbol file LoadedFromMemory doesn't match image D:\workssss\THESIS\Donegeon\Donegeon\Library\PackageCache\com.unity.visualscripting@1.7.8\Editor\VisualScripting.Core\Dependencies\YamlDotNet\Unity.VisualScripting.YamlDotNet.dll
Symbol file LoadedFromMemory doesn't match image D:\workssss\THESIS\Donegeon\Donegeon\Library\PackageCache\com.unity.visualscripting@1.7.8\Editor\VisualScripting.Core\Dependencies\DotNetZip\Unity.VisualScripting.IonicZip.dll
Native extension for WindowsStandalone target not found
Native extension for WebGL target not found
Refreshing native plugins compatible for Editor in 116.21 ms, found 3 plugins.
Preloading 0 native plugins for Editor in 0.00 ms.
Mono: successfully reloaded assembly
- Completed reload, in  2.771 seconds
Domain Reload Profiling:
	ReloadAssembly (2772ms)
		BeginReloadAssembly (93ms)
			ExecutionOrderSort (0ms)
			DisableScriptedObjects (5ms)
			BackupInstance (0ms)
			ReleaseScriptingObjects (0ms)
			CreateAndSetChildDomain (15ms)
		EndReloadAssembly (2510ms)
			LoadAssemblies (1189ms)
			RebuildTransferFunctionScriptingTraits (0ms)
			SetupTypeCache (264ms)
			ReleaseScriptCaches (1ms)
			RebuildScriptCaches (67ms)
			SetupLoadedEditorAssemblies (917ms)
				LogAssemblyErrors (0ms)
				InitializePlatformSupportModulesInManaged (4ms)
				SetLoadedEditorAssemblies (0ms)
				RefreshPlugins (116ms)
				BeforeProcessingInitializeOnLoad (97ms)
				ProcessInitializeOnLoadAttributes (558ms)
				ProcessInitializeOnLoadMethodAttributes (139ms)
				AfterProcessingInitializeOnLoad (2ms)
				EditorAssembliesLoaded (0ms)
			ExecutionOrderSort2 (0ms)
			AwakeInstancesAfterBackupRestoration (5ms)
Platform modules already initialized, skipping
========================================================================
Worker process is ready to serve import requests
Default GameObject BitMask: Water already registered
Launched and connected shader compiler UnityShaderCompiler.exe after 0.18 seconds
Refreshing native plugins compatible for Editor in 1.21 ms, found 3 plugins.
Preloading 0 native plugins for Editor in 0.00 ms.
Unloading 5777 Unused Serialized files (Serialized files now loaded: 0)
Unloading 38 unused Assets / (0.7 MB). Loaded Objects now: 6234.
Memory consumption went from 229.6 MB to 228.8 MB.
Total: 5.077300 ms (FindLiveObjects: 0.605100 ms CreateObjectMapping: 0.334700 ms MarkObjects: 3.716600 ms  DeleteObjects: 0.419500 ms)

AssetImportParameters requested are different than current active one (requested -> active):
  custom:video-decoder-ogg-theora: a1e56fd34408186e4bbccfd4996cb3dc -> 
  custom:container-muxer-webm: aa71ff27fc2769a1b78a27578f13a17b -> 
  custom:container-demuxer-webm: 4f35f7cbe854078d1ac9338744f61a02 -> 
  custom:video-encoder-webm-vp8: eb34c28f22e8b96e1ab97ce403110664 -> 
  custom:audio-encoder-webm-vorbis: bf7c407c2cedff20999df2af8eb42d56 -> 
  custom:framework-win-MediaFoundation: 216162199b28c13a410421893ffa2e32 -> 
  custom:container-demuxer-ogg: 62fdf1f143b41e24485cea50d1cbac27 -> 
  custom:video-decoder-webm-vp8: 9c59270c3fd7afecdb556c50c9e8de78 -> 
  custom:audio-decoder-ogg-vorbis: bf7c407c2cedff20999df2af8eb42d56 -> 
========================================================================
Received Import Request.
  Time since last request: 10055.779208 seconds.
  path: Assets/Materials/tile 2.mat
  artifactKey: Guid(b40f81020d13ecb4ebbed06b06f74fae) Importer(815301076,1909f56bfc062723c751e8b465ee728b)
Start importing Assets/Materials/tile 2.mat using Guid(b40f81020d13ecb4ebbed06b06f74fae) Importer(815301076,1909f56bfc062723c751e8b465ee728b)  -> (artifact id: 'd46ea54ddb0a437602b1ed377196c9ab') in 1.656691 seconds 
========================================================================
Received Import Request.
  Time since last request: 0.000046 seconds.
  path: Assets/Materials/waterPool.mat
  artifactKey: Guid(ffd7d437b05b8ec41bcadc7835da1604) Importer(815301076,1909f56bfc062723c751e8b465ee728b)
Start importing Assets/Materials/waterPool.mat using Guid(ffd7d437b05b8ec41bcadc7835da1604) Importer(815301076,1909f56bfc062723c751e8b465ee728b)  -> (artifact id: '6980f793de659efce3dcf819f2f65d4d') in 0.180122 seconds 
========================================================================
Received Import Request.
  Time since last request: 0.000037 seconds.
  path: Assets/Materials/Pillar.mat
  artifactKey: Guid(70e7ecf8d5539c241a7cb24a4b40e215) Importer(815301076,1909f56bfc062723c751e8b465ee728b)
Start importing Assets/Materials/Pillar.mat using Guid(70e7ecf8d5539c241a7cb24a4b40e215) Importer(815301076,1909f56bfc062723c751e8b465ee728b)  -> (artifact id: 'a2bb41907db5671e4db50522ee921f9f') in 3.033390 seconds 
========================================================================
Received Import Request.
  Time since last request: 0.000033 seconds.
  path: Assets/Materials/Tile_floor4.mat
  artifactKey: Guid(49aa5fb8817db254982bb7022559dbd2) Importer(815301076,1909f56bfc062723c751e8b465ee728b)
Start importing Assets/Materials/Tile_floor4.mat using Guid(49aa5fb8817db254982bb7022559dbd2) Importer(815301076,1909f56bfc062723c751e8b465ee728b)  -> (artifact id: '7ad4e1c565bf43c136302e56856da5ae') in 0.064549 seconds 
========================================================================
Received Import Request.
  Time since last request: 0.000038 seconds.
  path: Assets/Materials/Brick_wall2.mat
  artifactKey: Guid(5153810fcafc7b34ab85e8fa638391a2) Importer(815301076,1909f56bfc062723c751e8b465ee728b)
Start importing Assets/Materials/Brick_wall2.mat using Guid(5153810fcafc7b34ab85e8fa638391a2) Importer(815301076,1909f56bfc062723c751e8b465ee728b)  -> (artifact id: '5575f1783a391cff41c488044c5d169e') in 0.158448 seconds 
========================================================================
Received Import Request.
  Time since last request: 0.000037 seconds.
  path: Assets/Materials/tile4.mat
  artifactKey: Guid(d1a6cff838161ae4e8ec345756504a21) Importer(815301076,1909f56bfc062723c751e8b465ee728b)
Start importing Assets/Materials/tile4.mat using Guid(d1a6cff838161ae4e8ec345756504a21) Importer(815301076,1909f56bfc062723c751e8b465ee728b)  -> (artifact id: 'c1b8750bea931e8959a5d965c2878eca') in 0.103777 seconds 
========================================================================
Received Import Request.
  Time since last request: 0.000056 seconds.
  path: Assets/Materials/tile 8.mat
  artifactKey: Guid(6b3e6175cdce69946ab052276a279a15) Importer(815301076,1909f56bfc062723c751e8b465ee728b)
Start importing Assets/Materials/tile 8.mat using Guid(6b3e6175cdce69946ab052276a279a15) Importer(815301076,1909f56bfc062723c751e8b465ee728b)  -> (artifact id: '84d7540131348affea7b9010a1745625') in 0.048295 seconds 
========================================================================
Received Import Request.
  Time since last request: 0.000025 seconds.
  path: Assets/Materials/blood_texture2.mat
  artifactKey: Guid(a7b9c0b0ec7ae344397c6e284b828070) Importer(815301076,1909f56bfc062723c751e8b465ee728b)
Start importing Assets/Materials/blood_texture2.mat using Guid(a7b9c0b0ec7ae344397c6e284b828070) Importer(815301076,1909f56bfc062723c751e8b465ee728b)  -> (artifact id: 'dcf840afe9eaf41b17c669004a1fb601') in 0.061680 seconds 
========================================================================
Received Import Request.
  Time since last request: 0.000022 seconds.
  path: Assets/Materials/smallPillar.mat
  artifactKey: Guid(bff5e00ea27279f48a579fe69fc411b6) Importer(815301076,1909f56bfc062723c751e8b465ee728b)
Start importing Assets/Materials/smallPillar.mat using Guid(bff5e00ea27279f48a579fe69fc411b6) Importer(815301076,1909f56bfc062723c751e8b465ee728b)  -> (artifact id: '1203acbf24058553e97864d6cee9f5e1') in 0.114902 seconds 
========================================================================
Received Import Request.
  Time since last request: 0.000038 seconds.
  path: Assets/Materials/tile2.mat
  artifactKey: Guid(58f9695c1a0531f4cacc9b6283f3f0c2) Importer(815301076,1909f56bfc062723c751e8b465ee728b)
Start importing Assets/Materials/tile2.mat using Guid(58f9695c1a0531f4cacc9b6283f3f0c2) Importer(815301076,1909f56bfc062723c751e8b465ee728b)  -> (artifact id: 'ccdbc94f6cd10d4a5d09eb412579fef5') in 0.047812 seconds 
========================================================================
Received Import Request.
  Time since last request: 0.000137 seconds.
  path: Assets/Materials/Chandelier.mat
  artifactKey: Guid(717023bc6b0a1ed44a6ca570dfbf5f6a) Importer(815301076,1909f56bfc062723c751e8b465ee728b)
Start importing Assets/Materials/Chandelier.mat using Guid(717023bc6b0a1ed44a6ca570dfbf5f6a) Importer(815301076,1909f56bfc062723c751e8b465ee728b)  -> (artifact id: 'c2171f7e81f5fbab37490ec7cf75325b') in 0.058738 seconds 
========================================================================
Received Import Request.
  Time since last request: 0.000071 seconds.
  path: Assets/Materials/Door.mat
  artifactKey: Guid(18559f31a76800b49af47b36723d8bba) Importer(815301076,1909f56bfc062723c751e8b465ee728b)
Start importing Assets/Materials/Door.mat using Guid(18559f31a76800b49af47b36723d8bba) Importer(815301076,1909f56bfc062723c751e8b465ee728b)  -> (artifact id: '3fd1038a82fcf0e29bf270aba50e68b0') in 0.045214 seconds 
========================================================================
Received Import Request.
  Time since last request: 0.000027 seconds.
  path: Assets/Materials/Door&Gate 1.mat
  artifactKey: Guid(0cb03a2aa0fb83e4a81a3fee810cda79) Importer(815301076,1909f56bfc062723c751e8b465ee728b)
Start importing Assets/Materials/Door&Gate 1.mat using Guid(0cb03a2aa0fb83e4a81a3fee810cda79) Importer(815301076,1909f56bfc062723c751e8b465ee728b)  -> (artifact id: '491b5c098d1489be16a6e97837720366') in 0.112234 seconds 
========================================================================
Received Import Request.
  Time since last request: 0.000029 seconds.
  path: Assets/Materials/Tile_floor1.mat
  artifactKey: Guid(5cbef24ec85170e44980eb94b7240aaf) Importer(815301076,1909f56bfc062723c751e8b465ee728b)
Start importing Assets/Materials/Tile_floor1.mat using Guid(5cbef24ec85170e44980eb94b7240aaf) Importer(815301076,1909f56bfc062723c751e8b465ee728b)  -> (artifact id: '519fb3080d7413378a1d1dd90c1e6b2e') in 0.178294 seconds 
========================================================================
Received Import Request.
  Time since last request: 0.000050 seconds.
  path: Assets/Materials/Lava1.mat
  artifactKey: Guid(82f03748ca443884f801059f9c9e2a6c) Importer(815301076,1909f56bfc062723c751e8b465ee728b)
Start importing Assets/Materials/Lava1.mat using Guid(82f03748ca443884f801059f9c9e2a6c) Importer(815301076,1909f56bfc062723c751e8b465ee728b)  -> (artifact id: '75ca01ad575c1f5cbcd15084d00d69fe') in 0.058773 seconds 
========================================================================
Received Import Request.
  Time since last request: 0.000033 seconds.
  path: Assets/Materials/Beam.mat
  artifactKey: Guid(7dc0a442d2ff8a34cab1dd35792d15ec) Importer(815301076,1909f56bfc062723c751e8b465ee728b)
Start importing Assets/Materials/Beam.mat using Guid(7dc0a442d2ff8a34cab1dd35792d15ec) Importer(815301076,1909f56bfc062723c751e8b465ee728b)  -> (artifact id: 'efbdf455e30fb0209b16e298f694c2f7') in 0.076247 seconds 
========================================================================
Received Import Request.
  Time since last request: 0.000089 seconds.
  path: Assets/Materials/tile 5.mat
  artifactKey: Guid(8145452ee152c854aa72e658fa19c7c5) Importer(815301076,1909f56bfc062723c751e8b465ee728b)
Start importing Assets/Materials/tile 5.mat using Guid(8145452ee152c854aa72e658fa19c7c5) Importer(815301076,1909f56bfc062723c751e8b465ee728b)  -> (artifact id: 'e790cda4621177db46df6c2fdd0a743c') in 0.088659 seconds 
========================================================================
Received Import Request.
  Time since last request: 0.000070 seconds.
  path: Assets/Materials/tile 9.mat
  artifactKey: Guid(20966a52531086145a1f20a6b972fe7b) Importer(815301076,1909f56bfc062723c751e8b465ee728b)
Start importing Assets/Materials/tile 9.mat using Guid(20966a52531086145a1f20a6b972fe7b) Importer(815301076,1909f56bfc062723c751e8b465ee728b)  -> (artifact id: '3556b526e4c57683c6a7ed3ef2bbfacb') in 0.040512 seconds 
========================================================================
Received Import Request.
  Time since last request: 0.000086 seconds.
  path: Assets/Materials/woodBox.mat
  artifactKey: Guid(6bf3a35fe708eeb44886616826a93327) Importer(815301076,1909f56bfc062723c751e8b465ee728b)
Start importing Assets/Materials/woodBox.mat using Guid(6bf3a35fe708eeb44886616826a93327) Importer(815301076,1909f56bfc062723c751e8b465ee728b)  -> (artifact id: 'bf72481519674d0fdd662837fc40eb92') in 0.079953 seconds 
========================================================================
Received Import Request.
  Time since last request: 0.000168 seconds.
  path: Assets/Materials/Brick_wall3.mat
  artifactKey: Guid(aef83fe305600bd4da4e70536e66ec31) Importer(815301076,1909f56bfc062723c751e8b465ee728b)
Start importing Assets/Materials/Brick_wall3.mat using Guid(aef83fe305600bd4da4e70536e66ec31) Importer(815301076,1909f56bfc062723c751e8b465ee728b)  -> (artifact id: '0ffd5c78ef411c770eda05f7187b5654') in 0.106332 seconds 
========================================================================
Received Import Request.
  Time since last request: 0.000039 seconds.
  path: Assets/Materials/book.mat
  artifactKey: Guid(4aefc0c8ba1a9b643b837613fb4ee50f) Importer(815301076,1909f56bfc062723c751e8b465ee728b)
Start importing Assets/Materials/book.mat using Guid(4aefc0c8ba1a9b643b837613fb4ee50f) Importer(815301076,1909f56bfc062723c751e8b465ee728b)  -> (artifact id: '0f44f7b49cfb2b80e95f955a8bc5be91') in 0.062587 seconds 
========================================================================
Received Import Request.
  Time since last request: 0.000032 seconds.
  path: Assets/Materials/Pool.mat
  artifactKey: Guid(2284ca6c162783a46a4c25fb8bf79a65) Importer(815301076,1909f56bfc062723c751e8b465ee728b)
Start importing Assets/Materials/Pool.mat using Guid(2284ca6c162783a46a4c25fb8bf79a65) Importer(815301076,1909f56bfc062723c751e8b465ee728b)  -> (artifact id: '96cd3a4d8c26979b7f117b1622e94e1f') in 0.106971 seconds 
========================================================================
Received Import Request.
  Time since last request: 0.000028 seconds.
  path: Assets/Materials/Broken_Brick_wall3.mat
  artifactKey: Guid(b55fa6d5e8229cb4186530ab88c565bc) Importer(815301076,1909f56bfc062723c751e8b465ee728b)
Start importing Assets/Materials/Broken_Brick_wall3.mat using Guid(b55fa6d5e8229cb4186530ab88c565bc) Importer(815301076,1909f56bfc062723c751e8b465ee728b)  -> (artifact id: '3a9f4bf7d5e8493eaf7a67ce770cb297') in 0.075582 seconds 
========================================================================
Received Import Request.
  Time since last request: 0.000040 seconds.
  path: Assets/Materials/goblin.mat
  artifactKey: Guid(6b97c76c04064fa42b0420c78072b377) Importer(815301076,1909f56bfc062723c751e8b465ee728b)
Start importing Assets/Materials/goblin.mat using Guid(6b97c76c04064fa42b0420c78072b377) Importer(815301076,1909f56bfc062723c751e8b465ee728b)  -> (artifact id: '77d8d1c47fd20c9f582e762588f47685') in 0.128723 seconds 
========================================================================
Received Import Request.
  Time since last request: 0.000026 seconds.
  path: Assets/Materials/water.mat
  artifactKey: Guid(913a7c99b4c377440b2b5fc8165490c5) Importer(815301076,1909f56bfc062723c751e8b465ee728b)
Start importing Assets/Materials/water.mat using Guid(913a7c99b4c377440b2b5fc8165490c5) Importer(815301076,1909f56bfc062723c751e8b465ee728b)  -> (artifact id: '649acb523b5beb1d550f06ab0b1d68cc') in 0.110822 seconds 
========================================================================
Received Import Request.
  Time since last request: 0.000027 seconds.
  path: Assets/Materials/Door&Gate.mat
  artifactKey: Guid(c1b8b47df11a6d148a9ee61cd35522b5) Importer(815301076,1909f56bfc062723c751e8b465ee728b)
Start importing Assets/Materials/Door&Gate.mat using Guid(c1b8b47df11a6d148a9ee61cd35522b5) Importer(815301076,1909f56bfc062723c751e8b465ee728b)  -> (artifact id: 'eef4d96d15ef07b58120382dd637b4c9') in 0.081002 seconds 
========================================================================
Received Import Request.
  Time since last request: 0.000031 seconds.
  path: Assets/Materials/blood_splash3.mat
  artifactKey: Guid(cfd8cfb2ac5bf3440a33c42610cfbd35) Importer(815301076,1909f56bfc062723c751e8b465ee728b)
Start importing Assets/Materials/blood_splash3.mat using Guid(cfd8cfb2ac5bf3440a33c42610cfbd35) Importer(815301076,1909f56bfc062723c751e8b465ee728b)  -> (artifact id: '69adc7d34a6ad89a542af5a15864e808') in 0.073147 seconds 
========================================================================
Received Import Request.
  Time since last request: 0.000021 seconds.
  path: Assets/Materials/Stair.mat
  artifactKey: Guid(5ded547386bb0b5418d8a52d6d96a44f) Importer(815301076,1909f56bfc062723c751e8b465ee728b)
Start importing Assets/Materials/Stair.mat using Guid(5ded547386bb0b5418d8a52d6d96a44f) Importer(815301076,1909f56bfc062723c751e8b465ee728b)  -> (artifact id: '57a67014696fffcb8c45ce8a4b55f40b') in 0.083812 seconds 
========================================================================
Received Import Request.
  Time since last request: 0.000024 seconds.
  path: Assets/Materials/tile 4.mat
  artifactKey: Guid(03a35514ef9eb194db80f093e4cf74b4) Importer(815301076,1909f56bfc062723c751e8b465ee728b)
Start importing Assets/Materials/tile 4.mat using Guid(03a35514ef9eb194db80f093e4cf74b4) Importer(815301076,1909f56bfc062723c751e8b465ee728b)  -> (artifact id: '397041636e5dc97eea18a4d9e3e61b88') in 0.038274 seconds 
========================================================================
Received Import Request.
  Time since last request: 0.000032 seconds.
  path: Assets/Materials/tile 6.mat
  artifactKey: Guid(33d311e12d60d2f46a88b116921d93a2) Importer(815301076,1909f56bfc062723c751e8b465ee728b)
Start importing Assets/Materials/tile 6.mat using Guid(33d311e12d60d2f46a88b116921d93a2) Importer(815301076,1909f56bfc062723c751e8b465ee728b)  -> (artifact id: '5b1f4daa21fa15ee866f14e76620f615') in 0.070876 seconds 
========================================================================
Received Import Request.
  Time since last request: 0.000036 seconds.
  path: Assets/Materials/tile 3.mat
  artifactKey: Guid(4bcc19176dc1bd24aabc04f80254a229) Importer(815301076,1909f56bfc062723c751e8b465ee728b)
Start importing Assets/Materials/tile 3.mat using Guid(4bcc19176dc1bd24aabc04f80254a229) Importer(815301076,1909f56bfc062723c751e8b465ee728b)  -> (artifact id: '334b2c292eb0a63d21492e2bfb179d93') in 0.053502 seconds 
========================================================================
Received Import Request.
  Time since last request: 0.000038 seconds.
  path: Assets/Materials/tile3.mat
  artifactKey: Guid(cf63b0e40620a2f419219ef75d25328d) Importer(815301076,1909f56bfc062723c751e8b465ee728b)
Start importing Assets/Materials/tile3.mat using Guid(cf63b0e40620a2f419219ef75d25328d) Importer(815301076,1909f56bfc062723c751e8b465ee728b)  -> (artifact id: '9052a51e2a15ff38c06e44cfe8862ca6') in 0.050395 seconds 
========================================================================
Received Import Request.
  Time since last request: 0.000032 seconds.
  path: Assets/Materials/blood6.mat
  artifactKey: Guid(ed5d2acec6bb27847b68eb47db61e20e) Importer(815301076,1909f56bfc062723c751e8b465ee728b)
Start importing Assets/Materials/blood6.mat using Guid(ed5d2acec6bb27847b68eb47db61e20e) Importer(815301076,1909f56bfc062723c751e8b465ee728b)  -> (artifact id: 'c589dd47c07515d91a5507e3a666f1d8') in 0.046426 seconds 
========================================================================
Received Import Request.
  Time since last request: 0.000029 seconds.
  path: Assets/Materials/Tile_floor2.mat
  artifactKey: Guid(f1529d72e389c3f4a8065df4072ce296) Importer(815301076,1909f56bfc062723c751e8b465ee728b)
Start importing Assets/Materials/Tile_floor2.mat using Guid(f1529d72e389c3f4a8065df4072ce296) Importer(815301076,1909f56bfc062723c751e8b465ee728b)  -> (artifact id: 'af3f04a3f2966212a2742dd99bdb2059') in 0.070728 seconds 
========================================================================
Received Import Request.
  Time since last request: 0.000034 seconds.
  path: Assets/Materials/book_alpha.mat
  artifactKey: Guid(f62ff82f5d62b6340a02d51ebf4f051b) Importer(815301076,1909f56bfc062723c751e8b465ee728b)
Start importing Assets/Materials/book_alpha.mat using Guid(f62ff82f5d62b6340a02d51ebf4f051b) Importer(815301076,1909f56bfc062723c751e8b465ee728b)  -> (artifact id: 'ef81853ce211e1f653b00e87059b3602') in 0.071630 seconds 
========================================================================
Received Import Request.
  Time since last request: 0.000068 seconds.
  path: Assets/Materials/woodShelf.mat
  artifactKey: Guid(0cef38cd41d4d1941ae499f5a7a7c576) Importer(815301076,1909f56bfc062723c751e8b465ee728b)
Start importing Assets/Materials/woodShelf.mat using Guid(0cef38cd41d4d1941ae499f5a7a7c576) Importer(815301076,1909f56bfc062723c751e8b465ee728b)  -> (artifact id: 'a5f2203f5ed3e6a137a37c795ed564c4') in 0.102972 seconds 
========================================================================
Received Import Request.
  Time since last request: 0.000024 seconds.
  path: Assets/Materials/Tile_floor3.mat
  artifactKey: Guid(91cfbae5f700dbe4fab8e277b24dd50d) Importer(815301076,1909f56bfc062723c751e8b465ee728b)
Start importing Assets/Materials/Tile_floor3.mat using Guid(91cfbae5f700dbe4fab8e277b24dd50d) Importer(815301076,1909f56bfc062723c751e8b465ee728b)  -> (artifact id: 'c65c7b7ea46a9d01baad193df274734e') in 0.040581 seconds 
========================================================================
Received Import Request.
  Time since last request: 0.000034 seconds.
  path: Assets/Materials/Lava2.mat
  artifactKey: Guid(0930e903b6e51e6419bc257a1be06e25) Importer(815301076,1909f56bfc062723c751e8b465ee728b)
Start importing Assets/Materials/Lava2.mat using Guid(0930e903b6e51e6419bc257a1be06e25) Importer(815301076,1909f56bfc062723c751e8b465ee728b)  -> (artifact id: '222fc311eb24db1f0cb594b7d2797bd2') in 0.088539 seconds 
========================================================================
Received Import Request.
  Time since last request: 0.000039 seconds.
  path: Assets/Materials/Lava3.mat
  artifactKey: Guid(c8fc1f408b23dec4489236677f3b71dd) Importer(815301076,1909f56bfc062723c751e8b465ee728b)
Start importing Assets/Materials/Lava3.mat using Guid(c8fc1f408b23dec4489236677f3b71dd) Importer(815301076,1909f56bfc062723c751e8b465ee728b)  -> (artifact id: 'b8fab91de10af2d07042dc88a78c3ff8') in 0.113433 seconds 
========================================================================
Received Import Request.
  Time since last request: 0.000047 seconds.
  path: Assets/Materials/tile 10.mat
  artifactKey: Guid(93d8fc001031f20409cb9d6ff6424a95) Importer(815301076,1909f56bfc062723c751e8b465ee728b)
Start importing Assets/Materials/tile 10.mat using Guid(93d8fc001031f20409cb9d6ff6424a95) Importer(815301076,1909f56bfc062723c751e8b465ee728b)  -> (artifact id: 'c7ce0fedbe66f0e059d47e9116f8ea25') in 0.084299 seconds 
========================================================================
Received Import Request.
  Time since last request: 0.000023 seconds.
  path: Assets/Materials/Candle.mat
  artifactKey: Guid(e181043f9e079db47b7ff743d49d69f0) Importer(815301076,1909f56bfc062723c751e8b465ee728b)
Start importing Assets/Materials/Candle.mat using Guid(e181043f9e079db47b7ff743d49d69f0) Importer(815301076,1909f56bfc062723c751e8b465ee728b)  -> (artifact id: '4d9e3569bbbe6124431392d71b7fa305') in 0.072464 seconds 
========================================================================
Received Import Request.
  Time since last request: 0.000043 seconds.
  path: Assets/Materials/Brick_wall1.mat
  artifactKey: Guid(f6145e483179b194487734e38ef9e322) Importer(815301076,1909f56bfc062723c751e8b465ee728b)
Start importing Assets/Materials/Brick_wall1.mat using Guid(f6145e483179b194487734e38ef9e322) Importer(815301076,1909f56bfc062723c751e8b465ee728b)  -> (artifact id: 'bec404ac3ec930f3df24cdadd5d86015') in 0.026820 seconds 
========================================================================
Received Import Request.
  Time since last request: 0.000025 seconds.
  path: Assets/Materials/tile 7.mat
  artifactKey: Guid(760b5bb8a39d7fa4ab2bd2b226f56926) Importer(815301076,1909f56bfc062723c751e8b465ee728b)
Start importing Assets/Materials/tile 7.mat using Guid(760b5bb8a39d7fa4ab2bd2b226f56926) Importer(815301076,1909f56bfc062723c751e8b465ee728b)  -> (artifact id: '7f7172371f2acfbe120db1800f67b124') in 0.028959 seconds 
========================================================================
Received Import Request.
  Time since last request: 0.000025 seconds.
  path: Assets/Materials/tile.mat
  artifactKey: Guid(8ef6738e00e889a4e843394a85f8efc6) Importer(815301076,1909f56bfc062723c751e8b465ee728b)
Start importing Assets/Materials/tile.mat using Guid(8ef6738e00e889a4e843394a85f8efc6) Importer(815301076,1909f56bfc062723c751e8b465ee728b)  -> (artifact id: '2ed00d2825a628268df1a69909875dba') in 0.029875 seconds 
========================================================================
Received Import Request.
  Time since last request: 0.000022 seconds.
  path: Assets/Materials/tile 1.mat
  artifactKey: Guid(37bedd64f9687934d8372c5cbcfb6b2a) Importer(815301076,1909f56bfc062723c751e8b465ee728b)
Start importing Assets/Materials/tile 1.mat using Guid(37bedd64f9687934d8372c5cbcfb6b2a) Importer(815301076,1909f56bfc062723c751e8b465ee728b)  -> (artifact id: 'f5bd22780eb11016ce8b7144872a3938') in 0.029203 seconds 
========================================================================
Received Import Request.
  Time since last request: 0.000026 seconds.
  path: Assets/Materials/stone.mat
  artifactKey: Guid(bfd28edf71f95ec4d9dffa7c86ad4657) Importer(815301076,1909f56bfc062723c751e8b465ee728b)
Start importing Assets/Materials/stone.mat using Guid(bfd28edf71f95ec4d9dffa7c86ad4657) Importer(815301076,1909f56bfc062723c751e8b465ee728b)  -> (artifact id: '6b0f25de424e4dac22fc673800a0de4b') in 0.115017 seconds 
